{"/root/.openclaw/workspace/mission-control/api/test-websocket.js": {"path":"/root/.openclaw/workspace/mission-control/api/test-websocket.js","statementMap":{"0":{"start":{"line":7,"column":18},"end":{"line":7,"column":31}},"1":{"start":{"line":10,"column":2},"end":{"line":10,"column":50}},"2":{"start":{"line":13,"column":36},"end":{"line":13,"column":63}},"3":{"start":{"line":15,"column":2},"end":{"line":169,"column":3}},"4":{"start":{"line":16,"column":4},"end":{"line":16,"column":27}},"5":{"start":{"line":17,"column":4},"end":{"line":17,"column":49}},"6":{"start":{"line":20,"column":4},"end":{"line":20,"column":59}},"7":{"start":{"line":20,"column":33},"end":{"line":20,"column":57}},"8":{"start":{"line":23,"column":4},"end":{"line":23,"column":45}},"9":{"start":{"line":24,"column":17},"end":{"line":24,"column":32}},"10":{"start":{"line":26,"column":24},"end":{"line":32,"column":6}},"11":{"start":{"line":27,"column":6},"end":{"line":31,"column":29}},"12":{"start":{"line":28,"column":19},"end":{"line":28,"column":21}},"13":{"start":{"line":29,"column":8},"end":{"line":29,"column":47}},"14":{"start":{"line":29,"column":32},"end":{"line":29,"column":45}},"15":{"start":{"line":30,"column":8},"end":{"line":30,"column":55}},"16":{"start":{"line":30,"column":28},"end":{"line":30,"column":53}},"17":{"start":{"line":34,"column":4},"end":{"line":34,"column":49}},"18":{"start":{"line":35,"column":4},"end":{"line":35,"column":53}},"19":{"start":{"line":36,"column":4},"end":{"line":36,"column":43}},"20":{"start":{"line":39,"column":4},"end":{"line":39,"column":53}},"21":{"start":{"line":41,"column":15},"end":{"line":41,"column":58}},"22":{"start":{"line":43,"column":27},"end":{"line":56,"column":6}},"23":{"start":{"line":44,"column":22},"end":{"line":44,"column":82}},"24":{"start":{"line":44,"column":39},"end":{"line":44,"column":75}},"25":{"start":{"line":47,"column":6},"end":{"line":50,"column":9}},"26":{"start":{"line":48,"column":8},"end":{"line":48,"column":30}},"27":{"start":{"line":49,"column":8},"end":{"line":49,"column":45}},"28":{"start":{"line":52,"column":6},"end":{"line":55,"column":9}},"29":{"start":{"line":53,"column":8},"end":{"line":53,"column":30}},"30":{"start":{"line":54,"column":8},"end":{"line":54,"column":20}},"31":{"start":{"line":58,"column":4},"end":{"line":58,"column":63}},"32":{"start":{"line":59,"column":4},"end":{"line":59,"column":63}},"33":{"start":{"line":62,"column":4},"end":{"line":62,"column":51}},"34":{"start":{"line":64,"column":4},"end":{"line":67,"column":8}},"35":{"start":{"line":69,"column":31},"end":{"line":79,"column":6}},"36":{"start":{"line":70,"column":22},"end":{"line":70,"column":87}},"37":{"start":{"line":70,"column":39},"end":{"line":70,"column":80}},"38":{"start":{"line":72,"column":6},"end":{"line":78,"column":9}},"39":{"start":{"line":73,"column":20},"end":{"line":73,"column":47}},"40":{"start":{"line":74,"column":8},"end":{"line":77,"column":9}},"41":{"start":{"line":75,"column":10},"end":{"line":75,"column":32}},"42":{"start":{"line":76,"column":10},"end":{"line":76,"column":23}},"43":{"start":{"line":81,"column":4},"end":{"line":81,"column":69}},"44":{"start":{"line":82,"column":4},"end":{"line":82,"column":47}},"45":{"start":{"line":85,"column":4},"end":{"line":85,"column":50}},"46":{"start":{"line":88,"column":29},"end":{"line":101,"column":6}},"47":{"start":{"line":89,"column":22},"end":{"line":89,"column":84}},"48":{"start":{"line":89,"column":39},"end":{"line":89,"column":77}},"49":{"start":{"line":91,"column":24},"end":{"line":98,"column":7}},"50":{"start":{"line":92,"column":20},"end":{"line":92,"column":47}},"51":{"start":{"line":93,"column":8},"end":{"line":97,"column":9}},"52":{"start":{"line":94,"column":10},"end":{"line":94,"column":32}},"53":{"start":{"line":95,"column":10},"end":{"line":95,"column":39}},"54":{"start":{"line":96,"column":10},"end":{"line":96,"column":23}},"55":{"start":{"line":100,"column":6},"end":{"line":100,"column":34}},"56":{"start":{"line":104,"column":4},"end":{"line":104,"column":74}},"57":{"start":{"line":106,"column":30},"end":{"line":106,"column":52}},"58":{"start":{"line":108,"column":4},"end":{"line":108,"column":61}},"59":{"start":{"line":109,"column":4},"end":{"line":109,"column":61}},"60":{"start":{"line":110,"column":4},"end":{"line":110,"column":42}},"61":{"start":{"line":113,"column":4},"end":{"line":113,"column":42}},"62":{"start":{"line":115,"column":4},"end":{"line":115,"column":46}},"63":{"start":{"line":117,"column":25},"end":{"line":130,"column":6}},"64":{"start":{"line":118,"column":22},"end":{"line":118,"column":79}},"65":{"start":{"line":118,"column":39},"end":{"line":118,"column":72}},"66":{"start":{"line":120,"column":24},"end":{"line":127,"column":7}},"67":{"start":{"line":121,"column":20},"end":{"line":121,"column":47}},"68":{"start":{"line":122,"column":8},"end":{"line":126,"column":9}},"69":{"start":{"line":123,"column":10},"end":{"line":123,"column":32}},"70":{"start":{"line":124,"column":10},"end":{"line":124,"column":39}},"71":{"start":{"line":125,"column":10},"end":{"line":125,"column":23}},"72":{"start":{"line":129,"column":6},"end":{"line":129,"column":34}},"73":{"start":{"line":132,"column":4},"end":{"line":132,"column":35}},"74":{"start":{"line":133,"column":4},"end":{"line":133,"column":41}},"75":{"start":{"line":136,"column":4},"end":{"line":136,"column":49}},"76":{"start":{"line":138,"column":16},"end":{"line":138,"column":59}},"77":{"start":{"line":140,"column":4},"end":{"line":146,"column":7}},"78":{"start":{"line":141,"column":22},"end":{"line":141,"column":88}},"79":{"start":{"line":141,"column":39},"end":{"line":141,"column":81}},"80":{"start":{"line":142,"column":6},"end":{"line":145,"column":9}},"81":{"start":{"line":143,"column":8},"end":{"line":143,"column":30}},"82":{"start":{"line":144,"column":8},"end":{"line":144,"column":18}},"83":{"start":{"line":148,"column":4},"end":{"line":148,"column":40}},"84":{"start":{"line":149,"column":4},"end":{"line":149,"column":59}},"85":{"start":{"line":150,"column":4},"end":{"line":150,"column":50}},"86":{"start":{"line":152,"column":4},"end":{"line":152,"column":16}},"87":{"start":{"line":155,"column":4},"end":{"line":155,"column":15}},"88":{"start":{"line":157,"column":4},"end":{"line":157,"column":41}},"89":{"start":{"line":158,"column":4},"end":{"line":158,"column":39}},"90":{"start":{"line":159,"column":4},"end":{"line":159,"column":63}},"91":{"start":{"line":160,"column":4},"end":{"line":160,"column":70}},"92":{"start":{"line":163,"column":4},"end":{"line":163,"column":51}},"93":{"start":{"line":164,"column":4},"end":{"line":164,"column":20}},"94":{"start":{"line":167,"column":4},"end":{"line":167,"column":26}},"95":{"start":{"line":168,"column":4},"end":{"line":168,"column":39}},"96":{"start":{"line":173,"column":0},"end":{"line":173,"column":43}}},"fnMap":{"0":{"name":"testWebSocketServer","decl":{"start":{"line":9,"column":15},"end":{"line":9,"column":34}},"loc":{"start":{"line":9,"column":37},"end":{"line":170,"column":1}},"line":9},"1":{"name":"(anonymous_1)","decl":{"start":{"line":20,"column":22},"end":{"line":20,"column":23}},"loc":{"start":{"line":20,"column":33},"end":{"line":20,"column":57}},"line":20},"2":{"name":"(anonymous_2)","decl":{"start":{"line":26,"column":42},"end":{"line":26,"column":43}},"loc":{"start":{"line":26,"column":63},"end":{"line":32,"column":5}},"line":26},"3":{"name":"(anonymous_3)","decl":{"start":{"line":27,"column":47},"end":{"line":27,"column":48}},"loc":{"start":{"line":27,"column":56},"end":{"line":31,"column":7}},"line":27},"4":{"name":"(anonymous_4)","decl":{"start":{"line":29,"column":23},"end":{"line":29,"column":24}},"loc":{"start":{"line":29,"column":32},"end":{"line":29,"column":45}},"line":29},"5":{"name":"(anonymous_5)","decl":{"start":{"line":30,"column":22},"end":{"line":30,"column":23}},"loc":{"start":{"line":30,"column":28},"end":{"line":30,"column":53}},"line":30},"6":{"name":"(anonymous_6)","decl":{"start":{"line":43,"column":45},"end":{"line":43,"column":46}},"loc":{"start":{"line":43,"column":66},"end":{"line":56,"column":5}},"line":43},"7":{"name":"(anonymous_7)","decl":{"start":{"line":44,"column":33},"end":{"line":44,"column":34}},"loc":{"start":{"line":44,"column":39},"end":{"line":44,"column":75}},"line":44},"8":{"name":"(anonymous_8)","decl":{"start":{"line":47,"column":23},"end":{"line":47,"column":24}},"loc":{"start":{"line":47,"column":33},"end":{"line":50,"column":7}},"line":47},"9":{"name":"(anonymous_9)","decl":{"start":{"line":52,"column":21},"end":{"line":52,"column":22}},"loc":{"start":{"line":52,"column":30},"end":{"line":55,"column":7}},"line":52},"10":{"name":"(anonymous_10)","decl":{"start":{"line":69,"column":49},"end":{"line":69,"column":50}},"loc":{"start":{"line":69,"column":70},"end":{"line":79,"column":5}},"line":69},"11":{"name":"(anonymous_11)","decl":{"start":{"line":70,"column":33},"end":{"line":70,"column":34}},"loc":{"start":{"line":70,"column":39},"end":{"line":70,"column":80}},"line":70},"12":{"name":"(anonymous_12)","decl":{"start":{"line":72,"column":23},"end":{"line":72,"column":24}},"loc":{"start":{"line":72,"column":33},"end":{"line":78,"column":7}},"line":72},"13":{"name":"(anonymous_13)","decl":{"start":{"line":88,"column":41},"end":{"line":88,"column":42}},"loc":{"start":{"line":88,"column":62},"end":{"line":101,"column":5}},"line":88},"14":{"name":"(anonymous_14)","decl":{"start":{"line":89,"column":33},"end":{"line":89,"column":34}},"loc":{"start":{"line":89,"column":39},"end":{"line":89,"column":77}},"line":89},"15":{"name":"(anonymous_15)","decl":{"start":{"line":91,"column":24},"end":{"line":91,"column":25}},"loc":{"start":{"line":91,"column":34},"end":{"line":98,"column":7}},"line":91},"16":{"name":"(anonymous_16)","decl":{"start":{"line":117,"column":43},"end":{"line":117,"column":44}},"loc":{"start":{"line":117,"column":64},"end":{"line":130,"column":5}},"line":117},"17":{"name":"(anonymous_17)","decl":{"start":{"line":118,"column":33},"end":{"line":118,"column":34}},"loc":{"start":{"line":118,"column":39},"end":{"line":118,"column":72}},"line":118},"18":{"name":"(anonymous_18)","decl":{"start":{"line":120,"column":24},"end":{"line":120,"column":25}},"loc":{"start":{"line":120,"column":34},"end":{"line":127,"column":7}},"line":120},"19":{"name":"(anonymous_19)","decl":{"start":{"line":140,"column":22},"end":{"line":140,"column":23}},"loc":{"start":{"line":140,"column":43},"end":{"line":146,"column":5}},"line":140},"20":{"name":"(anonymous_20)","decl":{"start":{"line":141,"column":33},"end":{"line":141,"column":34}},"loc":{"start":{"line":141,"column":39},"end":{"line":141,"column":81}},"line":141},"21":{"name":"(anonymous_21)","decl":{"start":{"line":142,"column":24},"end":{"line":142,"column":25}},"loc":{"start":{"line":142,"column":30},"end":{"line":145,"column":7}},"line":142}},"branchMap":{"0":{"loc":{"start":{"line":74,"column":8},"end":{"line":77,"column":9}},"type":"if","locations":[{"start":{"line":74,"column":8},"end":{"line":77,"column":9}},{"start":{},"end":{}}],"line":74},"1":{"loc":{"start":{"line":93,"column":8},"end":{"line":97,"column":9}},"type":"if","locations":[{"start":{"line":93,"column":8},"end":{"line":97,"column":9}},{"start":{},"end":{}}],"line":93},"2":{"loc":{"start":{"line":122,"column":8},"end":{"line":126,"column":9}},"type":"if","locations":[{"start":{"line":122,"column":8},"end":{"line":126,"column":9}},{"start":{},"end":{}}],"line":122}},"s":{"0":0,"1":0,"2":0,"3":0,"4":0,"5":0,"6":0,"7":0,"8":0,"9":0,"10":0,"11":0,"12":0,"13":0,"14":0,"15":0,"16":0,"17":0,"18":0,"19":0,"20":0,"21":0,"22":0,"23":0,"24":0,"25":0,"26":0,"27":0,"28":0,"29":0,"30":0,"31":0,"32":0,"33":0,"34":0,"35":0,"36":0,"37":0,"38":0,"39":0,"40":0,"41":0,"42":0,"43":0,"44":0,"45":0,"46":0,"47":0,"48":0,"49":0,"50":0,"51":0,"52":0,"53":0,"54":0,"55":0,"56":0,"57":0,"58":0,"59":0,"60":0,"61":0,"62":0,"63":0,"64":0,"65":0,"66":0,"67":0,"68":0,"69":0,"70":0,"71":0,"72":0,"73":0,"74":0,"75":0,"76":0,"77":0,"78":0,"79":0,"80":0,"81":0,"82":0,"83":0,"84":0,"85":0,"86":0,"87":0,"88":0,"89":0,"90":0,"91":0,"92":0,"93":0,"94":0,"95":0,"96":0},"f":{"0":0,"1":0,"2":0,"3":0,"4":0,"5":0,"6":0,"7":0,"8":0,"9":0,"10":0,"11":0,"12":0,"13":0,"14":0,"15":0,"16":0,"17":0,"18":0,"19":0,"20":0,"21":0},"b":{"0":[0,0],"1":[0,0],"2":[0,0]}}
,"/root/.openclaw/workspace/mission-control/api/token-cron.js": {"path":"/root/.openclaw/workspace/mission-control/api/token-cron.js","statementMap":{"0":{"start":{"line":9,"column":21},"end":{"line":9,"column":43}},"1":{"start":{"line":11,"column":0},"end":{"line":11,"column":85}},"2":{"start":{"line":13,"column":0},"end":{"line":27,"column":1}},"3":{"start":{"line":15,"column":15},"end":{"line":15,"column":46}},"4":{"start":{"line":17,"column":2},"end":{"line":17,"column":84}},"5":{"start":{"line":18,"column":2},"end":{"line":18,"column":52}},"6":{"start":{"line":19,"column":2},"end":{"line":19,"column":51}},"7":{"start":{"line":20,"column":2},"end":{"line":20,"column":78}},"8":{"start":{"line":21,"column":2},"end":{"line":21,"column":64}},"9":{"start":{"line":23,"column":2},"end":{"line":23,"column":18}},"10":{"start":{"line":25,"column":2},"end":{"line":25,"column":92}},"11":{"start":{"line":26,"column":2},"end":{"line":26,"column":18}}},"fnMap":{},"branchMap":{},"s":{"0":0,"1":0,"2":0,"3":0,"4":0,"5":0,"6":0,"7":0,"8":0,"9":0,"10":0,"11":0},"f":{},"b":{}}
,"/root/.openclaw/workspace/mission-control/api/tokens.js": {"path":"/root/.openclaw/workspace/mission-control/api/tokens.js","statementMap":{"0":{"start":{"line":10,"column":11},"end":{"line":10,"column":24}},"1":{"start":{"line":11,"column":13},"end":{"line":11,"column":28}},"2":{"start":{"line":14,"column":15},"end":{"line":25,"column":1}},"3":{"start":{"line":28,"column":23},"end":{"line":50,"column":1}},"4":{"start":{"line":57,"column":2},"end":{"line":84,"column":3}},"5":{"start":{"line":58,"column":4},"end":{"line":83,"column":5}},"6":{"start":{"line":59,"column":22},"end":{"line":59,"column":60}},"7":{"start":{"line":62,"column":26},"end":{"line":62,"column":69}},"8":{"start":{"line":63,"column":6},"end":{"line":66,"column":7}},"9":{"start":{"line":64,"column":21},"end":{"line":64,"column":49}},"10":{"start":{"line":65,"column":8},"end":{"line":65,"column":54}},"11":{"start":{"line":69,"column":27},"end":{"line":69,"column":81}},"12":{"start":{"line":70,"column":6},"end":{"line":73,"column":7}},"13":{"start":{"line":71,"column":21},"end":{"line":71,"column":50}},"14":{"start":{"line":72,"column":8},"end":{"line":72,"column":55}},"15":{"start":{"line":76,"column":6},"end":{"line":82,"column":7}},"16":{"start":{"line":77,"column":8},"end":{"line":81,"column":9}},"17":{"start":{"line":80,"column":10},"end":{"line":80,"column":23}},"18":{"start":{"line":86,"column":2},"end":{"line":86,"column":19}},"19":{"start":{"line":93,"column":16},"end":{"line":104,"column":3}},"20":{"start":{"line":106,"column":2},"end":{"line":156,"column":3}},"21":{"start":{"line":107,"column":20},"end":{"line":107,"column":54}},"22":{"start":{"line":108,"column":18},"end":{"line":108,"column":65}},"23":{"start":{"line":108,"column":53},"end":{"line":108,"column":64}},"24":{"start":{"line":109,"column":24},"end":{"line":109,"column":26}},"25":{"start":{"line":111,"column":4},"end":{"line":149,"column":5}},"26":{"start":{"line":112,"column":6},"end":{"line":148,"column":7}},"27":{"start":{"line":113,"column":22},"end":{"line":113,"column":38}},"28":{"start":{"line":114,"column":8},"end":{"line":114,"column":32}},"29":{"start":{"line":117,"column":8},"end":{"line":119,"column":9}},"30":{"start":{"line":118,"column":10},"end":{"line":118,"column":44}},"31":{"start":{"line":122,"column":8},"end":{"line":145,"column":9}},"32":{"start":{"line":123,"column":24},"end":{"line":123,"column":43}},"33":{"start":{"line":124,"column":10},"end":{"line":144,"column":11}},"34":{"start":{"line":125,"column":12},"end":{"line":125,"column":47}},"35":{"start":{"line":126,"column":12},"end":{"line":126,"column":49}},"36":{"start":{"line":127,"column":12},"end":{"line":127,"column":52}},"37":{"start":{"line":128,"column":12},"end":{"line":128,"column":54}},"38":{"start":{"line":129,"column":12},"end":{"line":129,"column":56}},"39":{"start":{"line":132,"column":12},"end":{"line":141,"column":13}},"40":{"start":{"line":133,"column":14},"end":{"line":133,"column":45}},"41":{"start":{"line":136,"column":32},"end":{"line":136,"column":80}},"42":{"start":{"line":137,"column":33},"end":{"line":137,"column":83}},"43":{"start":{"line":138,"column":36},"end":{"line":138,"column":92}},"44":{"start":{"line":139,"column":37},"end":{"line":139,"column":95}},"45":{"start":{"line":140,"column":14},"end":{"line":140,"column":84}},"46":{"start":{"line":143,"column":12},"end":{"line":143,"column":33}},"47":{"start":{"line":152,"column":4},"end":{"line":152,"column":52}},"48":{"start":{"line":155,"column":4},"end":{"line":155,"column":59}},"49":{"start":{"line":158,"column":2},"end":{"line":158,"column":15}},"50":{"start":{"line":165,"column":2},"end":{"line":176,"column":3}},"51":{"start":{"line":166,"column":4},"end":{"line":168,"column":5}},"52":{"start":{"line":167,"column":6},"end":{"line":167,"column":16}},"53":{"start":{"line":170,"column":4},"end":{"line":172,"column":50}},"54":{"start":{"line":171,"column":19},"end":{"line":171,"column":91}},"55":{"start":{"line":172,"column":16},"end":{"line":172,"column":48}},"56":{"start":{"line":174,"column":4},"end":{"line":174,"column":66}},"57":{"start":{"line":175,"column":4},"end":{"line":175,"column":14}},"58":{"start":{"line":183,"column":19},"end":{"line":183,"column":28}},"59":{"start":{"line":185,"column":2},"end":{"line":209,"column":3}},"60":{"start":{"line":186,"column":4},"end":{"line":198,"column":5}},"61":{"start":{"line":187,"column":6},"end":{"line":197,"column":9}},"62":{"start":{"line":200,"column":18},"end":{"line":200,"column":47}},"63":{"start":{"line":201,"column":4},"end":{"line":201,"column":37}},"64":{"start":{"line":202,"column":4},"end":{"line":202,"column":39}},"65":{"start":{"line":203,"column":4},"end":{"line":203,"column":39}},"66":{"start":{"line":204,"column":4},"end":{"line":204,"column":41}},"67":{"start":{"line":205,"column":4},"end":{"line":205,"column":43}},"68":{"start":{"line":206,"column":4},"end":{"line":206,"column":29}},"69":{"start":{"line":207,"column":4},"end":{"line":207,"column":21}},"70":{"start":{"line":208,"column":4},"end":{"line":208,"column":41}},"71":{"start":{"line":211,"column":2},"end":{"line":211,"column":85}},"72":{"start":{"line":211,"column":54},"end":{"line":211,"column":83}},"73":{"start":{"line":218,"column":19},"end":{"line":218,"column":28}},"74":{"start":{"line":220,"column":2},"end":{"line":233,"column":3}},"75":{"start":{"line":221,"column":4},"end":{"line":221,"column":35}},"76":{"start":{"line":221,"column":26},"end":{"line":221,"column":35}},"77":{"start":{"line":223,"column":17},"end":{"line":223,"column":70}},"78":{"start":{"line":225,"column":4},"end":{"line":227,"column":5}},"79":{"start":{"line":226,"column":6},"end":{"line":226,"column":68}},"80":{"start":{"line":229,"column":16},"end":{"line":229,"column":34}},"81":{"start":{"line":230,"column":4},"end":{"line":230,"column":36}},"82":{"start":{"line":231,"column":4},"end":{"line":231,"column":27}},"83":{"start":{"line":232,"column":4},"end":{"line":232,"column":19}},"84":{"start":{"line":235,"column":2},"end":{"line":237,"column":15}},"85":{"start":{"line":236,"column":20},"end":{"line":236,"column":48}},"86":{"start":{"line":244,"column":2},"end":{"line":262,"column":5}},"87":{"start":{"line":244,"column":43},"end":{"line":253,"column":3}},"88":{"start":{"line":269,"column":2},"end":{"line":280,"column":8}},"89":{"start":{"line":270,"column":17},"end":{"line":270,"column":28}},"90":{"start":{"line":271,"column":20},"end":{"line":271,"column":65}},"91":{"start":{"line":273,"column":15},"end":{"line":280,"column":5}},"92":{"start":{"line":287,"column":23},"end":{"line":287,"column":40}},"93":{"start":{"line":288,"column":2},"end":{"line":288,"column":60}},"94":{"start":{"line":290,"column":23},"end":{"line":290,"column":25}},"95":{"start":{"line":291,"column":2},"end":{"line":296,"column":3}},"96":{"start":{"line":292,"column":18},"end":{"line":292,"column":44}},"97":{"start":{"line":293,"column":4},"end":{"line":295,"column":5}},"98":{"start":{"line":294,"column":6},"end":{"line":294,"column":31}},"99":{"start":{"line":298,"column":17},"end":{"line":298,"column":47}},"100":{"start":{"line":299,"column":21},"end":{"line":299,"column":48}},"101":{"start":{"line":300,"column":16},"end":{"line":300,"column":39}},"102":{"start":{"line":301,"column":25},"end":{"line":301,"column":56}},"103":{"start":{"line":303,"column":2},"end":{"line":329,"column":4}},"104":{"start":{"line":304,"column":29},"end":{"line":314,"column":5}},"105":{"start":{"line":336,"column":2},"end":{"line":344,"column":3}},"106":{"start":{"line":337,"column":21},"end":{"line":337,"column":51}},"107":{"start":{"line":338,"column":4},"end":{"line":340,"column":5}},"108":{"start":{"line":339,"column":6},"end":{"line":339,"column":50}},"109":{"start":{"line":341,"column":4},"end":{"line":341,"column":70}},"110":{"start":{"line":343,"column":4},"end":{"line":343,"column":52}},"111":{"start":{"line":351,"column":2},"end":{"line":358,"column":3}},"112":{"start":{"line":352,"column":4},"end":{"line":355,"column":5}},"113":{"start":{"line":353,"column":22},"end":{"line":353,"column":64}},"114":{"start":{"line":354,"column":6},"end":{"line":354,"column":33}},"115":{"start":{"line":357,"column":4},"end":{"line":357,"column":53}},"116":{"start":{"line":359,"column":2},"end":{"line":359,"column":14}},"117":{"start":{"line":366,"column":2},"end":{"line":366,"column":58}},"118":{"start":{"line":366,"column":46},"end":{"line":366,"column":58}},"119":{"start":{"line":368,"column":21},"end":{"line":368,"column":63}},"120":{"start":{"line":369,"column":14},"end":{"line":369,"column":24}},"121":{"start":{"line":370,"column":2},"end":{"line":370,"column":52}},"122":{"start":{"line":377,"column":2},"end":{"line":383,"column":3}},"123":{"start":{"line":378,"column":19},"end":{"line":378,"column":30}},"124":{"start":{"line":379,"column":4},"end":{"line":382,"column":5}},"125":{"start":{"line":380,"column":6},"end":{"line":380,"column":49}},"126":{"start":{"line":381,"column":6},"end":{"line":381,"column":20}},"127":{"start":{"line":385,"column":2},"end":{"line":385,"column":48}},"128":{"start":{"line":386,"column":15},"end":{"line":386,"column":33}},"129":{"start":{"line":387,"column":2},"end":{"line":387,"column":18}},"130":{"start":{"line":388,"column":2},"end":{"line":388,"column":14}},"131":{"start":{"line":395,"column":14},"end":{"line":395,"column":60}},"132":{"start":{"line":396,"column":23},"end":{"line":396,"column":65}},"133":{"start":{"line":398,"column":15},"end":{"line":398,"column":41}},"134":{"start":{"line":401,"column":19},"end":{"line":417,"column":3}},"135":{"start":{"line":402,"column":34},"end":{"line":407,"column":5}},"136":{"start":{"line":419,"column":2},"end":{"line":419,"column":52}},"137":{"start":{"line":420,"column":2},"end":{"line":420,"column":52}},"138":{"start":{"line":421,"column":2},"end":{"line":421,"column":21}},"139":{"start":{"line":422,"column":2},"end":{"line":422,"column":45}},"140":{"start":{"line":426,"column":0},"end":{"line":430,"column":2}},"141":{"start":{"line":433,"column":0},"end":{"line":436,"column":1}},"142":{"start":{"line":434,"column":15},"end":{"line":434,"column":33}},"143":{"start":{"line":435,"column":2},"end":{"line":435,"column":45}}},"fnMap":{"0":{"name":"extractAgentName","decl":{"start":{"line":55,"column":9},"end":{"line":55,"column":25}},"loc":{"start":{"line":55,"column":39},"end":{"line":87,"column":1}},"line":55},"1":{"name":"parseSessionFile","decl":{"start":{"line":92,"column":9},"end":{"line":92,"column":25}},"loc":{"start":{"line":92,"column":36},"end":{"line":159,"column":1}},"line":92},"2":{"name":"(anonymous_2)","decl":{"start":{"line":108,"column":45},"end":{"line":108,"column":46}},"loc":{"start":{"line":108,"column":53},"end":{"line":108,"column":64}},"line":108},"3":{"name":"getSessionFiles","decl":{"start":{"line":164,"column":9},"end":{"line":164,"column":24}},"loc":{"start":{"line":164,"column":27},"end":{"line":177,"column":1}},"line":164},"4":{"name":"(anonymous_4)","decl":{"start":{"line":171,"column":14},"end":{"line":171,"column":15}},"loc":{"start":{"line":171,"column":19},"end":{"line":171,"column":91}},"line":171},"5":{"name":"(anonymous_5)","decl":{"start":{"line":172,"column":11},"end":{"line":172,"column":12}},"loc":{"start":{"line":172,"column":16},"end":{"line":172,"column":48}},"line":172},"6":{"name":"aggregateByAgent","decl":{"start":{"line":182,"column":9},"end":{"line":182,"column":25}},"loc":{"start":{"line":182,"column":40},"end":{"line":212,"column":1}},"line":182},"7":{"name":"(anonymous_7)","decl":{"start":{"line":211,"column":44},"end":{"line":211,"column":45}},"loc":{"start":{"line":211,"column":54},"end":{"line":211,"column":83}},"line":211},"8":{"name":"getDailyUsage","decl":{"start":{"line":217,"column":9},"end":{"line":217,"column":22}},"loc":{"start":{"line":217,"column":37},"end":{"line":238,"column":1}},"line":217},"9":{"name":"(anonymous_9)","decl":{"start":{"line":236,"column":10},"end":{"line":236,"column":11}},"loc":{"start":{"line":236,"column":20},"end":{"line":236,"column":48}},"line":236},"10":{"name":"calculateTotals","decl":{"start":{"line":243,"column":9},"end":{"line":243,"column":24}},"loc":{"start":{"line":243,"column":33},"end":{"line":263,"column":1}},"line":243},"11":{"name":"(anonymous_11)","decl":{"start":{"line":244,"column":23},"end":{"line":244,"column":24}},"loc":{"start":{"line":244,"column":43},"end":{"line":253,"column":3}},"line":244},"12":{"name":"getRecentSessions","decl":{"start":{"line":268,"column":9},"end":{"line":268,"column":26}},"loc":{"start":{"line":268,"column":53},"end":{"line":281,"column":1}},"line":268},"13":{"name":"(anonymous_13)","decl":{"start":{"line":270,"column":12},"end":{"line":270,"column":13}},"loc":{"start":{"line":270,"column":17},"end":{"line":270,"column":28}},"line":270},"14":{"name":"(anonymous_14)","decl":{"start":{"line":271,"column":10},"end":{"line":271,"column":11}},"loc":{"start":{"line":271,"column":20},"end":{"line":271,"column":65}},"line":271},"15":{"name":"(anonymous_15)","decl":{"start":{"line":273,"column":9},"end":{"line":273,"column":10}},"loc":{"start":{"line":273,"column":15},"end":{"line":280,"column":5}},"line":273},"16":{"name":"collectTokenData","decl":{"start":{"line":286,"column":9},"end":{"line":286,"column":25}},"loc":{"start":{"line":286,"column":28},"end":{"line":330,"column":1}},"line":286},"17":{"name":"(anonymous_17)","decl":{"start":{"line":304,"column":23},"end":{"line":304,"column":24}},"loc":{"start":{"line":304,"column":29},"end":{"line":314,"column":5}},"line":304},"18":{"name":"saveCache","decl":{"start":{"line":335,"column":9},"end":{"line":335,"column":18}},"loc":{"start":{"line":335,"column":25},"end":{"line":345,"column":1}},"line":335},"19":{"name":"loadCache","decl":{"start":{"line":350,"column":9},"end":{"line":350,"column":18}},"loc":{"start":{"line":350,"column":21},"end":{"line":360,"column":1}},"line":350},"20":{"name":"isCacheStale","decl":{"start":{"line":365,"column":9},"end":{"line":365,"column":21}},"loc":{"start":{"line":365,"column":34},"end":{"line":371,"column":1}},"line":365},"21":{"name":"getTokenData","decl":{"start":{"line":376,"column":9},"end":{"line":376,"column":21}},"loc":{"start":{"line":376,"column":44},"end":{"line":389,"column":1}},"line":376},"22":{"name":"handleTokensRequest","decl":{"start":{"line":394,"column":9},"end":{"line":394,"column":28}},"loc":{"start":{"line":394,"column":39},"end":{"line":423,"column":1}},"line":394},"23":{"name":"(anonymous_23)","decl":{"start":{"line":402,"column":28},"end":{"line":402,"column":29}},"loc":{"start":{"line":402,"column":34},"end":{"line":407,"column":5}},"line":402}},"branchMap":{"0":{"loc":{"start":{"line":58,"column":4},"end":{"line":83,"column":5}},"type":"if","locations":[{"start":{"line":58,"column":4},"end":{"line":83,"column":5}},{"start":{},"end":{}}],"line":58},"1":{"loc":{"start":{"line":58,"column":8},"end":{"line":58,"column":66}},"type":"binary-expr","locations":[{"start":{"line":58,"column":8},"end":{"line":58,"column":32}},{"start":{"line":58,"column":36},"end":{"line":58,"column":66}}],"line":58},"2":{"loc":{"start":{"line":59,"column":22},"end":{"line":59,"column":60}},"type":"binary-expr","locations":[{"start":{"line":59,"column":22},"end":{"line":59,"column":54}},{"start":{"line":59,"column":58},"end":{"line":59,"column":60}}],"line":59},"3":{"loc":{"start":{"line":63,"column":6},"end":{"line":66,"column":7}},"type":"if","locations":[{"start":{"line":63,"column":6},"end":{"line":66,"column":7}},{"start":{},"end":{}}],"line":63},"4":{"loc":{"start":{"line":65,"column":15},"end":{"line":65,"column":53}},"type":"binary-expr","locations":[{"start":{"line":65,"column":15},"end":{"line":65,"column":35}},{"start":{"line":65,"column":39},"end":{"line":65,"column":53}}],"line":65},"5":{"loc":{"start":{"line":70,"column":6},"end":{"line":73,"column":7}},"type":"if","locations":[{"start":{"line":70,"column":6},"end":{"line":73,"column":7}},{"start":{},"end":{}}],"line":70},"6":{"loc":{"start":{"line":72,"column":15},"end":{"line":72,"column":54}},"type":"binary-expr","locations":[{"start":{"line":72,"column":15},"end":{"line":72,"column":35}},{"start":{"line":72,"column":39},"end":{"line":72,"column":54}}],"line":72},"7":{"loc":{"start":{"line":77,"column":8},"end":{"line":81,"column":9}},"type":"if","locations":[{"start":{"line":77,"column":8},"end":{"line":81,"column":9}},{"start":{},"end":{}}],"line":77},"8":{"loc":{"start":{"line":77,"column":12},"end":{"line":79,"column":58}},"type":"binary-expr","locations":[{"start":{"line":77,"column":12},"end":{"line":77,"column":60}},{"start":{"line":78,"column":12},"end":{"line":78,"column":59}},{"start":{"line":79,"column":12},"end":{"line":79,"column":58}}],"line":77},"9":{"loc":{"start":{"line":117,"column":8},"end":{"line":119,"column":9}},"type":"if","locations":[{"start":{"line":117,"column":8},"end":{"line":119,"column":9}},{"start":{},"end":{}}],"line":117},"10":{"loc":{"start":{"line":117,"column":12},"end":{"line":117,"column":47}},"type":"binary-expr","locations":[{"start":{"line":117,"column":12},"end":{"line":117,"column":28}},{"start":{"line":117,"column":32},"end":{"line":117,"column":47}}],"line":117},"11":{"loc":{"start":{"line":122,"column":8},"end":{"line":145,"column":9}},"type":"if","locations":[{"start":{"line":122,"column":8},"end":{"line":145,"column":9}},{"start":{},"end":{}}],"line":122},"12":{"loc":{"start":{"line":122,"column":12},"end":{"line":122,"column":75}},"type":"binary-expr","locations":[{"start":{"line":122,"column":12},"end":{"line":122,"column":36}},{"start":{"line":122,"column":40},"end":{"line":122,"column":75}}],"line":122},"13":{"loc":{"start":{"line":124,"column":10},"end":{"line":144,"column":11}},"type":"if","locations":[{"start":{"line":124,"column":10},"end":{"line":144,"column":11}},{"start":{},"end":{}}],"line":124},"14":{"loc":{"start":{"line":125,"column":30},"end":{"line":125,"column":46}},"type":"binary-expr","locations":[{"start":{"line":125,"column":30},"end":{"line":125,"column":41}},{"start":{"line":125,"column":45},"end":{"line":125,"column":46}}],"line":125},"15":{"loc":{"start":{"line":126,"column":31},"end":{"line":126,"column":48}},"type":"binary-expr","locations":[{"start":{"line":126,"column":31},"end":{"line":126,"column":43}},{"start":{"line":126,"column":47},"end":{"line":126,"column":48}}],"line":126},"16":{"loc":{"start":{"line":127,"column":31},"end":{"line":127,"column":51}},"type":"binary-expr","locations":[{"start":{"line":127,"column":31},"end":{"line":127,"column":46}},{"start":{"line":127,"column":50},"end":{"line":127,"column":51}}],"line":127},"17":{"loc":{"start":{"line":128,"column":32},"end":{"line":128,"column":53}},"type":"binary-expr","locations":[{"start":{"line":128,"column":32},"end":{"line":128,"column":48}},{"start":{"line":128,"column":52},"end":{"line":128,"column":53}}],"line":128},"18":{"loc":{"start":{"line":129,"column":33},"end":{"line":129,"column":55}},"type":"binary-expr","locations":[{"start":{"line":129,"column":33},"end":{"line":129,"column":50}},{"start":{"line":129,"column":54},"end":{"line":129,"column":55}}],"line":129},"19":{"loc":{"start":{"line":132,"column":12},"end":{"line":141,"column":13}},"type":"if","locations":[{"start":{"line":132,"column":12},"end":{"line":141,"column":13}},{"start":{"line":134,"column":19},"end":{"line":141,"column":13}}],"line":132},"20":{"loc":{"start":{"line":132,"column":16},"end":{"line":132,"column":46}},"type":"binary-expr","locations":[{"start":{"line":132,"column":16},"end":{"line":132,"column":26}},{"start":{"line":132,"column":30},"end":{"line":132,"column":46}}],"line":132},"21":{"loc":{"start":{"line":136,"column":33},"end":{"line":136,"column":49}},"type":"binary-expr","locations":[{"start":{"line":136,"column":33},"end":{"line":136,"column":44}},{"start":{"line":136,"column":48},"end":{"line":136,"column":49}}],"line":136},"22":{"loc":{"start":{"line":137,"column":34},"end":{"line":137,"column":51}},"type":"binary-expr","locations":[{"start":{"line":137,"column":34},"end":{"line":137,"column":46}},{"start":{"line":137,"column":50},"end":{"line":137,"column":51}}],"line":137},"23":{"loc":{"start":{"line":138,"column":37},"end":{"line":138,"column":57}},"type":"binary-expr","locations":[{"start":{"line":138,"column":37},"end":{"line":138,"column":52}},{"start":{"line":138,"column":56},"end":{"line":138,"column":57}}],"line":138},"24":{"loc":{"start":{"line":139,"column":38},"end":{"line":139,"column":59}},"type":"binary-expr","locations":[{"start":{"line":139,"column":38},"end":{"line":139,"column":54}},{"start":{"line":139,"column":58},"end":{"line":139,"column":59}}],"line":139},"25":{"loc":{"start":{"line":166,"column":4},"end":{"line":168,"column":5}},"type":"if","locations":[{"start":{"line":166,"column":4},"end":{"line":168,"column":5}},{"start":{},"end":{}}],"line":166},"26":{"loc":{"start":{"line":171,"column":19},"end":{"line":171,"column":91}},"type":"binary-expr","locations":[{"start":{"line":171,"column":19},"end":{"line":171,"column":39}},{"start":{"line":171,"column":43},"end":{"line":171,"column":67}},{"start":{"line":171,"column":71},"end":{"line":171,"column":91}}],"line":171},"27":{"loc":{"start":{"line":186,"column":4},"end":{"line":198,"column":5}},"type":"if","locations":[{"start":{"line":186,"column":4},"end":{"line":198,"column":5}},{"start":{},"end":{}}],"line":186},"28":{"loc":{"start":{"line":221,"column":4},"end":{"line":221,"column":35}},"type":"if","locations":[{"start":{"line":221,"column":4},"end":{"line":221,"column":35}},{"start":{},"end":{}}],"line":221},"29":{"loc":{"start":{"line":225,"column":4},"end":{"line":227,"column":5}},"type":"if","locations":[{"start":{"line":225,"column":4},"end":{"line":227,"column":5}},{"start":{},"end":{}}],"line":225},"30":{"loc":{"start":{"line":268,"column":41},"end":{"line":268,"column":51}},"type":"default-arg","locations":[{"start":{"line":268,"column":49},"end":{"line":268,"column":51}}],"line":268},"31":{"loc":{"start":{"line":293,"column":4},"end":{"line":295,"column":5}},"type":"if","locations":[{"start":{"line":293,"column":4},"end":{"line":295,"column":5}},{"start":{},"end":{}}],"line":293},"32":{"loc":{"start":{"line":293,"column":8},"end":{"line":293,"column":62}},"type":"binary-expr","locations":[{"start":{"line":293,"column":8},"end":{"line":293,"column":29}},{"start":{"line":293,"column":33},"end":{"line":293,"column":62}}],"line":293},"33":{"loc":{"start":{"line":338,"column":4},"end":{"line":340,"column":5}},"type":"if","locations":[{"start":{"line":338,"column":4},"end":{"line":340,"column":5}},{"start":{},"end":{}}],"line":338},"34":{"loc":{"start":{"line":352,"column":4},"end":{"line":355,"column":5}},"type":"if","locations":[{"start":{"line":352,"column":4},"end":{"line":355,"column":5}},{"start":{},"end":{}}],"line":352},"35":{"loc":{"start":{"line":366,"column":2},"end":{"line":366,"column":58}},"type":"if","locations":[{"start":{"line":366,"column":2},"end":{"line":366,"column":58}},{"start":{},"end":{}}],"line":366},"36":{"loc":{"start":{"line":366,"column":6},"end":{"line":366,"column":44}},"type":"binary-expr","locations":[{"start":{"line":366,"column":6},"end":{"line":366,"column":17}},{"start":{"line":366,"column":21},"end":{"line":366,"column":44}}],"line":366},"37":{"loc":{"start":{"line":376,"column":22},"end":{"line":376,"column":42}},"type":"default-arg","locations":[{"start":{"line":376,"column":37},"end":{"line":376,"column":42}}],"line":376},"38":{"loc":{"start":{"line":377,"column":2},"end":{"line":383,"column":3}},"type":"if","locations":[{"start":{"line":377,"column":2},"end":{"line":383,"column":3}},{"start":{},"end":{}}],"line":377},"39":{"loc":{"start":{"line":379,"column":4},"end":{"line":382,"column":5}},"type":"if","locations":[{"start":{"line":379,"column":4},"end":{"line":382,"column":5}},{"start":{},"end":{}}],"line":379},"40":{"loc":{"start":{"line":379,"column":8},"end":{"line":379,"column":39}},"type":"binary-expr","locations":[{"start":{"line":379,"column":8},"end":{"line":379,"column":14}},{"start":{"line":379,"column":18},"end":{"line":379,"column":39}}],"line":379},"41":{"loc":{"start":{"line":433,"column":0},"end":{"line":436,"column":1}},"type":"if","locations":[{"start":{"line":433,"column":0},"end":{"line":436,"column":1}},{"start":{},"end":{}}],"line":433}},"s":{"0":0,"1":0,"2":0,"3":0,"4":0,"5":0,"6":0,"7":0,"8":0,"9":0,"10":0,"11":0,"12":0,"13":0,"14":0,"15":0,"16":0,"17":0,"18":0,"19":0,"20":0,"21":0,"22":0,"23":0,"24":0,"25":0,"26":0,"27":0,"28":0,"29":0,"30":0,"31":0,"32":0,"33":0,"34":0,"35":0,"36":0,"37":0,"38":0,"39":0,"40":0,"41":0,"42":0,"43":0,"44":0,"45":0,"46":0,"47":0,"48":0,"49":0,"50":0,"51":0,"52":0,"53":0,"54":0,"55":0,"56":0,"57":0,"58":0,"59":0,"60":0,"61":0,"62":0,"63":0,"64":0,"65":0,"66":0,"67":0,"68":0,"69":0,"70":0,"71":0,"72":0,"73":0,"74":0,"75":0,"76":0,"77":0,"78":0,"79":0,"80":0,"81":0,"82":0,"83":0,"84":0,"85":0,"86":0,"87":0,"88":0,"89":0,"90":0,"91":0,"92":0,"93":0,"94":0,"95":0,"96":0,"97":0,"98":0,"99":0,"100":0,"101":0,"102":0,"103":0,"104":0,"105":0,"106":0,"107":0,"108":0,"109":0,"110":0,"111":0,"112":0,"113":0,"114":0,"115":0,"116":0,"117":0,"118":0,"119":0,"120":0,"121":0,"122":0,"123":0,"124":0,"125":0,"126":0,"127":0,"128":0,"129":0,"130":0,"131":0,"132":0,"133":0,"134":0,"135":0,"136":0,"137":0,"138":0,"139":0,"140":0,"141":0,"142":0,"143":0},"f":{"0":0,"1":0,"2":0,"3":0,"4":0,"5":0,"6":0,"7":0,"8":0,"9":0,"10":0,"11":0,"12":0,"13":0,"14":0,"15":0,"16":0,"17":0,"18":0,"19":0,"20":0,"21":0,"22":0,"23":0},"b":{"0":[0,0],"1":[0,0],"2":[0,0],"3":[0,0],"4":[0,0],"5":[0,0],"6":[0,0],"7":[0,0],"8":[0,0,0],"9":[0,0],"10":[0,0],"11":[0,0],"12":[0,0],"13":[0,0],"14":[0,0],"15":[0,0],"16":[0,0],"17":[0,0],"18":[0,0],"19":[0,0],"20":[0,0],"21":[0,0],"22":[0,0],"23":[0,0],"24":[0,0],"25":[0,0],"26":[0,0,0],"27":[0,0],"28":[0,0],"29":[0,0],"30":[0],"31":[0,0],"32":[0,0],"33":[0,0],"34":[0,0],"35":[0,0],"36":[0,0],"37":[0],"38":[0,0],"39":[0,0],"40":[0,0],"41":[0,0]}}
,"/root/.openclaw/workspace/mission-control/api/websocket-integration.js": {"path":"/root/.openclaw/workspace/mission-control/api/websocket-integration.js","statementMap":{"0":{"start":{"line":8,"column":34},"end":{"line":8,"column":56}},"1":{"start":{"line":9,"column":13},"end":{"line":9,"column":28}},"2":{"start":{"line":15,"column":2},"end":{"line":15,"column":56}},"3":{"start":{"line":19,"column":2},"end":{"line":52,"column":3}},"4":{"start":{"line":20,"column":4},"end":{"line":26,"column":7}},"5":{"start":{"line":21,"column":6},"end":{"line":25,"column":9}},"6":{"start":{"line":28,"column":4},"end":{"line":34,"column":7}},"7":{"start":{"line":29,"column":6},"end":{"line":33,"column":9}},"8":{"start":{"line":36,"column":4},"end":{"line":40,"column":7}},"9":{"start":{"line":37,"column":6},"end":{"line":39,"column":9}},"10":{"start":{"line":42,"column":4},"end":{"line":51,"column":7}},"11":{"start":{"line":43,"column":6},"end":{"line":50,"column":9}},"12":{"start":{"line":56,"column":2},"end":{"line":76,"column":3}},"13":{"start":{"line":57,"column":4},"end":{"line":59,"column":7}},"14":{"start":{"line":58,"column":6},"end":{"line":58,"column":47}},"15":{"start":{"line":61,"column":4},"end":{"line":63,"column":7}},"16":{"start":{"line":62,"column":6},"end":{"line":62,"column":63}},"17":{"start":{"line":65,"column":4},"end":{"line":67,"column":7}},"18":{"start":{"line":66,"column":6},"end":{"line":66,"column":64}},"19":{"start":{"line":69,"column":4},"end":{"line":71,"column":7}},"20":{"start":{"line":70,"column":6},"end":{"line":70,"column":81}},"21":{"start":{"line":73,"column":4},"end":{"line":75,"column":7}},"22":{"start":{"line":74,"column":6},"end":{"line":74,"column":74}},"23":{"start":{"line":80,"column":2},"end":{"line":127,"column":3}},"24":{"start":{"line":82,"column":27},"end":{"line":82,"column":55}},"25":{"start":{"line":83,"column":4},"end":{"line":101,"column":5}},"26":{"start":{"line":84,"column":6},"end":{"line":100,"column":8}},"27":{"start":{"line":85,"column":23},"end":{"line":85,"column":55}},"28":{"start":{"line":88,"column":21},"end":{"line":88,"column":48}},"29":{"start":{"line":89,"column":8},"end":{"line":97,"column":9}},"30":{"start":{"line":90,"column":30},"end":{"line":90,"column":65}},"31":{"start":{"line":91,"column":10},"end":{"line":96,"column":12}},"32":{"start":{"line":99,"column":8},"end":{"line":99,"column":22}},"33":{"start":{"line":104,"column":23},"end":{"line":107,"column":5}},"34":{"start":{"line":110,"column":4},"end":{"line":126,"column":14}},"35":{"start":{"line":111,"column":19},"end":{"line":111,"column":46}},"36":{"start":{"line":112,"column":26},"end":{"line":112,"column":28}},"37":{"start":{"line":114,"column":6},"end":{"line":125,"column":9}},"38":{"start":{"line":115,"column":28},"end":{"line":115,"column":60}},"39":{"start":{"line":117,"column":8},"end":{"line":124,"column":9}},"40":{"start":{"line":118,"column":10},"end":{"line":123,"column":12}},"41":{"start":{"line":132,"column":22},"end":{"line":132,"column":31}},"42":{"start":{"line":133,"column":21},"end":{"line":133,"column":71}},"43":{"start":{"line":136,"column":15},"end":{"line":136,"column":28}},"44":{"start":{"line":138,"column":4},"end":{"line":169,"column":5}},"45":{"start":{"line":139,"column":24},"end":{"line":141,"column":35}},"46":{"start":{"line":140,"column":26},"end":{"line":140,"column":46}},"47":{"start":{"line":141,"column":23},"end":{"line":141,"column":34}},"48":{"start":{"line":143,"column":6},"end":{"line":166,"column":7}},"49":{"start":{"line":144,"column":26},"end":{"line":144,"column":70}},"50":{"start":{"line":146,"column":8},"end":{"line":165,"column":9}},"51":{"start":{"line":147,"column":10},"end":{"line":164,"column":11}},"52":{"start":{"line":148,"column":28},"end":{"line":148,"column":63}},"53":{"start":{"line":149,"column":26},"end":{"line":149,"column":45}},"54":{"start":{"line":150,"column":34},"end":{"line":150,"column":58}},"55":{"start":{"line":153,"column":12},"end":{"line":159,"column":13}},"56":{"start":{"line":154,"column":14},"end":{"line":158,"column":17}},"57":{"start":{"line":161,"column":12},"end":{"line":161,"column":44}},"58":{"start":{"line":173,"column":2},"end":{"line":173,"column":38}},"59":{"start":{"line":178,"column":26},"end":{"line":178,"column":30}},"60":{"start":{"line":180,"column":2},"end":{"line":211,"column":12}},"61":{"start":{"line":181,"column":15},"end":{"line":181,"column":28}},"62":{"start":{"line":182,"column":23},"end":{"line":182,"column":68}},"63":{"start":{"line":184,"column":4},"end":{"line":210,"column":5}},"64":{"start":{"line":185,"column":6},"end":{"line":209,"column":7}},"65":{"start":{"line":186,"column":24},"end":{"line":186,"column":60}},"66":{"start":{"line":187,"column":27},"end":{"line":187,"column":46}},"67":{"start":{"line":188,"column":30},"end":{"line":188,"column":62}},"68":{"start":{"line":190,"column":8},"end":{"line":204,"column":9}},"69":{"start":{"line":191,"column":10},"end":{"line":195,"column":13}},"70":{"start":{"line":198,"column":10},"end":{"line":203,"column":11}},"71":{"start":{"line":199,"column":12},"end":{"line":202,"column":14}},"72":{"start":{"line":206,"column":8},"end":{"line":206,"column":42}},"73":{"start":{"line":216,"column":21},"end":{"line":216,"column":90}},"74":{"start":{"line":217,"column":23},"end":{"line":217,"column":27}},"75":{"start":{"line":219,"column":2},"end":{"line":245,"column":11}},"76":{"start":{"line":220,"column":15},"end":{"line":220,"column":28}},"77":{"start":{"line":222,"column":4},"end":{"line":244,"column":5}},"78":{"start":{"line":223,"column":6},"end":{"line":243,"column":7}},"79":{"start":{"line":224,"column":21},"end":{"line":224,"column":44}},"80":{"start":{"line":226,"column":8},"end":{"line":238,"column":9}},"81":{"start":{"line":227,"column":26},"end":{"line":227,"column":62}},"82":{"start":{"line":228,"column":24},"end":{"line":228,"column":43}},"83":{"start":{"line":231,"column":10},"end":{"line":237,"column":13}},"84":{"start":{"line":240,"column":8},"end":{"line":240,"column":36}},"85":{"start":{"line":247,"column":2},"end":{"line":247,"column":56}},"86":{"start":{"line":254,"column":51},"end":{"line":254,"column":58}},"87":{"start":{"line":257,"column":2},"end":{"line":257,"column":25}},"88":{"start":{"line":260,"column":2},"end":{"line":260,"column":66}},"89":{"start":{"line":262,"column":2},"end":{"line":262,"column":18}},"90":{"start":{"line":265,"column":0},"end":{"line":270,"column":2}}},"fnMap":{"0":{"name":"setupWebSocketIntegration","decl":{"start":{"line":14,"column":9},"end":{"line":14,"column":34}},"loc":{"start":{"line":14,"column":73},"end":{"line":248,"column":1}},"line":14},"1":{"name":"(anonymous_1)","decl":{"start":{"line":20,"column":34},"end":{"line":20,"column":35}},"loc":{"start":{"line":20,"column":44},"end":{"line":26,"column":5}},"line":20},"2":{"name":"(anonymous_2)","decl":{"start":{"line":28,"column":35},"end":{"line":28,"column":36}},"loc":{"start":{"line":28,"column":45},"end":{"line":34,"column":5}},"line":28},"3":{"name":"(anonymous_3)","decl":{"start":{"line":36,"column":34},"end":{"line":36,"column":35}},"loc":{"start":{"line":36,"column":44},"end":{"line":40,"column":5}},"line":36},"4":{"name":"(anonymous_4)","decl":{"start":{"line":42,"column":36},"end":{"line":42,"column":37}},"loc":{"start":{"line":42,"column":46},"end":{"line":51,"column":5}},"line":42},"5":{"name":"(anonymous_5)","decl":{"start":{"line":57,"column":32},"end":{"line":57,"column":33}},"loc":{"start":{"line":57,"column":42},"end":{"line":59,"column":5}},"line":57},"6":{"name":"(anonymous_6)","decl":{"start":{"line":61,"column":32},"end":{"line":61,"column":33}},"loc":{"start":{"line":61,"column":42},"end":{"line":63,"column":5}},"line":61},"7":{"name":"(anonymous_7)","decl":{"start":{"line":65,"column":34},"end":{"line":65,"column":35}},"loc":{"start":{"line":65,"column":44},"end":{"line":67,"column":5}},"line":65},"8":{"name":"(anonymous_8)","decl":{"start":{"line":69,"column":33},"end":{"line":69,"column":34}},"loc":{"start":{"line":69,"column":43},"end":{"line":71,"column":5}},"line":69},"9":{"name":"(anonymous_9)","decl":{"start":{"line":73,"column":34},"end":{"line":73,"column":35}},"loc":{"start":{"line":73,"column":44},"end":{"line":75,"column":5}},"line":73},"10":{"name":"(anonymous_10)","decl":{"start":{"line":84,"column":37},"end":{"line":84,"column":38}},"loc":{"start":{"line":84,"column":55},"end":{"line":100,"column":7}},"line":84},"11":{"name":"(anonymous_11)","decl":{"start":{"line":110,"column":16},"end":{"line":110,"column":17}},"loc":{"start":{"line":110,"column":22},"end":{"line":126,"column":5}},"line":110},"12":{"name":"(anonymous_12)","decl":{"start":{"line":114,"column":26},"end":{"line":114,"column":27}},"loc":{"start":{"line":114,"column":35},"end":{"line":125,"column":7}},"line":114},"13":{"name":"checkAgentStates","decl":{"start":{"line":135,"column":11},"end":{"line":135,"column":27}},"loc":{"start":{"line":135,"column":30},"end":{"line":170,"column":3}},"line":135},"14":{"name":"(anonymous_14)","decl":{"start":{"line":140,"column":16},"end":{"line":140,"column":17}},"loc":{"start":{"line":140,"column":26},"end":{"line":140,"column":46}},"line":140},"15":{"name":"(anonymous_15)","decl":{"start":{"line":141,"column":13},"end":{"line":141,"column":14}},"loc":{"start":{"line":141,"column":23},"end":{"line":141,"column":34}},"line":141},"16":{"name":"(anonymous_16)","decl":{"start":{"line":180,"column":14},"end":{"line":180,"column":15}},"loc":{"start":{"line":180,"column":20},"end":{"line":211,"column":3}},"line":180},"17":{"name":"(anonymous_17)","decl":{"start":{"line":219,"column":14},"end":{"line":219,"column":15}},"loc":{"start":{"line":219,"column":20},"end":{"line":245,"column":3}},"line":219},"18":{"name":"startWebSocketServer","decl":{"start":{"line":253,"column":15},"end":{"line":253,"column":35}},"loc":{"start":{"line":253,"column":50},"end":{"line":263,"column":1}},"line":253}},"branchMap":{"0":{"loc":{"start":{"line":19,"column":2},"end":{"line":52,"column":3}},"type":"if","locations":[{"start":{"line":19,"column":2},"end":{"line":52,"column":3}},{"start":{},"end":{}}],"line":19},"1":{"loc":{"start":{"line":56,"column":2},"end":{"line":76,"column":3}},"type":"if","locations":[{"start":{"line":56,"column":2},"end":{"line":76,"column":3}},{"start":{},"end":{}}],"line":56},"2":{"loc":{"start":{"line":80,"column":2},"end":{"line":127,"column":3}},"type":"if","locations":[{"start":{"line":80,"column":2},"end":{"line":127,"column":3}},{"start":{},"end":{}}],"line":80},"3":{"loc":{"start":{"line":83,"column":4},"end":{"line":101,"column":5}},"type":"if","locations":[{"start":{"line":83,"column":4},"end":{"line":101,"column":5}},{"start":{},"end":{}}],"line":83},"4":{"loc":{"start":{"line":89,"column":8},"end":{"line":97,"column":9}},"type":"if","locations":[{"start":{"line":89,"column":8},"end":{"line":97,"column":9}},{"start":{},"end":{}}],"line":89},"5":{"loc":{"start":{"line":89,"column":12},"end":{"line":89,"column":49}},"type":"binary-expr","locations":[{"start":{"line":89,"column":12},"end":{"line":89,"column":23}},{"start":{"line":89,"column":27},"end":{"line":89,"column":49}}],"line":89},"6":{"loc":{"start":{"line":117,"column":8},"end":{"line":124,"column":9}},"type":"if","locations":[{"start":{"line":117,"column":8},"end":{"line":124,"column":9}},{"start":{},"end":{}}],"line":117},"7":{"loc":{"start":{"line":146,"column":8},"end":{"line":165,"column":9}},"type":"if","locations":[{"start":{"line":146,"column":8},"end":{"line":165,"column":9}},{"start":{},"end":{}}],"line":146},"8":{"loc":{"start":{"line":153,"column":12},"end":{"line":159,"column":13}},"type":"if","locations":[{"start":{"line":153,"column":12},"end":{"line":159,"column":13}},{"start":{},"end":{}}],"line":153},"9":{"loc":{"start":{"line":153,"column":16},"end":{"line":153,"column":70}},"type":"binary-expr","locations":[{"start":{"line":153,"column":16},"end":{"line":153,"column":29}},{"start":{"line":153,"column":33},"end":{"line":153,"column":70}}],"line":153},"10":{"loc":{"start":{"line":184,"column":4},"end":{"line":210,"column":5}},"type":"if","locations":[{"start":{"line":184,"column":4},"end":{"line":210,"column":5}},{"start":{},"end":{}}],"line":184},"11":{"loc":{"start":{"line":190,"column":8},"end":{"line":204,"column":9}},"type":"if","locations":[{"start":{"line":190,"column":8},"end":{"line":204,"column":9}},{"start":{},"end":{}}],"line":190},"12":{"loc":{"start":{"line":190,"column":12},"end":{"line":190,"column":68}},"type":"binary-expr","locations":[{"start":{"line":190,"column":12},"end":{"line":190,"column":29}},{"start":{"line":190,"column":33},"end":{"line":190,"column":68}}],"line":190},"13":{"loc":{"start":{"line":198,"column":10},"end":{"line":203,"column":11}},"type":"if","locations":[{"start":{"line":198,"column":10},"end":{"line":203,"column":11}},{"start":{},"end":{}}],"line":198},"14":{"loc":{"start":{"line":198,"column":14},"end":{"line":198,"column":76}},"type":"binary-expr","locations":[{"start":{"line":198,"column":14},"end":{"line":198,"column":41}},{"start":{"line":198,"column":45},"end":{"line":198,"column":76}}],"line":198},"15":{"loc":{"start":{"line":222,"column":4},"end":{"line":244,"column":5}},"type":"if","locations":[{"start":{"line":222,"column":4},"end":{"line":244,"column":5}},{"start":{},"end":{}}],"line":222},"16":{"loc":{"start":{"line":226,"column":8},"end":{"line":238,"column":9}},"type":"if","locations":[{"start":{"line":226,"column":8},"end":{"line":238,"column":9}},{"start":{},"end":{}}],"line":226},"17":{"loc":{"start":{"line":226,"column":12},"end":{"line":226,"column":57}},"type":"binary-expr","locations":[{"start":{"line":226,"column":12},"end":{"line":226,"column":26}},{"start":{"line":226,"column":30},"end":{"line":226,"column":57}}],"line":226},"18":{"loc":{"start":{"line":234,"column":25},"end":{"line":234,"column":64}},"type":"cond-expr","locations":[{"start":{"line":234,"column":48},"end":{"line":234,"column":60}},{"start":{"line":234,"column":63},"end":{"line":234,"column":64}}],"line":234},"19":{"loc":{"start":{"line":253,"column":36},"end":{"line":253,"column":48}},"type":"default-arg","locations":[{"start":{"line":253,"column":46},"end":{"line":253,"column":48}}],"line":253}},"s":{"0":0,"1":0,"2":0,"3":0,"4":0,"5":0,"6":0,"7":0,"8":0,"9":0,"10":0,"11":0,"12":0,"13":0,"14":0,"15":0,"16":0,"17":0,"18":0,"19":0,"20":0,"21":0,"22":0,"23":0,"24":0,"25":0,"26":0,"27":0,"28":0,"29":0,"30":0,"31":0,"32":0,"33":0,"34":0,"35":0,"36":0,"37":0,"38":0,"39":0,"40":0,"41":0,"42":0,"43":0,"44":0,"45":0,"46":0,"47":0,"48":0,"49":0,"50":0,"51":0,"52":0,"53":0,"54":0,"55":0,"56":0,"57":0,"58":0,"59":0,"60":0,"61":0,"62":0,"63":0,"64":0,"65":0,"66":0,"67":0,"68":0,"69":0,"70":0,"71":0,"72":0,"73":0,"74":0,"75":0,"76":0,"77":0,"78":0,"79":0,"80":0,"81":0,"82":0,"83":0,"84":0,"85":0,"86":0,"87":0,"88":0,"89":0,"90":0},"f":{"0":0,"1":0,"2":0,"3":0,"4":0,"5":0,"6":0,"7":0,"8":0,"9":0,"10":0,"11":0,"12":0,"13":0,"14":0,"15":0,"16":0,"17":0,"18":0},"b":{"0":[0,0],"1":[0,0],"2":[0,0],"3":[0,0],"4":[0,0],"5":[0,0],"6":[0,0],"7":[0,0],"8":[0,0],"9":[0,0],"10":[0,0],"11":[0,0],"12":[0,0],"13":[0,0],"14":[0,0],"15":[0,0],"16":[0,0],"17":[0,0],"18":[0,0],"19":[0]}}
,"/root/.openclaw/workspace/mission-control/api/websocket.js": {"path":"/root/.openclaw/workspace/mission-control/api/websocket.js","statementMap":{"0":{"start":{"line":14,"column":18},"end":{"line":14,"column":31}},"1":{"start":{"line":15,"column":13},"end":{"line":15,"column":28}},"2":{"start":{"line":16,"column":12},"end":{"line":16,"column":26}},"3":{"start":{"line":17,"column":21},"end":{"line":17,"column":38}},"4":{"start":{"line":20,"column":15},"end":{"line":25,"column":1}},"5":{"start":{"line":28,"column":20},"end":{"line":58,"column":1}},"6":{"start":{"line":65,"column":4},"end":{"line":65,"column":12}},"7":{"start":{"line":66,"column":4},"end":{"line":66,"column":44}},"8":{"start":{"line":67,"column":4},"end":{"line":67,"column":29}},"9":{"start":{"line":68,"column":4},"end":{"line":68,"column":23}},"10":{"start":{"line":69,"column":4},"end":{"line":69,"column":20}},"11":{"start":{"line":70,"column":4},"end":{"line":70,"column":31}},"12":{"start":{"line":71,"column":4},"end":{"line":71,"column":29}},"13":{"start":{"line":72,"column":4},"end":{"line":72,"column":26}},"14":{"start":{"line":79,"column":4},"end":{"line":125,"column":7}},"15":{"start":{"line":81,"column":6},"end":{"line":83,"column":9}},"16":{"start":{"line":82,"column":8},"end":{"line":82,"column":41}},"17":{"start":{"line":86,"column":6},"end":{"line":103,"column":9}},"18":{"start":{"line":106,"column":6},"end":{"line":108,"column":9}},"19":{"start":{"line":107,"column":8},"end":{"line":107,"column":39}},"20":{"start":{"line":111,"column":6},"end":{"line":114,"column":9}},"21":{"start":{"line":112,"column":8},"end":{"line":112,"column":54}},"22":{"start":{"line":113,"column":8},"end":{"line":113,"column":32}},"23":{"start":{"line":117,"column":6},"end":{"line":122,"column":9}},"24":{"start":{"line":118,"column":8},"end":{"line":118,"column":79}},"25":{"start":{"line":119,"column":8},"end":{"line":119,"column":78}},"26":{"start":{"line":120,"column":8},"end":{"line":120,"column":30}},"27":{"start":{"line":121,"column":8},"end":{"line":121,"column":18}},"28":{"start":{"line":124,"column":6},"end":{"line":124,"column":38}},"29":{"start":{"line":132,"column":22},"end":{"line":132,"column":46}},"30":{"start":{"line":135,"column":4},"end":{"line":135,"column":54}},"31":{"start":{"line":136,"column":4},"end":{"line":136,"column":66}},"32":{"start":{"line":137,"column":4},"end":{"line":137,"column":54}},"33":{"start":{"line":139,"column":4},"end":{"line":143,"column":5}},"34":{"start":{"line":140,"column":6},"end":{"line":140,"column":25}},"35":{"start":{"line":141,"column":6},"end":{"line":141,"column":16}},"36":{"start":{"line":142,"column":6},"end":{"line":142,"column":13}},"37":{"start":{"line":145,"column":19},"end":{"line":145,"column":41}},"38":{"start":{"line":146,"column":21},"end":{"line":146,"column":24}},"39":{"start":{"line":148,"column":4},"end":{"line":166,"column":5}},"40":{"start":{"line":149,"column":6},"end":{"line":154,"column":8}},"41":{"start":{"line":155,"column":6},"end":{"line":155,"column":23}},"42":{"start":{"line":156,"column":11},"end":{"line":166,"column":5}},"43":{"start":{"line":157,"column":6},"end":{"line":157,"column":35}},"44":{"start":{"line":158,"column":6},"end":{"line":158,"column":23}},"45":{"start":{"line":159,"column":11},"end":{"line":166,"column":5}},"46":{"start":{"line":160,"column":6},"end":{"line":164,"column":8}},"47":{"start":{"line":165,"column":6},"end":{"line":165,"column":23}},"48":{"start":{"line":168,"column":4},"end":{"line":168,"column":30}},"49":{"start":{"line":169,"column":4},"end":{"line":169,"column":47}},"50":{"start":{"line":177,"column":4},"end":{"line":180,"column":5}},"51":{"start":{"line":178,"column":6},"end":{"line":178,"column":48}},"52":{"start":{"line":179,"column":6},"end":{"line":179,"column":13}},"53":{"start":{"line":183,"column":21},"end":{"line":183,"column":44}},"54":{"start":{"line":184,"column":23},"end":{"line":192,"column":5}},"55":{"start":{"line":194,"column":4},"end":{"line":194,"column":43}},"56":{"start":{"line":196,"column":4},"end":{"line":196,"column":81}},"57":{"start":{"line":199,"column":4},"end":{"line":209,"column":7}},"58":{"start":{"line":200,"column":6},"end":{"line":208,"column":9}},"59":{"start":{"line":212,"column":4},"end":{"line":214,"column":7}},"60":{"start":{"line":213,"column":6},"end":{"line":213,"column":47}},"61":{"start":{"line":217,"column":4},"end":{"line":219,"column":7}},"62":{"start":{"line":218,"column":6},"end":{"line":218,"column":52}},"63":{"start":{"line":222,"column":4},"end":{"line":225,"column":7}},"64":{"start":{"line":223,"column":6},"end":{"line":223,"column":69}},"65":{"start":{"line":224,"column":6},"end":{"line":224,"column":57}},"66":{"start":{"line":228,"column":4},"end":{"line":228,"column":59}},"67":{"start":{"line":229,"column":4},"end":{"line":232,"column":30}},"68":{"start":{"line":239,"column":19},"end":{"line":239,"column":45}},"69":{"start":{"line":240,"column":4},"end":{"line":240,"column":24}},"70":{"start":{"line":240,"column":17},"end":{"line":240,"column":24}},"71":{"start":{"line":242,"column":4},"end":{"line":288,"column":5}},"72":{"start":{"line":243,"column":22},"end":{"line":243,"column":49}},"73":{"start":{"line":245,"column":6},"end":{"line":281,"column":7}},"74":{"start":{"line":248,"column":10},"end":{"line":254,"column":11}},"75":{"start":{"line":249,"column":12},"end":{"line":249,"column":77}},"76":{"start":{"line":249,"column":44},"end":{"line":249,"column":75}},"77":{"start":{"line":250,"column":12},"end":{"line":253,"column":15}},"78":{"start":{"line":255,"column":10},"end":{"line":255,"column":16}},"79":{"start":{"line":259,"column":10},"end":{"line":261,"column":11}},"80":{"start":{"line":260,"column":12},"end":{"line":260,"column":80}},"81":{"start":{"line":260,"column":44},"end":{"line":260,"column":78}},"82":{"start":{"line":262,"column":10},"end":{"line":262,"column":16}},"83":{"start":{"line":265,"column":10},"end":{"line":265,"column":39}},"84":{"start":{"line":266,"column":10},"end":{"line":266,"column":94}},"85":{"start":{"line":267,"column":10},"end":{"line":267,"column":16}},"86":{"start":{"line":271,"column":24},"end":{"line":271,"column":43}},"87":{"start":{"line":272,"column":10},"end":{"line":275,"column":13}},"88":{"start":{"line":276,"column":10},"end":{"line":276,"column":16}},"89":{"start":{"line":280,"column":10},"end":{"line":280,"column":54}},"90":{"start":{"line":283,"column":6},"end":{"line":283,"column":70}},"91":{"start":{"line":284,"column":6},"end":{"line":287,"column":9}},"92":{"start":{"line":295,"column":19},"end":{"line":295,"column":45}},"93":{"start":{"line":296,"column":4},"end":{"line":296,"column":24}},"94":{"start":{"line":296,"column":17},"end":{"line":296,"column":24}},"95":{"start":{"line":298,"column":4},"end":{"line":298,"column":34}},"96":{"start":{"line":299,"column":4},"end":{"line":299,"column":88}},"97":{"start":{"line":301,"column":4},"end":{"line":301,"column":64}},"98":{"start":{"line":302,"column":4},"end":{"line":305,"column":7}},"99":{"start":{"line":312,"column":19},"end":{"line":312,"column":45}},"100":{"start":{"line":313,"column":4},"end":{"line":315,"column":5}},"101":{"start":{"line":314,"column":6},"end":{"line":314,"column":19}},"102":{"start":{"line":317,"column":4},"end":{"line":323,"column":5}},"103":{"start":{"line":318,"column":6},"end":{"line":318,"column":46}},"104":{"start":{"line":319,"column":6},"end":{"line":319,"column":18}},"105":{"start":{"line":321,"column":6},"end":{"line":321,"column":67}},"106":{"start":{"line":322,"column":6},"end":{"line":322,"column":19}},"107":{"start":{"line":330,"column":32},"end":{"line":330,"column":39}},"108":{"start":{"line":333,"column":4},"end":{"line":333,"column":31}},"109":{"start":{"line":335,"column":20},"end":{"line":335,"column":21}},"110":{"start":{"line":336,"column":4},"end":{"line":356,"column":5}},"111":{"start":{"line":338,"column":6},"end":{"line":338,"column":52}},"112":{"start":{"line":338,"column":43},"end":{"line":338,"column":52}},"113":{"start":{"line":341,"column":6},"end":{"line":341,"column":55}},"114":{"start":{"line":341,"column":46},"end":{"line":341,"column":55}},"115":{"start":{"line":344,"column":6},"end":{"line":351,"column":7}},"116":{"start":{"line":345,"column":30},"end":{"line":345,"column":56}},"117":{"start":{"line":346,"column":8},"end":{"line":350,"column":9}},"118":{"start":{"line":349,"column":10},"end":{"line":349,"column":19}},"119":{"start":{"line":353,"column":6},"end":{"line":355,"column":7}},"120":{"start":{"line":354,"column":8},"end":{"line":354,"column":20}},"121":{"start":{"line":358,"column":4},"end":{"line":358,"column":21}},"122":{"start":{"line":365,"column":4},"end":{"line":368,"column":7}},"123":{"start":{"line":369,"column":4},"end":{"line":371,"column":5}},"124":{"start":{"line":370,"column":6},"end":{"line":370,"column":32}},"125":{"start":{"line":378,"column":4},"end":{"line":392,"column":38}},"126":{"start":{"line":379,"column":18},"end":{"line":379,"column":28}},"127":{"start":{"line":380,"column":22},"end":{"line":380,"column":55}},"128":{"start":{"line":382,"column":6},"end":{"line":391,"column":7}},"129":{"start":{"line":383,"column":8},"end":{"line":390,"column":9}},"130":{"start":{"line":384,"column":10},"end":{"line":384,"column":57}},"131":{"start":{"line":385,"column":10},"end":{"line":385,"column":32}},"132":{"start":{"line":386,"column":10},"end":{"line":386,"column":40}},"133":{"start":{"line":389,"column":10},"end":{"line":389,"column":66}},"134":{"start":{"line":399,"column":4},"end":{"line":422,"column":7}},"135":{"start":{"line":400,"column":6},"end":{"line":403,"column":7}},"136":{"start":{"line":401,"column":8},"end":{"line":401,"column":43}},"137":{"start":{"line":402,"column":8},"end":{"line":402,"column":35}},"138":{"start":{"line":406,"column":6},"end":{"line":408,"column":7}},"139":{"start":{"line":407,"column":8},"end":{"line":407,"column":54}},"140":{"start":{"line":409,"column":6},"end":{"line":409,"column":27}},"141":{"start":{"line":411,"column":6},"end":{"line":421,"column":7}},"142":{"start":{"line":412,"column":8},"end":{"line":418,"column":11}},"143":{"start":{"line":413,"column":10},"end":{"line":417,"column":11}},"144":{"start":{"line":414,"column":12},"end":{"line":414,"column":39}},"145":{"start":{"line":416,"column":12},"end":{"line":416,"column":22}},"146":{"start":{"line":420,"column":8},"end":{"line":420,"column":18}},"147":{"start":{"line":429,"column":4},"end":{"line":429,"column":86}},"148":{"start":{"line":436,"column":4},"end":{"line":447,"column":6}},"149":{"start":{"line":456,"column":4},"end":{"line":464,"column":7}},"150":{"start":{"line":471,"column":4},"end":{"line":477,"column":7}},"151":{"start":{"line":484,"column":4},"end":{"line":491,"column":7}},"152":{"start":{"line":498,"column":4},"end":{"line":506,"column":7}},"153":{"start":{"line":513,"column":4},"end":{"line":519,"column":7}},"154":{"start":{"line":526,"column":4},"end":{"line":533,"column":7}},"155":{"start":{"line":540,"column":4},"end":{"line":547,"column":7}},"156":{"start":{"line":554,"column":4},"end":{"line":562,"column":7}},"157":{"start":{"line":569,"column":4},"end":{"line":578,"column":7}},"158":{"start":{"line":585,"column":4},"end":{"line":595,"column":7}},"159":{"start":{"line":602,"column":4},"end":{"line":610,"column":7}},"160":{"start":{"line":617,"column":4},"end":{"line":624,"column":7}},"161":{"start":{"line":631,"column":4},"end":{"line":639,"column":7}},"162":{"start":{"line":644,"column":17},"end":{"line":644,"column":40}},"163":{"start":{"line":646,"column":0},"end":{"line":650,"column":2}},"164":{"start":{"line":653,"column":0},"end":{"line":669,"column":1}},"165":{"start":{"line":654,"column":2},"end":{"line":657,"column":5}},"166":{"start":{"line":655,"column":4},"end":{"line":655,"column":60}},"167":{"start":{"line":656,"column":4},"end":{"line":656,"column":20}},"168":{"start":{"line":660,"column":2},"end":{"line":663,"column":5}},"169":{"start":{"line":661,"column":4},"end":{"line":661,"column":71}},"170":{"start":{"line":662,"column":4},"end":{"line":662,"column":48}},"171":{"start":{"line":662,"column":31},"end":{"line":662,"column":46}},"172":{"start":{"line":665,"column":2},"end":{"line":668,"column":5}},"173":{"start":{"line":666,"column":4},"end":{"line":666,"column":70}},"174":{"start":{"line":667,"column":4},"end":{"line":667,"column":48}},"175":{"start":{"line":667,"column":31},"end":{"line":667,"column":46}}},"fnMap":{"0":{"name":"(anonymous_0)","decl":{"start":{"line":64,"column":2},"end":{"line":64,"column":3}},"loc":{"start":{"line":64,"column":28},"end":{"line":73,"column":3}},"line":64},"1":{"name":"(anonymous_1)","decl":{"start":{"line":78,"column":2},"end":{"line":78,"column":3}},"loc":{"start":{"line":78,"column":10},"end":{"line":126,"column":3}},"line":78},"2":{"name":"(anonymous_2)","decl":{"start":{"line":79,"column":23},"end":{"line":79,"column":24}},"loc":{"start":{"line":79,"column":44},"end":{"line":125,"column":5}},"line":79},"3":{"name":"(anonymous_3)","decl":{"start":{"line":81,"column":38},"end":{"line":81,"column":39}},"loc":{"start":{"line":81,"column":52},"end":{"line":83,"column":7}},"line":81},"4":{"name":"(anonymous_4)","decl":{"start":{"line":106,"column":32},"end":{"line":106,"column":33}},"loc":{"start":{"line":106,"column":45},"end":{"line":108,"column":7}},"line":106},"5":{"name":"(anonymous_5)","decl":{"start":{"line":111,"column":27},"end":{"line":111,"column":28}},"loc":{"start":{"line":111,"column":36},"end":{"line":114,"column":7}},"line":111},"6":{"name":"(anonymous_6)","decl":{"start":{"line":117,"column":43},"end":{"line":117,"column":44}},"loc":{"start":{"line":117,"column":49},"end":{"line":122,"column":7}},"line":117},"7":{"name":"(anonymous_7)","decl":{"start":{"line":131,"column":2},"end":{"line":131,"column":3}},"loc":{"start":{"line":131,"column":30},"end":{"line":170,"column":3}},"line":131},"8":{"name":"(anonymous_8)","decl":{"start":{"line":175,"column":2},"end":{"line":175,"column":3}},"loc":{"start":{"line":175,"column":28},"end":{"line":233,"column":3}},"line":175},"9":{"name":"(anonymous_9)","decl":{"start":{"line":199,"column":17},"end":{"line":199,"column":18}},"loc":{"start":{"line":199,"column":23},"end":{"line":209,"column":5}},"line":199},"10":{"name":"(anonymous_10)","decl":{"start":{"line":212,"column":21},"end":{"line":212,"column":22}},"loc":{"start":{"line":212,"column":31},"end":{"line":214,"column":5}},"line":212},"11":{"name":"(anonymous_11)","decl":{"start":{"line":217,"column":19},"end":{"line":217,"column":20}},"loc":{"start":{"line":217,"column":37},"end":{"line":219,"column":5}},"line":217},"12":{"name":"(anonymous_12)","decl":{"start":{"line":222,"column":19},"end":{"line":222,"column":20}},"loc":{"start":{"line":222,"column":28},"end":{"line":225,"column":5}},"line":222},"13":{"name":"(anonymous_13)","decl":{"start":{"line":238,"column":2},"end":{"line":238,"column":3}},"loc":{"start":{"line":238,"column":38},"end":{"line":289,"column":3}},"line":238},"14":{"name":"(anonymous_14)","decl":{"start":{"line":249,"column":35},"end":{"line":249,"column":36}},"loc":{"start":{"line":249,"column":44},"end":{"line":249,"column":75}},"line":249},"15":{"name":"(anonymous_15)","decl":{"start":{"line":260,"column":35},"end":{"line":260,"column":36}},"loc":{"start":{"line":260,"column":44},"end":{"line":260,"column":78}},"line":260},"16":{"name":"(anonymous_16)","decl":{"start":{"line":294,"column":2},"end":{"line":294,"column":3}},"loc":{"start":{"line":294,"column":43},"end":{"line":306,"column":3}},"line":294},"17":{"name":"(anonymous_17)","decl":{"start":{"line":311,"column":2},"end":{"line":311,"column":3}},"loc":{"start":{"line":311,"column":34},"end":{"line":324,"column":3}},"line":311},"18":{"name":"(anonymous_18)","decl":{"start":{"line":329,"column":2},"end":{"line":329,"column":3}},"loc":{"start":{"line":329,"column":35},"end":{"line":359,"column":3}},"line":329},"19":{"name":"(anonymous_19)","decl":{"start":{"line":364,"column":2},"end":{"line":364,"column":3}},"loc":{"start":{"line":364,"column":24},"end":{"line":372,"column":3}},"line":364},"20":{"name":"(anonymous_20)","decl":{"start":{"line":377,"column":2},"end":{"line":377,"column":3}},"loc":{"start":{"line":377,"column":19},"end":{"line":393,"column":3}},"line":377},"21":{"name":"(anonymous_21)","decl":{"start":{"line":378,"column":38},"end":{"line":378,"column":39}},"loc":{"start":{"line":378,"column":44},"end":{"line":392,"column":5}},"line":378},"22":{"name":"(anonymous_22)","decl":{"start":{"line":398,"column":2},"end":{"line":398,"column":3}},"loc":{"start":{"line":398,"column":9},"end":{"line":423,"column":3}},"line":398},"23":{"name":"(anonymous_23)","decl":{"start":{"line":399,"column":23},"end":{"line":399,"column":24}},"loc":{"start":{"line":399,"column":36},"end":{"line":422,"column":5}},"line":399},"24":{"name":"(anonymous_24)","decl":{"start":{"line":412,"column":23},"end":{"line":412,"column":24}},"loc":{"start":{"line":412,"column":29},"end":{"line":418,"column":9}},"line":412},"25":{"name":"(anonymous_25)","decl":{"start":{"line":428,"column":2},"end":{"line":428,"column":3}},"loc":{"start":{"line":428,"column":21},"end":{"line":430,"column":3}},"line":428},"26":{"name":"(anonymous_26)","decl":{"start":{"line":435,"column":2},"end":{"line":435,"column":3}},"loc":{"start":{"line":435,"column":15},"end":{"line":448,"column":3}},"line":435},"27":{"name":"(anonymous_27)","decl":{"start":{"line":455,"column":2},"end":{"line":455,"column":3}},"loc":{"start":{"line":455,"column":54},"end":{"line":465,"column":3}},"line":455},"28":{"name":"(anonymous_28)","decl":{"start":{"line":470,"column":2},"end":{"line":470,"column":3}},"loc":{"start":{"line":470,"column":31},"end":{"line":478,"column":3}},"line":470},"29":{"name":"(anonymous_29)","decl":{"start":{"line":483,"column":2},"end":{"line":483,"column":3}},"loc":{"start":{"line":483,"column":40},"end":{"line":492,"column":3}},"line":483},"30":{"name":"(anonymous_30)","decl":{"start":{"line":497,"column":2},"end":{"line":497,"column":3}},"loc":{"start":{"line":497,"column":46},"end":{"line":507,"column":3}},"line":497},"31":{"name":"(anonymous_31)","decl":{"start":{"line":512,"column":2},"end":{"line":512,"column":3}},"loc":{"start":{"line":512,"column":29},"end":{"line":520,"column":3}},"line":512},"32":{"name":"(anonymous_32)","decl":{"start":{"line":525,"column":2},"end":{"line":525,"column":3}},"loc":{"start":{"line":525,"column":40},"end":{"line":534,"column":3}},"line":525},"33":{"name":"(anonymous_33)","decl":{"start":{"line":539,"column":2},"end":{"line":539,"column":3}},"loc":{"start":{"line":539,"column":41},"end":{"line":548,"column":3}},"line":539},"34":{"name":"(anonymous_34)","decl":{"start":{"line":553,"column":2},"end":{"line":553,"column":3}},"loc":{"start":{"line":553,"column":53},"end":{"line":563,"column":3}},"line":553},"35":{"name":"(anonymous_35)","decl":{"start":{"line":568,"column":2},"end":{"line":568,"column":3}},"loc":{"start":{"line":568,"column":65},"end":{"line":579,"column":3}},"line":568},"36":{"name":"(anonymous_36)","decl":{"start":{"line":584,"column":2},"end":{"line":584,"column":3}},"loc":{"start":{"line":584,"column":74},"end":{"line":596,"column":3}},"line":584},"37":{"name":"(anonymous_37)","decl":{"start":{"line":601,"column":2},"end":{"line":601,"column":3}},"loc":{"start":{"line":601,"column":53},"end":{"line":611,"column":3}},"line":601},"38":{"name":"(anonymous_38)","decl":{"start":{"line":616,"column":2},"end":{"line":616,"column":3}},"loc":{"start":{"line":616,"column":46},"end":{"line":625,"column":3}},"line":616},"39":{"name":"(anonymous_39)","decl":{"start":{"line":630,"column":2},"end":{"line":630,"column":3}},"loc":{"start":{"line":630,"column":54},"end":{"line":640,"column":3}},"line":630},"40":{"name":"(anonymous_40)","decl":{"start":{"line":654,"column":25},"end":{"line":654,"column":26}},"loc":{"start":{"line":654,"column":32},"end":{"line":657,"column":3}},"line":654},"41":{"name":"(anonymous_41)","decl":{"start":{"line":660,"column":24},"end":{"line":660,"column":25}},"loc":{"start":{"line":660,"column":30},"end":{"line":663,"column":3}},"line":660},"42":{"name":"(anonymous_42)","decl":{"start":{"line":662,"column":25},"end":{"line":662,"column":26}},"loc":{"start":{"line":662,"column":31},"end":{"line":662,"column":46}},"line":662},"43":{"name":"(anonymous_43)","decl":{"start":{"line":665,"column":23},"end":{"line":665,"column":24}},"loc":{"start":{"line":665,"column":29},"end":{"line":668,"column":3}},"line":665},"44":{"name":"(anonymous_44)","decl":{"start":{"line":667,"column":25},"end":{"line":667,"column":26}},"loc":{"start":{"line":667,"column":31},"end":{"line":667,"column":46}},"line":667}},"branchMap":{"0":{"loc":{"start":{"line":21,"column":8},"end":{"line":21,"column":35}},"type":"binary-expr","locations":[{"start":{"line":21,"column":8},"end":{"line":21,"column":27}},{"start":{"line":21,"column":31},"end":{"line":21,"column":35}}],"line":21},"1":{"loc":{"start":{"line":64,"column":14},"end":{"line":64,"column":26}},"type":"default-arg","locations":[{"start":{"line":64,"column":24},"end":{"line":64,"column":26}}],"line":64},"2":{"loc":{"start":{"line":139,"column":4},"end":{"line":143,"column":5}},"type":"if","locations":[{"start":{"line":139,"column":4},"end":{"line":143,"column":5}},{"start":{},"end":{}}],"line":139},"3":{"loc":{"start":{"line":148,"column":4},"end":{"line":166,"column":5}},"type":"if","locations":[{"start":{"line":148,"column":4},"end":{"line":166,"column":5}},{"start":{"line":156,"column":11},"end":{"line":166,"column":5}}],"line":148},"4":{"loc":{"start":{"line":156,"column":11},"end":{"line":166,"column":5}},"type":"if","locations":[{"start":{"line":156,"column":11},"end":{"line":166,"column":5}},{"start":{"line":159,"column":11},"end":{"line":166,"column":5}}],"line":156},"5":{"loc":{"start":{"line":159,"column":11},"end":{"line":166,"column":5}},"type":"if","locations":[{"start":{"line":159,"column":11},"end":{"line":166,"column":5}},{"start":{},"end":{}}],"line":159},"6":{"loc":{"start":{"line":177,"column":4},"end":{"line":180,"column":5}},"type":"if","locations":[{"start":{"line":177,"column":4},"end":{"line":180,"column":5}},{"start":{},"end":{}}],"line":177},"7":{"loc":{"start":{"line":240,"column":4},"end":{"line":240,"column":24}},"type":"if","locations":[{"start":{"line":240,"column":4},"end":{"line":240,"column":24}},{"start":{},"end":{}}],"line":240},"8":{"loc":{"start":{"line":245,"column":6},"end":{"line":281,"column":7}},"type":"switch","locations":[{"start":{"line":246,"column":8},"end":{"line":255,"column":16}},{"start":{"line":257,"column":8},"end":{"line":262,"column":16}},{"start":{"line":264,"column":8},"end":{"line":267,"column":16}},{"start":{"line":269,"column":8},"end":{"line":276,"column":16}},{"start":{"line":278,"column":8},"end":{"line":280,"column":54}}],"line":245},"9":{"loc":{"start":{"line":248,"column":10},"end":{"line":254,"column":11}},"type":"if","locations":[{"start":{"line":248,"column":10},"end":{"line":254,"column":11}},{"start":{},"end":{}}],"line":248},"10":{"loc":{"start":{"line":248,"column":14},"end":{"line":248,"column":61}},"type":"binary-expr","locations":[{"start":{"line":248,"column":14},"end":{"line":248,"column":28}},{"start":{"line":248,"column":32},"end":{"line":248,"column":61}}],"line":248},"11":{"loc":{"start":{"line":259,"column":10},"end":{"line":261,"column":11}},"type":"if","locations":[{"start":{"line":259,"column":10},"end":{"line":261,"column":11}},{"start":{},"end":{}}],"line":259},"12":{"loc":{"start":{"line":259,"column":14},"end":{"line":259,"column":61}},"type":"binary-expr","locations":[{"start":{"line":259,"column":14},"end":{"line":259,"column":28}},{"start":{"line":259,"column":32},"end":{"line":259,"column":61}}],"line":259},"13":{"loc":{"start":{"line":271,"column":24},"end":{"line":271,"column":43}},"type":"binary-expr","locations":[{"start":{"line":271,"column":24},"end":{"line":271,"column":37}},{"start":{"line":271,"column":41},"end":{"line":271,"column":43}}],"line":271},"14":{"loc":{"start":{"line":296,"column":4},"end":{"line":296,"column":24}},"type":"if","locations":[{"start":{"line":296,"column":4},"end":{"line":296,"column":24}},{"start":{},"end":{}}],"line":296},"15":{"loc":{"start":{"line":313,"column":4},"end":{"line":315,"column":5}},"type":"if","locations":[{"start":{"line":313,"column":4},"end":{"line":315,"column":5}},{"start":{},"end":{}}],"line":313},"16":{"loc":{"start":{"line":313,"column":8},"end":{"line":313,"column":58}},"type":"binary-expr","locations":[{"start":{"line":313,"column":8},"end":{"line":313,"column":15}},{"start":{"line":313,"column":19},"end":{"line":313,"column":58}}],"line":313},"17":{"loc":{"start":{"line":329,"column":21},"end":{"line":329,"column":33}},"type":"default-arg","locations":[{"start":{"line":329,"column":31},"end":{"line":329,"column":33}}],"line":329},"18":{"loc":{"start":{"line":338,"column":6},"end":{"line":338,"column":52}},"type":"if","locations":[{"start":{"line":338,"column":6},"end":{"line":338,"column":52}},{"start":{},"end":{}}],"line":338},"19":{"loc":{"start":{"line":338,"column":10},"end":{"line":338,"column":41}
[...]
,"end":{"line":266,"column":78}}],"line":266},"50":{"loc":{"start":{"line":275,"column":6},"end":{"line":275,"column":50}},"type":"if","locations":[{"start":{"line":275,"column":6},"end":{"line":275,"column":50}},{"start":{},"end":{}}],"line":275},"51":{"loc":{"start":{"line":279,"column":4},"end":{"line":281,"column":5}},"type":"if","locations":[{"start":{"line":279,"column":4},"end":{"line":281,"column":5}},{"start":{},"end":{}}],"line":279},"52":{"loc":{"start":{"line":292,"column":4},"end":{"line":294,"column":5}},"type":"if","locations":[{"start":{"line":292,"column":4},"end":{"line":294,"column":5}},{"start":{},"end":{}}],"line":292},"53":{"loc":{"start":{"line":300,"column":4},"end":{"line":300,"column":82}},"type":"if","locations":[{"start":{"line":300,"column":4},"end":{"line":300,"column":82}},{"start":{},"end":{}}],"line":300},"54":{"loc":{"start":{"line":301,"column":4},"end":{"line":301,"column":89}},"type":"if","locations":[{"start":{"line":301,"column":4},"end":{"line":301,"column":89}},{"start":{},"end":{}}],"line":301},"55":{"loc":{"start":{"line":302,"column":4},"end":{"line":302,"column":97}},"type":"if","locations":[{"start":{"line":302,"column":4},"end":{"line":302,"column":97}},{"start":{},"end":{}}],"line":302},"56":{"loc":{"start":{"line":303,"column":4},"end":{"line":303,"column":79}},"type":"if","locations":[{"start":{"line":303,"column":4},"end":{"line":303,"column":79}},{"start":{},"end":{}}],"line":303},"57":{"loc":{"start":{"line":304,"column":4},"end":{"line":304,"column":58}},"type":"if","locations":[{"start":{"line":304,"column":4},"end":{"line":304,"column":58}},{"start":{},"end":{}}],"line":304},"58":{"loc":{"start":{"line":305,"column":4},"end":{"line":305,"column":61}},"type":"if","locations":[{"start":{"line":305,"column":4},"end":{"line":305,"column":61}},{"start":{},"end":{}}],"line":305},"59":{"loc":{"start":{"line":306,"column":4},"end":{"line":306,"column":98}},"type":"if","locations":[{"start":{"line":306,"column":4},"end":{"line":306,"column":98}},{"start":{},"end":{}}],"line":306},"60":{"loc":{"start":{"line":307,"column":4},"end":{"line":307,"column":64}},"type":"if","locations":[{"start":{"line":307,"column":4},"end":{"line":307,"column":64}},{"start":{},"end":{}}],"line":307},"61":{"loc":{"start":{"line":308,"column":4},"end":{"line":308,"column":73}},"type":"if","locations":[{"start":{"line":308,"column":4},"end":{"line":308,"column":73}},{"start":{},"end":{}}],"line":308},"62":{"loc":{"start":{"line":313,"column":4},"end":{"line":315,"column":5}},"type":"if","locations":[{"start":{"line":313,"column":4},"end":{"line":315,"column":5}},{"start":{},"end":{}}],"line":313},"63":{"loc":{"start":{"line":329,"column":4},"end":{"line":339,"column":5}},"type":"switch","locations":[{"start":{"line":330,"column":6},"end":{"line":332,"column":14}},{"start":{"line":333,"column":6},"end":{"line":335,"column":14}},{"start":{"line":336,"column":6},"end":{"line":338,"column":14}}],"line":329},"64":{"loc":{"start":{"line":364,"column":4},"end":{"line":366,"column":5}},"type":"if","locations":[{"start":{"line":364,"column":4},"end":{"line":366,"column":5}},{"start":{},"end":{}}],"line":364},"65":{"loc":{"start":{"line":378,"column":4},"end":{"line":380,"column":5}},"type":"if","locations":[{"start":{"line":378,"column":4},"end":{"line":380,"column":5}},{"start":{},"end":{}}],"line":378},"66":{"loc":{"start":{"line":395,"column":22},"end":{"line":395,"column":34}},"type":"default-arg","locations":[{"start":{"line":395,"column":32},"end":{"line":395,"column":34}}],"line":395},"67":{"loc":{"start":{"line":398,"column":4},"end":{"line":400,"column":5}},"type":"if","locations":[{"start":{"line":398,"column":4},"end":{"line":400,"column":5}},{"start":{},"end":{}}],"line":398},"68":{"loc":{"start":{"line":402,"column":4},"end":{"line":405,"column":5}},"type":"if","locations":[{"start":{"line":402,"column":4},"end":{"line":405,"column":5}},{"start":{},"end":{}}],"line":402},"69":{"loc":{"start":{"line":423,"column":4},"end":{"line":425,"column":5}},"type":"if","locations":[{"start":{"line":423,"column":4},"end":{"line":425,"column":5}},{"start":{},"end":{}}],"line":423},"70":{"loc":{"start":{"line":447,"column":4},"end":{"line":449,"column":5}},"type":"if","locations":[{"start":{"line":447,"column":4},"end":{"line":449,"column":5}},{"start":{},"end":{}}],"line":447},"71":{"loc":{"start":{"line":453,"column":4},"end":{"line":455,"column":5}},"type":"if","locations":[{"start":{"line":453,"column":4},"end":{"line":455,"column":5}},{"start":{},"end":{}}],"line":453},"72":{"loc":{"start":{"line":465,"column":4},"end":{"line":467,"column":5}},"type":"if","locations":[{"start":{"line":465,"column":4},"end":{"line":467,"column":5}},{"start":{},"end":{}}],"line":465},"73":{"loc":{"start":{"line":465,"column":8},"end":{"line":465,"column":49}},"type":"binary-expr","locations":[{"start":{"line":465,"column":8},"end":{"line":465,"column":19}},{"start":{"line":465,"column":23},"end":{"line":465,"column":49}}],"line":465},"74":{"loc":{"start":{"line":491,"column":37},"end":{"line":491,"column":69}},"type":"binary-expr","locations":[{"start":{"line":491,"column":37},"end":{"line":491,"column":64}},{"start":{"line":491,"column":68},"end":{"line":491,"column":69}}],"line":491},"75":{"loc":{"start":{"line":492,"column":41},"end":{"line":492,"column":77}},"type":"binary-expr","locations":[{"start":{"line":492,"column":41},"end":{"line":492,"column":72}},{"start":{"line":492,"column":76},"end":{"line":492,"column":77}}],"line":492},"76":{"loc":{"start":{"line":493,"column":43},"end":{"line":493,"column":81}},"type":"binary-expr","locations":[{"start":{"line":493,"column":43},"end":{"line":493,"column":76}},{"start":{"line":493,"column":80},"end":{"line":493,"column":81}}],"line":493},"77":{"loc":{"start":{"line":506,"column":15},"end":{"line":506,"column":42}},"type":"binary-expr","locations":[{"start":{"line":506,"column":15},"end":{"line":506,"column":37}},{"start":{"line":506,"column":41},"end":{"line":506,"column":42}}],"line":506},"78":{"loc":{"start":{"line":507,"column":18},"end":{"line":507,"column":49}},"type":"binary-expr","locations":[{"start":{"line":507,"column":18},"end":{"line":507,"column":44}},{"start":{"line":507,"column":48},"end":{"line":507,"column":49}}],"line":507},"79":{"loc":{"start":{"line":508,"column":14},"end":{"line":508,"column":40}},"type":"binary-expr","locations":[{"start":{"line":508,"column":14},"end":{"line":508,"column":35}},{"start":{"line":508,"column":39},"end":{"line":508,"column":40}}],"line":508},"80":{"loc":{"start":{"line":510,"column":16},"end":{"line":510,"column":40}},"type":"binary-expr","locations":[{"start":{"line":510,"column":16},"end":{"line":510,"column":35}},{"start":{"line":510,"column":39},"end":{"line":510,"column":40}}],"line":510},"81":{"loc":{"start":{"line":511,"column":12},"end":{"line":511,"column":36}},"type":"binary-expr","locations":[{"start":{"line":511,"column":12},"end":{"line":511,"column":31}},{"start":{"line":511,"column":35},"end":{"line":511,"column":36}}],"line":511},"82":{"loc":{"start":{"line":520,"column":13},"end":{"line":520,"column":23}},"type":"default-arg","locations":[{"start":{"line":520,"column":21},"end":{"line":520,"column":23}}],"line":520},"83":{"loc":{"start":{"line":525,"column":6},"end":{"line":525,"column":59}},"type":"if","locations":[{"start":{"line":525,"column":6},"end":{"line":525,"column":59}},{"start":{},"end":{}}],"line":525},"84":{"loc":{"start":{"line":525,"column":10},"end":{"line":525,"column":44}},"type":"binary-expr","locations":[{"start":{"line":525,"column":10},"end":{"line":525,"column":16}},{"start":{"line":525,"column":20},"end":{"line":525,"column":44}}],"line":525},"85":{"loc":{"start":{"line":555,"column":6},"end":{"line":558,"column":61}},"type":"binary-expr","locations":[{"start":{"line":555,"column":6},"end":{"line":555,"column":54}},{"start":{"line":556,"column":6},"end":{"line":556,"column":53}},{"start":{"line":557,"column":6},"end":{"line":557,"column":64}},{"start":{"line":558,"column":7},"end":{"line":558,"column":14}},{"start":{"line":558,"column":18},"end":{"line":558,"column":60}}],"line":555},"86":{"loc":{"start":{"line":575,"column":26},"end":{"line":584,"column":27}},"type":"binary-expr","locations":[{"start":{"line":575,"column":26},"end":{"line":584,"column":20}},{"start":{"line":584,"column":24},"end":{"line":584,"column":27}}],"line":575},"87":{"loc":{"start":{"line":586,"column":170},"end":{"line":586,"column":185}},"type":"binary-expr","locations":[{"start":{"line":586,"column":170},"end":{"line":586,"column":178}},{"start":{"line":586,"column":182},"end":{"line":586,"column":185}}],"line":586},"88":{"loc":{"start":{"line":589,"column":4},"end":{"line":591,"column":5}},"type":"if","locations":[{"start":{"line":589,"column":4},"end":{"line":591,"column":5}},{"start":{},"end":{}}],"line":589},"89":{"loc":{"start":{"line":598,"column":85},"end":{"line":598,"column":123}},"type":"binary-expr","locations":[{"start":{"line":598,"column":85},"end":{"line":598,"column":116}},{"start":{"line":598,"column":120},"end":{"line":598,"column":123}}],"line":598},"90":{"loc":{"start":{"line":598,"column":129},"end":{"line":598,"column":164}},"type":"binary-expr","locations":[{"start":{"line":598,"column":129},"end":{"line":598,"column":145}},{"start":{"line":598,"column":149},"end":{"line":598,"column":164}}],"line":598}},"s":{"0":0,"1":0,"2":0,"3":0,"4":0,"5":0,"6":0,"7":0,"8":0,"9":0,"10":0,"11":0,"12":0,"13":0,"14":0,"15":0,"16":0,"17":0,"18":0,"19":0,"20":0,"21":0,"22":0,"23":0,"24":0,"25":0,"26":0,"27":0,"28":0,"29":0,"30":0,"31":0,"32":0,"33":0,"34":0,"35":0,"36":0,"37":0,"38":0,"39":0,"40":0,"41":0,"42":0,"43":0,"44":0,"45":0,"46":0,"47":0,"48":0,"49":0,"50":0,"51":0,"52":0,"53":0,"54":0,"55":0,"56":0,"57":0,"58":0,"59":0,"60":0,"61":0,"62":0,"63":0,"64":0,"65":0,"66":0,"67":0,"68":0,"69":0,"70":0,"71":0,"72":0,"73":0,"74":0,"75":0,"76":0,"77":0,"78":0,"79":0,"80":0,"81":0,"82":0,"83":0,"84":0,"85":0,"86":0,"87":0,"88":0,"89":0,"90":0,"91":0,"92":0,"93":0,"94":0,"95":0,"96":0,"97":0,"98":0,"99":0,"100":0,"101":0,"102":0,"103":0,"104":0,"105":0,"106":0,"107":0,"108":0,"109":0,"110":0,"111":0,"112":0,"113":0,"114":0,"115":0,"116":0,"117":0,"118":0,"119":0,"120":0,"121":0,"122":0,"123":0,"124":0,"125":0,"126":0,"127":0,"128":0,"129":0,"130":0,"131":0,"132":0,"133":0,"134":0,"135":0,"136":0,"137":0,"138":0,"139":0,"140":0,"141":0,"142":0,"143":0,"144":0,"145":0,"146":0,"147":0,"148":0,"149":0,"150":0,"151":0,"152":0,"153":0,"154":0,"155":0,"156":0,"157":0,"158":0,"159":0,"160":0,"161":0,"162":0,"163":0,"164":0,"165":0,"166":0,"167":0,"168":0,"169":0,"170":0,"171":0,"172":0,"173":0,"174":0,"175":0,"176":0,"177":0,"178":0,"179":0,"180":0,"181":0,"182":0,"183":0,"184":0,"185":0,"186":0,"187":0,"188":0,"189":0,"190":0,"191":0,"192":0,"193":0,"194":0,"195":0,"196":0,"197":0,"198":0,"199":0,"200":0,"201":0,"202":0,"203":0,"204":0,"205":0,"206":0,"207":0,"208":0,"209":0,"210":0,"211":0,"212":0,"213":0,"214":0,"215":0,"216":0,"217":0,"218":0,"219":0,"220":0,"221":0,"222":0,"223":0,"224":0,"225":0,"226":0,"227":0,"228":0,"229":0,"230":0,"231":0,"232":0,"233":0,"234":0,"235":0,"236":0,"237":0,"238":0,"239":0,"240":0,"241":0,"242":0},"f":{"0":0,"1":0,"2":0,"3":0,"4":0,"5":0,"6":0,"7":0,"8":0,"9":0,"10":0,"11":0,"12":0,"13":0,"14":0,"15":0,"16":0,"17":0,"18":0,"19":0,"20":0,"21":0,"22":0,"23":0,"24":0,"25":0,"26":0,"27":0,"28":0,"29":0,"30":0,"31":0,"32":0,"33":0,"34":0,"35":0,"36":0,"37":0,"38":0,"39":0,"40":0,"41":0,"42":0,"43":0,"44":0,"45":0},"b":{"0":[0],"1":[0,0],"2":[0,0],"3":[0,0],"4":[0,0],"5":[0,0],"6":[0,0],"7":[0,0],"8":[0,0],"9":[0,0],"10":[0,0],"11":[0,0,0,0],"12":[0,0],"13":[0,0,0],"14":[0,0],"15":[0,0],"16":[0,0],"17":[0,0,0],"18":[0,0],"19":[0,0,0],"20":[0,0],"21":[0,0],"22":[0,0],"23":[0,0],"24":[0,0],"25":[0,0],"26":[0,0],"27":[0,0],"28":[0,0],"29":[0,0],"30":[0,0],"31":[0,0],"32":[0,0],"33":[0,0],"34":[0,0],"35":[0,0],"36":[0,0],"37":[0,0],"38":[0,0],"39":[0,0],"40":[0,0],"41":[0,0],"42":[0],"43":[0,0],"44":[0,0],"45":[0,0],"46":[0,0],"47":[0,0],"48":[0,0],"49":[0,0],"50":[0,0],"51":[0,0],"52":[0,0],"53":[0,0],"54":[0,0],"55":[0,0],"56":[0,0],"57":[0,0],"58":[0,0],"59":[0,0],"60":[0,0],"61":[0,0],"62":[0,0],"63":[0,0,0],"64":[0,0],"65":[0,0],"66":[0],"67":[0,0],"68":[0,0],"69":[0,0],"70":[0,0],"71":[0,0],"72":[0,0],"73":[0,0],"74":[0,0],"75":[0,0],"76":[0,0],"77":[0,0],"78":[0,0],"79":[0,0],"80":[0,0],"81":[0,0],"82":[0],"83":[0,0],"84":[0,0],"85":[0,0,0,0,0],"86":[0,0],"87":[0,0],"88":[0,0],"89":[0,0],"90":[0,0]}}
,"/root/.openclaw/workspace/mission-control/dashboard/api/test-api.js": {"path":"/root/.openclaw/workspace/mission-control/dashboard/api/test-api.js","statementMap":{"0":{"start":{"line":5,"column":20},"end":{"line":5,"column":44}},"1":{"start":{"line":6,"column":18},"end":{"line":6,"column":40}},"2":{"start":{"line":7,"column":13},"end":{"line":7,"column":28}},"3":{"start":{"line":9,"column":0},"end":{"line":9,"column":57}},"4":{"start":{"line":12,"column":0},"end":{"line":12,"column":46}},"5":{"start":{"line":14,"column":18},"end":{"line":18,"column":2}},"6":{"start":{"line":21,"column":0},"end":{"line":21,"column":41}},"7":{"start":{"line":22,"column":14},"end":{"line":27,"column":2}},"8":{"start":{"line":29,"column":14},"end":{"line":34,"column":2}},"9":{"start":{"line":36,"column":0},"end":{"line":36,"column":64}},"10":{"start":{"line":37,"column":0},"end":{"line":37,"column":64}},"11":{"start":{"line":40,"column":0},"end":{"line":40,"column":41}},"12":{"start":{"line":41,"column":17},"end":{"line":41,"column":35}},"13":{"start":{"line":42,"column":0},"end":{"line":42,"column":51}},"14":{"start":{"line":45,"column":0},"end":{"line":45,"column":48}},"15":{"start":{"line":46,"column":16},"end":{"line":46,"column":52}},"16":{"start":{"line":47,"column":0},"end":{"line":47,"column":53}},"17":{"start":{"line":50,"column":0},"end":{"line":50,"column":44}},"18":{"start":{"line":51,"column":0},"end":{"line":51,"column":54}},"19":{"start":{"line":52,"column":16},"end":{"line":52,"column":39}},"20":{"start":{"line":53,"column":0},"end":{"line":53,"column":57}},"21":{"start":{"line":56,"column":0},"end":{"line":56,"column":38}},"22":{"start":{"line":57,"column":16},"end":{"line":57,"column":76}},"23":{"start":{"line":58,"column":0},"end":{"line":58,"column":51}},"24":{"start":{"line":61,"column":0},"end":{"line":61,"column":42}},"25":{"start":{"line":62,"column":14},"end":{"line":62,"column":34}},"26":{"start":{"line":63,"column":0},"end":{"line":63,"column":48}},"27":{"start":{"line":64,"column":0},"end":{"line":64,"column":47}},"28":{"start":{"line":65,"column":0},"end":{"line":65,"column":51}},"29":{"start":{"line":68,"column":0},"end":{"line":68,"column":39}},"30":{"start":{"line":69,"column":16},"end":{"line":69,"column":38}},"31":{"start":{"line":70,"column":0},"end":{"line":70,"column":48}},"32":{"start":{"line":71,"column":0},"end":{"line":71,"column":55}},"33":{"start":{"line":72,"column":0},"end":{"line":72,"column":50}},"34":{"start":{"line":75,"column":0},"end":{"line":75,"column":39}},"35":{"start":{"line":76,"column":22},"end":{"line":76,"column":50}},"36":{"start":{"line":77,"column":0},"end":{"line":77,"column":65}},"37":{"start":{"line":79,"column":0},"end":{"line":79,"column":50}},"38":{"start":{"line":82,"column":0},"end":{"line":82,"column":48}},"39":{"start":{"line":84,"column":20},"end":{"line":87,"column":2}},"40":{"start":{"line":90,"column":0},"end":{"line":90,"column":47}},"41":{"start":{"line":91,"column":15},"end":{"line":91,"column":48}},"42":{"start":{"line":92,"column":0},"end":{"line":92,"column":50}},"43":{"start":{"line":93,"column":0},"end":{"line":93,"column":65}},"44":{"start":{"line":93,"column":32},"end":{"line":93,"column":63}},"45":{"start":{"line":96,"column":0},"end":{"line":96,"column":48}},"46":{"start":{"line":97,"column":0},"end":{"line":100,"column":1}},"47":{"start":{"line":98,"column":16},"end":{"line":98,"column":57}},"48":{"start":{"line":99,"column":2},"end":{"line":99,"column":71}},"49":{"start":{"line":103,"column":0},"end":{"line":103,"column":56}},"50":{"start":{"line":104,"column":0},"end":{"line":108,"column":1}},"51":{"start":{"line":105,"column":21},"end":{"line":105,"column":67}},"52":{"start":{"line":106,"column":2},"end":{"line":106,"column":68}},"53":{"start":{"line":107,"column":2},"end":{"line":107,"column":59}},"54":{"start":{"line":107,"column":26},"end":{"line":107,"column":57}},"55":{"start":{"line":111,"column":0},"end":{"line":111,"column":45}},"56":{"start":{"line":112,"column":17},"end":{"line":112,"column":87}},"57":{"start":{"line":113,"column":17},"end":{"line":113,"column":54}},"58":{"start":{"line":114,"column":0},"end":{"line":118,"column":1}},"59":{"start":{"line":115,"column":2},"end":{"line":115,"column":45}},"60":{"start":{"line":116,"column":2},"end":{"line":116,"column":51}},"61":{"start":{"line":117,"column":2},"end":{"line":117,"column":53}},"62":{"start":{"line":120,"column":0},"end":{"line":120,"column":52}},"63":{"start":{"line":123,"column":0},"end":{"line":123,"column":43}},"64":{"start":{"line":126,"column":0},"end":{"line":126,"column":63}},"65":{"start":{"line":127,"column":0},"end":{"line":138,"column":3}},"66":{"start":{"line":128,"column":2},"end":{"line":128,"column":56}},"67":{"start":{"line":130,"column":19},"end":{"line":136,"column":4}},"68":{"start":{"line":137,"column":2},"end":{"line":137,"column":56}},"69":{"start":{"line":141,"column":0},"end":{"line":145,"column":3}},"70":{"start":{"line":147,"column":0},"end":{"line":147,"column":47}},"71":{"start":{"line":149,"column":0},"end":{"line":149,"column":56}},"72":{"start":{"line":150,"column":0},"end":{"line":150,"column":33}},"73":{"start":{"line":151,"column":0},"end":{"line":151,"column":57}},"74":{"start":{"line":152,"column":0},"end":{"line":152,"column":53}},"75":{"start":{"line":153,"column":0},"end":{"line":153,"column":65}}},"fnMap":{"0":{"name":"(anonymous_0)","decl":{"start":{"line":93,"column":27},"end":{"line":93,"column":28}},"loc":{"start":{"line":93,"column":32},"end":{"line":93,"column":63}},"line":93},"1":{"name":"(anonymous_1)","decl":{"start":{"line":107,"column":21},"end":{"line":107,"column":22}},"loc":{"start":{"line":107,"column":26},"end":{"line":107,"column":57}},"line":107},"2":{"name":"(anonymous_2)","decl":{"start":{"line":127,"column":30},"end":{"line":127,"column":31}},"loc":{"start":{"line":127,"column":40},"end":{"line":138,"column":1}},"line":127}},"branchMap":{"0":{"loc":{"start":{"line":97,"column":0},"end":{"line":100,"column":1}},"type":"if","locations":[{"start":{"line":97,"column":0},"end":{"line":100,"column":1}},{"start":{},"end":{}}],"line":97},"1":{"loc":{"start":{"line":104,"column":0},"end":{"line":108,"column":1}},"type":"if","locations":[{"start":{"line":104,"column":0},"end":{"line":108,"column":1}},{"start":{},"end":{}}],"line":104},"2":{"loc":{"start":{"line":114,"column":0},"end":{"line":118,"column":1}},"type":"if","locations":[{"start":{"line":114,"column":0},"end":{"line":118,"column":1}},{"start":{},"end":{}}],"line":114},"3":{"loc":{"start":{"line":133,"column":16},"end":{"line":133,"column":39}},"type":"binary-expr","locations":[{"start":{"line":133,"column":16},"end":{"line":133,"column":28}},{"start":{"line":133,"column":32},"end":{"line":133,"column":39}}],"line":133}},"s":{"0":0,"1":0,"2":0,"3":0,"4":0,"5":0,"6":0,"7":0,"8":0,"9":0,"10":0,"11":0,"12":0,"13":0,"14":0,"15":0,"16":0,"17":0,"18":0,"19":0,"20":0,"21":0,"22":0,"23":0,"24":0,"25":0,"26":0,"27":0,"28":0,"29":0,"30":0,"31":0,"32":0,"33":0,"34":0,"35":0,"36":0,"37":0,"38":0,"39":0,"40":0,"41":0,"42":0,"43":0,"44":0,"45":0,"46":0,"47":0,"48":0,"49":0,"50":0,"51":0,"52":0,"53":0,"54":0,"55":0,"56":0,"57":0,"58":0,"59":0,"60":0,"61":0,"62":0,"63":0,"64":0,"65":0,"66":0,"67":0,"68":0,"69":0,"70":0,"71":0,"72":0,"73":0,"74":0,"75":0},"f":{"0":0,"1":0,"2":0},"b":{"0":[0,0],"1":[0,0],"2":[0,0],"3":[0,0]}}
}
