TN:
SF:mission-control/api/test-websocket.js
FN:9,testWebSocketServer
FN:20,(anonymous_1)
FN:26,(anonymous_2)
FN:27,(anonymous_3)
FN:29,(anonymous_4)
FN:30,(anonymous_5)
FN:43,(anonymous_6)
FN:44,(anonymous_7)
FN:47,(anonymous_8)
FN:52,(anonymous_9)
FN:69,(anonymous_10)
FN:70,(anonymous_11)
FN:72,(anonymous_12)
FN:88,(anonymous_13)
FN:89,(anonymous_14)
FN:91,(anonymous_15)
FN:117,(anonymous_16)
FN:118,(anonymous_17)
FN:120,(anonymous_18)
FN:140,(anonymous_19)
FN:141,(anonymous_20)
FN:142,(anonymous_21)
FNF:22
FNH:0
FNDA:0,testWebSocketServer
FNDA:0,(anonymous_1)
FNDA:0,(anonymous_2)
FNDA:0,(anonymous_3)
FNDA:0,(anonymous_4)
FNDA:0,(anonymous_5)
FNDA:0,(anonymous_6)
FNDA:0,(anonymous_7)
FNDA:0,(anonymous_8)
FNDA:0,(anonymous_9)
FNDA:0,(anonymous_10)
FNDA:0,(anonymous_11)
FNDA:0,(anonymous_12)
FNDA:0,(anonymous_13)
FNDA:0,(anonymous_14)
FNDA:0,(anonymous_15)
FNDA:0,(anonymous_16)
FNDA:0,(anonymous_17)
FNDA:0,(anonymous_18)
FNDA:0,(anonymous_19)
FNDA:0,(anonymous_20)
FNDA:0,(anonymous_21)
DA:7,0
DA:10,0
DA:13,0
DA:15,0
DA:16,0
DA:17,0
DA:20,0
DA:23,0
DA:24,0
DA:26,0
DA:27,0
DA:28,0
DA:29,0
DA:30,0
DA:34,0
DA:35,0
DA:36,0
DA:39,0
DA:41,0
DA:43,0
DA:44,0
DA:47,0
DA:48,0
DA:49,0
DA:52,0
DA:53,0
DA:54,0
DA:58,0
DA:59,0
DA:62,0
DA:64,0
DA:69,0
DA:70,0
DA:72,0
DA:73,0
DA:74,0
DA:75,0
DA:76,0
DA:81,0
DA:82,0
DA:85,0
DA:88,0
DA:89,0
DA:91,0
DA:92,0
DA:93,0
DA:94,0
DA:95,0
DA:96,0
DA:100,0
DA:104,0
DA:106,0
DA:108,0
DA:109,0
DA:110,0
DA:113,0
DA:115,0
DA:117,0
DA:118,0
DA:120,0
DA:121,0
DA:122,0
DA:123,0
DA:124,0
DA:125,0
DA:129,0
DA:132,0
DA:133,0
DA:136,0
DA:138,0
DA:140,0
DA:141,0
DA:142,0
DA:143,0
DA:144,0
DA:148,0
DA:149,0
DA:150,0
DA:152,0
DA:155,0
DA:157,0
DA:158,0
DA:159,0
DA:160,0
DA:163,0
DA:164,0
DA:167,0
DA:168,0
DA:173,0
LF:89
LH:0
BRDA:74,0,0,0
BRDA:74,0,1,0
BRDA:93,1,0,0
BRDA:93,1,1,0
BRDA:122,2,0,0
BRDA:122,2,1,0
BRF:6
BRH:0
end_of_record
TN:
SF:mission-control/api/token-cron.js
FNF:0
FNH:0
DA:9,0
DA:11,0
DA:13,0
DA:15,0
DA:17,0
DA:18,0
DA:19,0
DA:20,0
DA:21,0
DA:23,0
DA:25,0
DA:26,0
LF:12
LH:0
BRF:0
BRH:0
end_of_record
TN:
SF:mission-control/api/tokens.js
FN:55,extractAgentName
FN:92,parseSessionFile
FN:108,(anonymous_2)
FN:164,getSessionFiles
FN:171,(anonymous_4)
FN:172,(anonymous_5)
FN:182,aggregateByAgent
FN:211,(anonymous_7)
FN:217,getDailyUsage
FN:236,(anonymous_9)
FN:243,calculateTotals
FN:244,(anonymous_11)
FN:268,getRecentSessions
FN:270,(anonymous_13)
FN:271,(anonymous_14)
FN:273,(anonymous_15)
FN:286,collectTokenData
FN:304,(anonymous_17)
FN:335,saveCache
FN:350,loadCache
FN:365,isCacheStale
FN:376,getTokenData
FN:394,handleTokensRequest
FN:402,(anonymous_23)
FNF:24
FNH:0
FNDA:0,extractAgentName
FNDA:0,parseSessionFile
FNDA:0,(anonymous_2)
FNDA:0,getSessionFiles
FNDA:0,(anonymous_4)
FNDA:0,(anonymous_5)
FNDA:0,aggregateByAgent
FNDA:0,(anonymous_7)
FNDA:0,getDailyUsage
FNDA:0,(anonymous_9)
FNDA:0,calculateTotals
FNDA:0,(anonymous_11)
FNDA:0,getRecentSessions
FNDA:0,(anonymous_13)
FNDA:0,(anonymous_14)
FNDA:0,(anonymous_15)
FNDA:0,collectTokenData
FNDA:0,(anonymous_17)
FNDA:0,saveCache
FNDA:0,loadCache
FNDA:0,isCacheStale
FNDA:0,getTokenData
FNDA:0,handleTokensRequest
FNDA:0,(anonymous_23)
DA:10,0
DA:11,0
DA:14,0
DA:28,0
DA:57,0
DA:58,0
DA:59,0
DA:62,0
DA:63,0
DA:64,0
DA:65,0
DA:69,0
DA:70,0
DA:71,0
DA:72,0
DA:76,0
DA:77,0
DA:80,0
DA:86,0
DA:93,0
DA:106,0
DA:107,0
DA:108,0
DA:109,0
DA:111,0
DA:112,0
DA:113,0
DA:114,0
DA:117,0
DA:118,0
DA:122,0
DA:123,0
DA:124,0
DA:125,0
DA:126,0
DA:127,0
DA:128,0
DA:129,0
DA:132,0
DA:133,0
DA:136,0
DA:137,0
DA:138,0
DA:139,0
DA:140,0
DA:143,0
DA:152,0
DA:155,0
DA:158,0
DA:165,0
DA:166,0
DA:167,0
DA:170,0
DA:171,0
DA:172,0
DA:174,0
DA:175,0
DA:183,0
DA:185,0
DA:186,0
DA:187,0
DA:200,0
DA:201,0
DA:202,0
DA:203,0
DA:204,0
DA:205,0
DA:206,0
DA:207,0
DA:208,0
DA:211,0
DA:218,0
DA:220,0
DA:221,0
DA:223,0
DA:225,0
DA:226,0
DA:229,0
DA:230,0
DA:231,0
DA:232,0
DA:235,0
DA:236,0
DA:244,0
DA:269,0
DA:270,0
DA:271,0
DA:273,0
DA:287,0
DA:288,0
DA:290,0
DA:291,0
DA:292,0
DA:293,0
DA:294,0
DA:298,0
DA:299,0
DA:300,0
DA:301,0
DA:303,0
DA:304,0
DA:336,0
DA:337,0
DA:338,0
DA:339,0
DA:341,0
DA:343,0
DA:351,0
DA:352,0
DA:353,0
DA:354,0
DA:357,0
DA:359,0
DA:366,0
DA:368,0
DA:369,0
DA:370,0
DA:377,0
DA:378,0
DA:379,0
DA:380,0
DA:381,0
DA:385,0
DA:386,0
DA:387,0
DA:388,0
DA:395,0
DA:396,0
DA:398,0
DA:401,0
DA:402,0
DA:419,0
DA:420,0
DA:421,0
DA:422,0
DA:426,0
DA:433,0
DA:434,0
DA:435,0
LF:139
LH:0
BRDA:58,0,0,0
BRDA:58,0,1,0
BRDA:58,1,0,0
BRDA:58,1,1,0
BRDA:59,2,0,0
BRDA:59,2,1,0
BRDA:63,3,0,0
BRDA:63,3,1,0
BRDA:65,4,0,0
BRDA:65,4,1,0
BRDA:70,5,0,0
BRDA:70,5,1,0
BRDA:72,6,0,0
BRDA:72,6,1,0
BRDA:77,7,0,0
BRDA:77,7,1,0
BRDA:77,8,0,0
BRDA:77,8,1,0
BRDA:77,8,2,0
BRDA:117,9,0,0
BRDA:117,9,1,0
BRDA:117,10,0,0
BRDA:117,10,1,0
BRDA:122,11,0,0
BRDA:122,11,1,0
BRDA:122,12,0,0
BRDA:122,12,1,0
BRDA:124,13,0,0
BRDA:124,13,1,0
BRDA:125,14,0,0
BRDA:125,14,1,0
BRDA:126,15,0,0
BRDA:126,15,1,0
BRDA:127,16,0,0
BRDA:127,16,1,0
BRDA:128,17,0,0
BRDA:128,17,1,0
BRDA:129,18,0,0
BRDA:129,18,1,0
BRDA:132,19,0,0
BRDA:132,19,1,0
BRDA:132,20,0,0
BRDA:132,20,1,0
BRDA:136,21,0,0
BRDA:136,21,1,0
BRDA:137,22,0,0
BRDA:137,22,1,0
BRDA:138,23,0,0
BRDA:138,23,1,0
BRDA:139,24,0,0
BRDA:139,24,1,0
BRDA:166,25,0,0
BRDA:166,25,1,0
BRDA:171,26,0,0
BRDA:171,26,1,0
BRDA:171,26,2,0
BRDA:186,27,0,0
BRDA:186,27,1,0
BRDA:221,28,0,0
BRDA:221,28,1,0
BRDA:225,29,0,0
BRDA:225,29,1,0
BRDA:268,30,0,0
BRDA:293,31,0,0
BRDA:293,31,1,0
BRDA:293,32,0,0
BRDA:293,32,1,0
BRDA:338,33,0,0
BRDA:338,33,1,0
BRDA:352,34,0,0
BRDA:352,34,1,0
BRDA:366,35,0,0
BRDA:366,35,1,0
BRDA:366,36,0,0
BRDA:366,36,1,0
BRDA:376,37,0,0
BRDA:377,38,0,0
BRDA:377,38,1,0
BRDA:379,39,0,0
BRDA:379,39,1,0
BRDA:379,40,0,0
BRDA:379,40,1,0
BRDA:433,41,0,0
BRDA:433,41,1,0
BRF:84
BRH:0
end_of_record
TN:
SF:mission-control/api/websocket-integration.js
FN:14,setupWebSocketIntegration
FN:20,(anonymous_1)
FN:28,(anonymous_2)
FN:36,(anonymous_3)
FN:42,(anonymous_4)
FN:57,(anonymous_5)
FN:61,(anonymous_6)
FN:65,(anonymous_7)
FN:69,(anonymous_8)
FN:73,(anonymous_9)
FN:84,(anonymous_10)
FN:110,(anonymous_11)
FN:114,(anonymous_12)
FN:135,checkAgentStates
FN:140,(anonymous_14)
FN:141,(anonymous_15)
FN:180,(anonymous_16)
FN:219,(anonymous_17)
FN:253,startWebSocketServer
FNF:19
FNH:0
FNDA:0,setupWebSocketIntegration
FNDA:0,(anonymous_1)
FNDA:0,(anonymous_2)
FNDA:0,(anonymous_3)
FNDA:0,(anonymous_4)
FNDA:0,(anonymous_5)
FNDA:0,(anonymous_6)
FNDA:0,(anonymous_7)
FNDA:0,(anonymous_8)
FNDA:0,(anonymous_9)
FNDA:0,(anonymous_10)
FNDA:0,(anonymous_11)
FNDA:0,(anonymous_12)
FNDA:0,checkAgentStates
FNDA:0,(anonymous_14)
FNDA:0,(anonymous_15)
FNDA:0,(anonymous_16)
FNDA:0,(anonymous_17)
FNDA:0,startWebSocketServer
DA:8,0
DA:9,0
DA:15,0
DA:19,0
DA:20,0
DA:21,0
DA:28,0
DA:29,0
DA:36,0
DA:37,0
DA:42,0
DA:43,0
DA:56,0
DA:57,0
DA:58,0
DA:61,0
DA:62,0
DA:65,0
DA:66,0
DA:69,0
DA:70,0
DA:73,0
DA:74,0
DA:80,0
DA:82,0
DA:83,0
DA:84,0
DA:85,0
DA:88,0
DA:89,0
DA:90,0
DA:91,0
DA:99,0
DA:104,0
DA:110,0
DA:111,0
DA:112,0
DA:114,0
DA:115,0
DA:117,0
DA:118,0
DA:132,0
DA:133,0
DA:136,0
DA:138,0
DA:139,0
DA:140,0
DA:141,0
DA:143,0
DA:144,0
DA:146,0
DA:147,0
DA:148,0
DA:149,0
DA:150,0
DA:153,0
DA:154,0
DA:161,0
DA:173,0
DA:178,0
DA:180,0
DA:181,0
DA:182,0
DA:184,0
DA:185,0
DA:186,0
DA:187,0
DA:188,0
DA:190,0
DA:191,0
DA:198,0
DA:199,0
DA:206,0
DA:216,0
DA:217,0
DA:219,0
DA:220,0
DA:222,0
DA:223,0
DA:224,0
DA:226,0
DA:227,0
DA:228,0
DA:231,0
DA:240,0
DA:247,0
DA:254,0
DA:257,0
DA:260,0
DA:262,0
DA:265,0
LF:91
LH:0
BRDA:19,0,0,0
BRDA:19,0,1,0
BRDA:56,1,0,0
BRDA:56,1,1,0
BRDA:80,2,0,0
BRDA:80,2,1,0
BRDA:83,3,0,0
BRDA:83,3,1,0
BRDA:89,4,0,0
BRDA:89,4,1,0
BRDA:89,5,0,0
BRDA:89,5,1,0
BRDA:117,6,0,0
BRDA:117,6,1,0
BRDA:146,7,0,0
BRDA:146,7,1,0
BRDA:153,8,0,0
BRDA:153,8,1,0
BRDA:153,9,0,0
BRDA:153,9,1,0
BRDA:184,10,0,0
BRDA:184,10,1,0
BRDA:190,11,0,0
BRDA:190,11,1,0
BRDA:190,12,0,0
BRDA:190,12,1,0
BRDA:198,13,0,0
BRDA:198,13,1,0
BRDA:198,14,0,0
BRDA:198,14,1,0
BRDA:222,15,0,0
BRDA:222,15,1,0
BRDA:226,16,0,0
BRDA:226,16,1,0
BRDA:226,17,0,0
BRDA:226,17,1,0
BRDA:234,18,0,0
BRDA:234,18,1,0
BRDA:253,19,0,0
BRF:39
BRH:0
end_of_record
TN:
SF:mission-control/api/websocket.js
FN:64,(anonymous_0)
FN:78,(anonymous_1)
FN:79,(anonymous_2)
FN:81,(anonymous_3)
FN:106,(anonymous_4)
FN:111,(anonymous_5)
FN:117,(anonymous_6)
FN:131,(anonymous_7)
FN:175,(anonymous_8)
FN:199,(anonymous_9)
FN:212,(anonymous_10)
FN:217,(anonymous_11)
FN:222,(anonymous_12)
FN:238,(anonymous_13)
FN:249,(anonymous_14)
FN:260,(anonymous_15)
FN:294,(anonymous_16)
FN:311,(anonymous_17)
FN:329,(anonymous_18)
FN:364,(anonymous_19)
FN:377,(anonymous_20)
FN:378,(anonymous_21)
FN:398,(anonymous_22)
FN:399,(anonymous_23)
FN:412,(anonymous_24)
FN:428,(anonymous_25)
FN:435,(anonymous_26)
FN:455,(anonymous_27)
FN:470,(anonymous_28)
FN:483,(anonymous_29)
FN:497,(anonymous_30)
FN:512,(anonymous_31)
FN:525,(anonymous_32)
FN:539,(anonymous_33)
FN:553,(anonymous_34)
FN:568,(anonymous_35)
FN:584,(anonymous_36)
FN:601,(anonymous_37)
FN:616,(anonymous_38)
FN:630,(anonymous_39)
FN:654,(anonymous_40)
FN:660,(anonymous_41)
FN:662,(anonymous_42)
FN:665,(anonymous_43)
FN:667,(anonymous_44)
FNF:45
FNH:0
FNDA:0,(anonymous_0)
FNDA:0,(anonymous_1)
FNDA:0,(anonymous_2)
FNDA:0,(anonymous_3)
FNDA:0,(anonymous_4)
FNDA:0,(anonymous_5)
FNDA:0,(anonymous_6)
FNDA:0,(anonymous_7)
FNDA:0,(anonymous_8)
FNDA:0,(anonymous_9)
FNDA:0,(anonymous_10)
FNDA:0,(anonymous_11)
FNDA:0,(anonymous_12)
FNDA:0,(anonymous_13)
FNDA:0,(anonymous_14)
FNDA:0,(anonymous_15)
FNDA:0,(anonymous_16)
FNDA:0,(anonymous_17)
FNDA:0,(anonymous_18)
FNDA:0,(anonymous_19)
FNDA:0,(anonymous_20)
FNDA:0,(anonymous_21)
FNDA:0,(anonymous_22)
FNDA:0,(anonymous_23)
FNDA:0,(anonymous_24)
FNDA:0,(anonymous_25)
FNDA:0,(anonymous_26)
FNDA:0,(anonymous_27)
FNDA:0,(anonymous_28)
FNDA:0,(anonymous_29)
FNDA:0,(anonymous_30)
FNDA:0,(anonymous_31)
FNDA:0,(anonymous_32)
FNDA:0,(anonymous_33)
FNDA:0,(anonymous_34)
FNDA:0,(anonymous_35)
FNDA:0,(anonymous_36)
FNDA:0,(anonymous_37)
FNDA:0,(anonymous_38)
FNDA:0,(anonymous_39)
FNDA:0,(anonymous_40)
FNDA:0,(anonymous_41)
FNDA:0,(anonymous_42)
FNDA:0,(anonymous_43)
FNDA:0,(anonymous_44)
DA:14,0
DA:15,0
DA:16,0
DA:17,0
DA:20,0
DA:28,0
DA:65,0
DA:66,0
DA:67,0
DA:68,0
DA:69,0
DA:70,0
DA:71,0
DA:72,0
DA:79,0
DA:81,0
DA:82,0
DA:86,0
DA:106,0
DA:107,0
DA:111,0
DA:112,0
DA:113,0
DA:117,0
DA:118,0
DA:119,0
DA:120,0
DA:121,0
DA:124,0
DA:132,0
DA:135,0
DA:136,0
DA:137,0
DA:139,0
DA:140,0
DA:141,0
DA:142,0
DA:145,0
DA:146,0
DA:148,0
DA:149,0
DA:155,0
DA:156,0
DA:157,0
DA:158,0
DA:159,0
DA:160,0
DA:165,0
DA:168,0
DA:169,0
DA:177,0
DA:178,0
DA:179,0
DA:183,0
DA:184,0
DA:194,0
DA:196,0
DA:199,0
DA:200,0
DA:212,0
DA:213,0
DA:217,0
DA:218,0
DA:222,0
DA:223,0
DA:224,0
DA:228,0
DA:229,0
DA:239,0
DA:240,0
DA:242,0
DA:243,0
DA:245,0
DA:248,0
DA:249,0
DA:250,0
DA:255,0
DA:259,0
DA:260,0
DA:262,0
DA:265,0
DA:266,0
DA:267,0
DA:271,0
DA:272,0
DA:276,0
DA:280,0
DA:283,0
DA:284,0
DA:295,0
DA:296,0
DA:298,0
DA:299,0
DA:301,0
DA:302,0
DA:312,0
DA:313,0
DA:314,0
DA:317,0
DA:318,0
DA:319,0
DA:321,0
DA:322,0
DA:330,0
DA:333,0
DA:335,0
DA:336,0
DA:338,0
DA:341,0
DA:344,0
DA:345,0
DA:346,0
DA:349,0
DA:353,0
DA:354,0
DA:358,0
DA:365,0
DA:369,0
DA:370,0
DA:378,0
DA:379,0
DA:380,0
DA:382,0
DA:383,0
DA:384,0
DA:385,0
DA:386,0
DA:389,0
DA:399,0
DA:400,0
DA:401,0
DA:402,0
DA:406,0
DA:407,0
DA:409,0
DA:411,0
DA:412,0
DA:413,0
DA:414,0
DA:416,0
DA:420,0
DA:429,0
DA:436,0
DA:456,0
DA:471,0
DA:484,0
DA:498,0
DA:513,0
DA:526,0
DA:540,0
DA:554,0
DA:569,0
DA:585,0
DA:602,0
DA:617,0
DA:631,0
DA:644,0
DA:646,0
DA:653,0
DA:654,0
DA:655,0
DA:656,0
DA:660,0
DA:661,0
DA:662,0
DA:665,0
DA:666,0
DA:667,0
LF:168
LH:0
BRDA:21,0,0,0
BRDA:21,0,1,0
BRDA:64,1,0,0
BRDA:139,2,0,0
BRDA:139,2,1,0
BRDA:148,3,0,0
BRDA:148,3,1,0
BRDA:156,4,0,0
BRDA:156,4,1,0
BRDA:159,5,0,0
BRDA:159,5,1,0
BRDA:177,6,0,0
BRDA:177,6,1,0
BRDA:240,7,0,0
BRDA:240,7,1,0
BRDA:245,8,0,0
BRDA:245,8,1,0
BRDA:245,8,2,0
BRDA:245,8,3,0
BRDA:245,8,4,0
BRDA:248,9,0,0
BRDA:248,9,1,0
BRDA:248,10,0,0
BRDA:248,10,1,0
BRDA:259,11,0,0
BRDA:259,11,1,0
BRDA:259,12,0,0
BRDA:259,12,1,0
BRDA:271,13,0,0
BRDA:271,13,1,0
BRDA:296,14,0,0
BRDA:296,14,1,0
BRDA:313,15,0,0
BRDA:313,15,1,0
BRDA:313,16,0,0
BRDA:313,16,1,0
BRDA:329,17,0,0
BRDA:338,18,0,0
BRDA:338,18,1,0
BRDA:338,19,0,0
BRDA:338,19,1,0
BRDA:341,20,0,0
BRDA:341,20,1,0
BRDA:341,21,0,0
BRDA:341,21,1,0
BRDA:344,22,0,0
BRDA:344,22,1,0
BRDA:344,23,0,0
BRDA:344,23,1,0
BRDA:346,24,0,0
BRDA:346,24,1,0
BRDA:346,25,0,0
BRDA:346,25,1,0
BRDA:346,25,2,0
BRDA:353,26,0,0
BRDA:353,26,1,0
BRDA:369,27,0,0
BRDA:369,27,1,0
BRDA:383,28,0,0
BRDA:383,28,1,0
BRDA:400,29,0,0
BRDA:400,29,1,0
BRDA:411,30,0,0
BRDA:411,30,1,0
BRDA:413,31,0,0
BRDA:413,31,1,0
BRDA:455,32,0,0
BRDA:568,33,0,0
BRDA:592,34,0,0
BRDA:592,34,1,0
BRDA:592,35,0,0
BRDA:592,35,1,0
BRDA:601,36,0,0
BRDA:616,37,0,0
BRDA:630,38,0,0
BRDA:653,39,0,0
BRDA:653,39,1,0
BRF:77
BRH:0
end_of_record
TN:
SF:mission-control/dashboard/api/client-v2.js
FN:16,(anonymous_0)
FN:28,(anonymous_1)
FN:50,(anonymous_2)
FN:57,(anonymous_3)
FN:64,(anonymous_4)
FN:73,(anonymous_5)
FN:80,(anonymous_6)
FN:89,(anonymous_7)
FN:96,(anonymous_8)
FN:103,(anonymous_9)
FN:111,(anonymous_10)
FN:123,(anonymous_11)
FN:137,(anonymous_12)
FN:147,(anonymous_13)
FN:154,(anonymous_14)
FN:164,(anonymous_15)
FN:174,(anonymous_16)
FN:183,(anonymous_17)
FN:193,(anonymous_18)
FN:203,(anonymous_19)
FN:213,(anonymous_20)
FN:220,(anonymous_21)
FN:227,(anonymous_22)
FN:234,(anonymous_23)
FN:241,(anonymous_24)
FN:251,(anonymous_25)
FN:266,(anonymous_26)
FN:285,(anonymous_27)
FN:290,(anonymous_28)
FN:307,(anonymous_29)
FN:311,(anonymous_30)
FN:321,(anonymous_31)
FN:330,(anonymous_32)
FN:336,(anonymous_33)
FN:361,(anonymous_34)
FN:362,(anonymous_35)
FN:369,(anonymous_36)
FN:391,(anonymous_37)
FN:419,(anonymous_38)
FN:439,(anonymous_39)
FN:454,(anonymous_40)
FN:461,(anonymous_41)
FN:469,(anonymous_42)
FN:476,(anonymous_43)
FN:487,(anonymous_44)
FN:501,(anonymous_45)
FN:505,(anonymous_46)
FN:513,(anonymous_47)
FN:524,(anonymous_48)
FN:539,(anonymous_49)
FN:553,(anonymous_50)
FN:557,(anonymous_51)
FN:563,(anonymous_52)
FN:568,(anonymous_53)
FN:580,(anonymous_54)
FN:597,(anonymous_55)
FN:602,(anonymous_56)
FN:615,(anonymous_57)
FN:627,(anonymous_58)
FN:648,(anonymous_59)
FN:661,(anonymous_60)
FN:675,(anonymous_61)
FNF:62
FNH:0
FNDA:0,(anonymous_0)
FNDA:0,(anonymous_1)
FNDA:0,(anonymous_2)
FNDA:0,(anonymous_3)
FNDA:0,(anonymous_4)
FNDA:0,(anonymous_5)
FNDA:0,(anonymous_6)
FNDA:0,(anonymous_7)
FNDA:0,(anonymous_8)
FNDA:0,(anonymous_9)
FNDA:0,(anonymous_10)
FNDA:0,(anonymous_11)
FNDA:0,(anonymous_12)
FNDA:0,(anonymous_13)
FNDA:0,(anonymous_14)
FNDA:0,(anonymous_15)
FNDA:0,(anonymous_16)
FNDA:0,(anonymous_17)
FNDA:0,(anonymous_18)
FNDA:0,(anonymous_19)
FNDA:0,(anonymous_20)
FNDA:0,(anonymous_21)
FNDA:0,(anonymous_22)
FNDA:0,(anonymous_23)
FNDA:0,(anonymous_24)
FNDA:0,(anonymous_25)
FNDA:0,(anonymous_26)
FNDA:0,(anonymous_27)
FNDA:0,(anonymous_28)
FNDA:0,(anonymous_29)
FNDA:0,(anonymous_30)
FNDA:0,(anonymous_31)
FNDA:0,(anonymous_32)
FNDA:0,(anonymous_33)
FNDA:0,(anonymous_34)
FNDA:0,(anonymous_35)
FNDA:0,(anonymous_36)
FNDA:0,(anonymous_37)
FNDA:0,(anonymous_38)
FNDA:0,(anonymous_39)
FNDA:0,(anonymous_40)
FNDA:0,(anonymous_41)
FNDA:0,(anonymous_42)
FNDA:0,(anonymous_43)
FNDA:0,(anonymous_44)
FNDA:0,(anonymous_45)
FNDA:0,(anonymous_46)
FNDA:0,(anonymous_47)
FNDA:0,(anonymous_48)
FNDA:0,(anonymous_49)
FNDA:0,(anonymous_50)
FNDA:0,(anonymous_51)
FNDA:0,(anonymous_52)
FNDA:0,(anonymous_53)
FNDA:0,(anonymous_54)
FNDA:0,(anonymous_55)
FNDA:0,(anonymous_56)
FNDA:0,(anonymous_57)
FNDA:0,(anonymous_58)
FNDA:0,(anonymous_59)
FNDA:0,(anonymous_60)
FNDA:0,(anonymous_61)
DA:8,0
DA:17,0
DA:18,0
DA:19,0
DA:27,0
DA:28,0
DA:29,0
DA:33,0
DA:34,0
DA:35,0
DA:38,0
DA:40,0
DA:41,0
DA:51,0
DA:58,0
DA:65,0
DA:74,0
DA:81,0
DA:90,0
DA:97,0
DA:104,0
DA:105,0
DA:112,0
DA:124,0
DA:125,0
DA:126,0
DA:127,0
DA:128,0
DA:130,0
DA:131,0
DA:138,0
DA:148,0
DA:155,0
DA:165,0
DA:175,0
DA:184,0
DA:194,0
DA:204,0
DA:214,0
DA:221,0
DA:228,0
DA:235,0
DA:242,0
DA:252,0
DA:259,0
DA:267,0
DA:270,0
DA:271,0
DA:272,0
DA:273,0
DA:274,0
DA:277,0
DA:279,0
DA:286,0
DA:287,0
DA:288,0
DA:290,0
DA:291,0
DA:294,0
DA:295,0
DA:297,0
DA:299,0
DA:300,0
DA:308,0
DA:309,0
DA:311,0
DA:312,0
DA:318,0
DA:321,0
DA:322,0
DA:327,0
DA:330,0
DA:331,0
DA:332,0
DA:333,0
DA:336,0
DA:361,0
DA:362,0
DA:370,0
DA:371,0
DA:377,0
DA:378,0
DA:379,0
DA:382,0
DA:384,0
DA:392,0
DA:393,0
DA:396,0
DA:397,0
DA:398,0
DA:399,0
DA:405,0
DA:406,0
DA:409,0
DA:411,0
DA:412,0
DA:420,0
DA:421,0
DA:422,0
DA:423,0
DA:425,0
DA:426,0
DA:427,0
DA:429,0
DA:431,0
DA:432,0
DA:440,0
DA:441,0
DA:443,0
DA:444,0
DA:451,0
DA:454,0
DA:461,0
DA:469,0
DA:476,0
DA:488,0
DA:489,0
DA:490,0
DA:491,0
DA:493,0
DA:494,0
DA:502,0
DA:503,0
DA:505,0
DA:506,0
DA:510,0
DA:513,0
DA:514,0
DA:515,0
DA:516,0
DA:518,0
DA:519,0
DA:520,0
DA:521,0
DA:524,0
DA:540,0
DA:541,0
DA:542,0
DA:543,0
DA:545,0
DA:546,0
DA:554,0
DA:555,0
DA:557,0
DA:558,0
DA:559,0
DA:560,0
DA:563,0
DA:564,0
DA:565,0
DA:568,0
DA:581,0
DA:582,0
DA:583,0
DA:584,0
DA:585,0
DA:586,0
DA:587,0
DA:588,0
DA:589,0
DA:598,0
DA:599,0
DA:602,0
DA:603,0
DA:604,0
DA:605,0
DA:606,0
DA:607,0
DA:608,0
DA:616,0
DA:617,0
DA:618,0
DA:628,0
DA:629,0
DA:637,0
DA:638,0
DA:640,0
DA:641,0
DA:649,0
DA:650,0
DA:651,0
DA:653,0
DA:654,0
DA:662,0
DA:663,0
DA:664,0
DA:666,0
DA:667,0
DA:673,0
DA:674,0
DA:675,0
DA:677,0
DA:682,0
DA:683,0
DA:684,0
DA:688,0
DA:689,0
LF:197
LH:0
BRDA:9,0,0,0
BRDA:9,0,1,0
BRDA:9,1,0,0
BRDA:9,1,1,0
BRDA:16,2,0,0
BRDA:27,3,0,0
BRDA:27,3,1,0
BRDA:29,4,0,0
BRDA:29,4,1,0
BRDA:34,5,0,0
BRDA:34,5,1,0
BRDA:34,6,0,0
BRDA:34,6,1,0
BRDA:80,7,0,0
BRDA:96,8,0,0
BRDA:103,9,0,0
BRDA:104,10,0,0
BRDA:104,10,1,0
BRDA:123,11,0,0
BRDA:125,12,0,0
BRDA:125,12,1,0
BRDA:126,13,0,0
BRDA:126,13,1,0
BRDA:127,14,0,0
BRDA:127,14,1,0
BRDA:128,15,0,0
BRDA:128,15,1,0
BRDA:130,16,0,0
BRDA:130,16,1,0
BRDA:183,17,0,0
BRDA:227,18,0,0
BRDA:251,19,0,0
BRDA:288,20,0,0
BRDA:288,20,1,0
BRDA:288,21,0,0
BRDA:288,21,1,0
BRDA:291,22,0,0
BRDA:291,22,1,0
BRDA:309,23,0,0
BRDA:309,23,1,0
BRDA:318,24,0,0
BRDA:318,24,1,0
BRDA:327,25,0,0
BRDA:327,25,1,0
BRDA:331,26,0,0
BRDA:331,26,1,0
BRDA:331,27,0,0
BRDA:331,27,1,0
BRDA:332,28,0,0
BRDA:332,28,1,0
BRDA:332,29,0,0
BRDA:332,29,1,0
BRDA:343,30,0,0
BRDA:343,30,1,0
BRDA:344,31,0,0
BRDA:344,31,1,0
BRDA:348,32,0,0
BRDA:348,32,1,0
BRDA:352,33,0,0
BRDA:352,33,1,0
BRDA:382,34,0,0
BRDA:382,34,1,0
BRDA:382,35,0,0
BRDA:382,35,1,0
BRDA:396,36,0,0
BRDA:396,36,1,0
BRDA:398,37,0,0
BRDA:398,37,1,0
BRDA:399,38,0,0
BRDA:399,38,1,0
BRDA:405,39,0,0
BRDA:405,39,1,0
BRDA:422,40,0,0
BRDA:422,40,1,0
BRDA:423,41,0,0
BRDA:423,41,1,0
BRDA:425,42,0,0
BRDA:425,42,1,0
BRDA:426,43,0,0
BRDA:426,43,1,0
BRDA:441,44,0,0
BRDA:441,44,1,0
BRDA:443,45,0,0
BRDA:443,45,1,0
BRDA:454,46,0,0
BRDA:454,46,1,0
BRDA:461,47,0,0
BRDA:461,47,1,0
BRDA:476,48,0,0
BRDA:476,48,1,0
BRDA:503,49,0,0
BRDA:503,49,1,0
BRDA:510,50,0,0
BRDA:510,50,1,0
BRDA:518,51,0,0
BRDA:518,51,1,0
BRDA:519,52,0,0
BRDA:519,52,1,0
BRDA:520,53,0,0
BRDA:520,53,1,0
BRDA:555,54,0,0
BRDA:555,54,1,0
BRDA:558,55,0,0
BRDA:558,55,1,0
BRDA:559,56,0,0
BRDA:559,56,1,0
BRDA:584,57,0,0
BRDA:584,57,1,0
BRDA:584,58,0,0
BRDA:584,58,1,0
BRDA:587,59,0,0
BRDA:587,59,1,0
BRDA:588,60,0,0
BRDA:588,60,1,0
BRDA:598,61,0,0
BRDA:598,61,1,0
BRDA:616,62,0,0
BRDA:616,62,1,0
BRDA:627,63,0,0
BRDA:631,64,0,0
BRDA:631,64,1,0
BRDA:632,65,0,0
BRDA:632,65,1,0
BRDA:633,66,0,0
BRDA:633,66,1,0
BRDA:634,67,0,0
BRDA:634,67,1,0
BRDA:673,68,0,0
BRDA:673,68,1,0
BRDA:674,69,0,0
BRDA:674,69,1,0
BRDA:682,70,0,0
BRDA:682,70,1,0
BRDA:688,71,0,0
BRDA:688,71,1,0
BRDA:688,72,0,0
BRDA:688,72,1,0
BRF:137
BRH:0
end_of_record
TN:
SF:mission-control/dashboard/api/client.js
FN:16,(anonymous_0)
FN:30,(anonymous_1)
FN:37,(anonymous_2)
FN:44,(anonymous_3)
FN:51,(anonymous_4)
FN:59,(anonymous_5)
FN:66,(anonymous_6)
FN:73,(anonymous_7)
FN:80,(anonymous_8)
FN:87,(anonymous_9)
FN:102,(anonymous_10)
FN:121,(anonymous_11)
FN:126,(anonymous_12)
FN:136,(anonymous_13)
FN:141,(anonymous_14)
FN:158,(anonymous_15)
FN:171,(anonymous_16)
FN:177,(anonymous_17)
FN:183,(anonymous_18)
FN:208,(anonymous_19)
FN:209,(anonymous_20)
FN:216,(anonymous_21)
FN:230,(anonymous_22)
FN:252,(anonymous_23)
FN:269,(anonymous_24)
FN:274,(anonymous_25)
FN:275,(anonymous_26)
FN:289,(anonymous_27)
FN:304,(anonymous_28)
FN:314,(anonymous_29)
FN:318,(anonymous_30)
FN:328,(anonymous_31)
FN:339,(anonymous_32)
FN:354,(anonymous_33)
FN:364,(anonymous_34)
FN:368,(anonymous_35)
FN:383,(anonymous_36)
FN:401,(anonymous_37)
FN:406,(anonymous_38)
FN:418,(anonymous_39)
FN:428,(anonymous_40)
FNF:41
FNH:0
FNDA:0,(anonymous_0)
FNDA:0,(anonymous_1)
FNDA:0,(anonymous_2)
FNDA:0,(anonymous_3)
FNDA:0,(anonymous_4)
FNDA:0,(anonymous_5)
FNDA:0,(anonymous_6)
FNDA:0,(anonymous_7)
FNDA:0,(anonymous_8)
FNDA:0,(anonymous_9)
FNDA:0,(anonymous_10)
FNDA:0,(anonymous_11)
FNDA:0,(anonymous_12)
FNDA:0,(anonymous_13)
FNDA:0,(anonymous_14)
FNDA:0,(anonymous_15)
FNDA:0,(anonymous_16)
FNDA:0,(anonymous_17)
FNDA:0,(anonymous_18)
FNDA:0,(anonymous_19)
FNDA:0,(anonymous_20)
FNDA:0,(anonymous_21)
FNDA:0,(anonymous_22)
FNDA:0,(anonymous_23)
FNDA:0,(anonymous_24)
FNDA:0,(anonymous_25)
FNDA:0,(anonymous_26)
FNDA:0,(anonymous_27)
FNDA:0,(anonymous_28)
FNDA:0,(anonymous_29)
FNDA:0,(anonymous_30)
FNDA:0,(anonymous_31)
FNDA:0,(anonymous_32)
FNDA:0,(anonymous_33)
FNDA:0,(anonymous_34)
FNDA:0,(anonymous_35)
FNDA:0,(anonymous_36)
FNDA:0,(anonymous_37)
FNDA:0,(anonymous_38)
FNDA:0,(anonymous_39)
FNDA:0,(anonymous_40)
DA:8,0
DA:17,0
DA:18,0
DA:19,0
DA:20,0
DA:22,0
DA:23,0
DA:31,0
DA:38,0
DA:45,0
DA:52,0
DA:53,0
DA:60,0
DA:67,0
DA:74,0
DA:81,0
DA:88,0
DA:89,0
DA:96,0
DA:103,0
DA:106,0
DA:107,0
DA:108,0
DA:109,0
DA:110,0
DA:113,0
DA:115,0
DA:122,0
DA:123,0
DA:126,0
DA:127,0
DA:130,0
DA:137,0
DA:138,0
DA:141,0
DA:142,0
DA:155,0
DA:158,0
DA:159,0
DA:168,0
DA:171,0
DA:172,0
DA:173,0
DA:174,0
DA:177,0
DA:178,0
DA:179,0
DA:180,0
DA:183,0
DA:208,0
DA:209,0
DA:217,0
DA:218,0
DA:220,0
DA:221,0
DA:224,0
DA:231,0
DA:232,0
DA:235,0
DA:236,0
DA:237,0
DA:238,0
DA:244,0
DA:245,0
DA:253,0
DA:254,0
DA:256,0
DA:257,0
DA:259,0
DA:260,0
DA:263,0
DA:270,0
DA:271,0
DA:273,0
DA:274,0
DA:275,0
DA:278,0
DA:279,0
DA:286,0
DA:289,0
DA:305,0
DA:306,0
DA:308,0
DA:315,0
DA:316,0
DA:318,0
DA:319,0
DA:325,0
DA:328,0
DA:329,0
DA:330,0
DA:331,0
DA:333,0
DA:334,0
DA:335,0
DA:336,0
DA:339,0
DA:355,0
DA:356,0
DA:358,0
DA:365,0
DA:366,0
DA:368,0
DA:377,0
DA:385,0
DA:386,0
DA:387,0
DA:388,0
DA:389,0
DA:390,0
DA:391,0
DA:392,0
DA:393,0
DA:402,0
DA:403,0
DA:406,0
DA:407,0
DA:408,0
DA:409,0
DA:410,0
DA:411,0
DA:419,0
DA:420,0
DA:421,0
DA:427,0
DA:428,0
DA:430,0
DA:434,0
DA:435,0
LF:129
LH:0
BRDA:9,0,0,0
BRDA:9,0,1,0
BRDA:9,1,0,0
BRDA:9,1,1,0
BRDA:19,2,0,0
BRDA:19,2,1,0
BRDA:51,3,0,0
BRDA:52,4,0,0
BRDA:52,4,1,0
BRDA:66,5,0,0
BRDA:73,6,0,0
BRDA:87,7,0,0
BRDA:88,8,0,0
BRDA:88,8,1,0
BRDA:123,9,0,0
BRDA:123,9,1,0
BRDA:126,10,0,0
BRDA:126,10,1,0
BRDA:138,11,0,0
BRDA:138,11,1,0
BRDA:155,12,0,0
BRDA:155,12,1,0
BRDA:168,13,0,0
BRDA:168,13,1,0
BRDA:172,14,0,0
BRDA:172,14,1,0
BRDA:172,15,0,0
BRDA:172,15,1,0
BRDA:173,16,0,0
BRDA:173,16,1,0
BRDA:173,17,0,0
BRDA:173,17,1,0
BRDA:178,18,0,0
BRDA:178,18,1,0
BRDA:178,19,0,0
BRDA:178,19,1,0
BRDA:179,20,0,0
BRDA:179,20,1,0
BRDA:179,21,0,0
BRDA:179,21,1,0
BRDA:190,22,0,0
BRDA:190,22,1,0
BRDA:191,23,0,0
BRDA:191,23,1,0
BRDA:195,24,0,0
BRDA:195,24,1,0
BRDA:199,25,0,0
BRDA:199,25,1,0
BRDA:224,26,0,0
BRDA:224,26,1,0
BRDA:232,27,0,0
BRDA:232,27,1,0
BRDA:235,28,0,0
BRDA:235,28,1,0
BRDA:237,29,0,0
BRDA:237,29,1,0
BRDA:238,30,0,0
BRDA:238,30,1,0
BRDA:244,31,0,0
BRDA:244,31,1,0
BRDA:254,32,0,0
BRDA:254,32,1,0
BRDA:256,33,0,0
BRDA:256,33,1,0
BRDA:257,34,0,0
BRDA:257,34,1,0
BRDA:259,35,0,0
BRDA:259,35,1,0
BRDA:271,36,0,0
BRDA:271,36,1,0
BRDA:274,37,0,0
BRDA:274,37,1,0
BRDA:275,38,0,0
BRDA:275,38,1,0
BRDA:278,39,0,0
BRDA:278,39,1,0
BRDA:291,40,0,0
BRDA:291,40,1,0
BRDA:293,41,0,0
BRDA:293,41,1,0
BRDA:294,42,0,0
BRDA:294,42,1,0
BRDA:306,43,0,0
BRDA:306,43,1,0
BRDA:316,44,0,0
BRDA:316,44,1,0
BRDA:325,45,0,0
BRDA:325,45,1,0
BRDA:333,46,0,0
BRDA:333,46,1,0
BRDA:334,47,0,0
BRDA:334,47,1,0
BRDA:335,48,0,0
BRDA:335,48,1,0
BRDA:344,49,0,0
BRDA:344,49,1,0
BRDA:356,50,0,0
BRDA:356,50,1,0
BRDA:366,51,0,0
BRDA:366,51,1,0
BRDA:388,52,0,0
BRDA:388,52,1,0
BRDA:388,53,0,0
BRDA:388,53,1,0
BRDA:391,54,0,0
BRDA:391,54,1,0
BRDA:392,55,0,0
BRDA:392,55,1,0
BRDA:402,56,0,0
BRDA:402,56,1,0
BRDA:419,57,0,0
BRDA:419,57,1,0
BRDA:427,58,0,0
BRDA:427,58,1,0
BRF:114
BRH:0
end_of_record
TN:
SF:mission-control/dashboard/api/fileWatcher.js
FN:14,(anonymous_0)
FN:28,(anonymous_1)
FN:40,(anonymous_2)
FN:60,(anonymous_3)
FN:88,(anonymous_4)
FN:91,(anonymous_5)
FN:92,(anonymous_6)
FN:105,(anonymous_7)
FN:127,(anonymous_8)
FN:147,(anonymous_9)
FN:171,(anonymous_10)
FN:238,(anonymous_11)
FN:278,(anonymous_12)
FN:297,(anonymous_13)
FN:300,(anonymous_14)
FN:312,(anonymous_15)
FN:326,(anonymous_16)
FN:333,(anonymous_17)
FN:359,(anonymous_18)
FN:365,(anonymous_19)
FNF:20
FNH:0
FNDA:0,(anonymous_0)
FNDA:0,(anonymous_1)
FNDA:0,(anonymous_2)
FNDA:0,(anonymous_3)
FNDA:0,(anonymous_4)
FNDA:0,(anonymous_5)
FNDA:0,(anonymous_6)
FNDA:0,(anonymous_7)
FNDA:0,(anonymous_8)
FNDA:0,(anonymous_9)
FNDA:0,(anonymous_10)
FNDA:0,(anonymous_11)
FNDA:0,(anonymous_12)
FNDA:0,(anonymous_13)
FNDA:0,(anonymous_14)
FNDA:0,(anonymous_15)
FNDA:0,(anonymous_16)
FNDA:0,(anonymous_17)
FNDA:0,(anonymous_18)
FNDA:0,(anonymous_19)
DA:8,0
DA:9,0
DA:10,0
DA:11,0
DA:15,0
DA:16,0
DA:17,0
DA:18,0
DA:19,0
DA:20,0
DA:21,0
DA:22,0
DA:29,0
DA:30,0
DA:31,0
DA:33,0
DA:41,0
DA:42,0
DA:43,0
DA:53,0
DA:61,0
DA:63,0
DA:64,0
DA:66,0
DA:67,0
DA:69,0
DA:71,0
DA:72,0
DA:74,0
DA:75,0
DA:79,0
DA:82,0
DA:89,0
DA:90,0
DA:91,0
DA:92,0
DA:97,0
DA:98,0
DA:106,0
DA:107,0
DA:109,0
DA:111,0
DA:112,0
DA:113,0
DA:114,0
DA:121,0
DA:128,0
DA:129,0
DA:132,0
DA:133,0
DA:134,0
DA:138,0
DA:139,0
DA:140,0
DA:147,0
DA:148,0
DA:150,0
DA:153,0
DA:154,0
DA:157,0
DA:160,0
DA:161,0
DA:164,0
DA:172,0
DA:173,0
DA:174,0
DA:176,0
DA:178,0
DA:179,0
DA:180,0
DA:187,0
DA:190,0
DA:192,0
DA:193,0
DA:196,0
DA:198,0
DA:200,0
DA:201,0
DA:206,0
DA:213,0
DA:215,0
DA:216,0
DA:221,0
DA:231,0
DA:239,0
DA:240,0
DA:241,0
DA:244,0
DA:245,0
DA:248,0
DA:250,0
DA:252,0
DA:255,0
DA:256,0
DA:257,0
DA:262,0
DA:263,0
DA:264,0
DA:267,0
DA:272,0
DA:279,0
DA:281,0
DA:282,0
DA:283,0
DA:286,0
DA:287,0
DA:288,0
DA:290,0
DA:291,0
DA:298,0
DA:300,0
DA:315,0
DA:316,0
DA:317,0
DA:325,0
DA:326,0
DA:334,0
DA:336,0
DA:337,0
DA:340,0
DA:341,0
DA:343,0
DA:344,0
DA:345,0
DA:346,0
DA:349,0
DA:350,0
DA:351,0
DA:359,0
DA:366,0
DA:369,0
DA:370,0
DA:371,0
DA:376,0
DA:377,0
DA:378,0
DA:384,0
DA:388,0
LF:138
LH:0
BRDA:14,0,0,0
BRDA:16,1,0,0
BRDA:16,1,1,0
BRDA:17,2,0,0
BRDA:17,2,1,0
BRDA:18,3,0,0
BRDA:18,3,1,0
BRDA:60,4,0,0
BRDA:69,5,0,0
BRDA:69,5,1,0
BRDA:69,6,0,0
BRDA:69,6,1,0
BRDA:71,7,0,0
BRDA:71,7,1,0
BRDA:71,8,0,0
BRDA:71,8,1,0
BRDA:74,9,0,0
BRDA:74,9,1,0
BRDA:113,10,0,0
BRDA:113,10,1,0
BRDA:127,11,0,0
BRDA:128,12,0,0
BRDA:128,12,1,0
BRDA:133,13,0,0
BRDA:133,13,1,0
BRDA:148,14,0,0
BRDA:148,14,1,0
BRDA:153,15,0,0
BRDA:153,15,1,0
BRDA:153,16,0,0
BRDA:153,16,1,0
BRDA:176,17,0,0
BRDA:176,17,1,0
BRDA:178,18,0,0
BRDA:178,18,1,0
BRDA:192,19,0,0
BRDA:192,19,1,0
BRDA:198,20,0,0
BRDA:198,20,1,0
BRDA:213,21,0,0
BRDA:213,21,1,0
BRDA:239,22,0,0
BRDA:239,22,1,0
BRDA:263,23,0,0
BRDA:263,23,1,0
BRDA:312,24,0,0
BRDA:333,25,0,0
BRDA:336,26,0,0
BRDA:336,26,1,0
BRDA:340,27,0,0
BRDA:340,28,0,0
BRDA:344,29,0,0
BRDA:344,29,1,0
BRDA:345,30,0,0
BRDA:345,30,1,0
BRDA:345,31,0,0
BRDA:345,31,1,0
BRDA:350,32,0,0
BRDA:350,32,1,0
BRDA:370,33,0,0
BRDA:370,33,1,0
BRF:61
BRH:0
end_of_record
TN:
SF:mission-control/dashboard/api/server-v2.js
FN:51,logEvent
FN:68,(anonymous_1)
FN:73,(anonymous_2)
FN:78,(anonymous_3)
FN:83,(anonymous_4)
FN:87,(anonymous_5)
FN:91,(anonymous_6)
FN:95,(anonymous_7)
FN:102,parseBody
FN:103,(anonymous_9)
FN:105,(anonymous_10)
FN:106,(anonymous_11)
FN:119,parseSoulMd
FN:150,(anonymous_13)
FN:151,(anonymous_14)
FN:160,getAgents
FN:165,(anonymous_16)
FN:166,(anonymous_17)
FN:223,getAgent
FN:225,(anonymous_19)
FN:231,getAgentFiles
FN:238,getSystemStatus
FN:269,getTokens
FN:277,(anonymous_23)
FN:306,getLeads
FN:362,getOpportunities
FN:379,(anonymous_26)
FN:381,(anonymous_27)
FN:382,(anonymous_28)
FN:383,(anonymous_29)
FN:418,getAgentEmoji
FN:431,getAgentRole
FN:445,getAgentColor
FN:459,handleRequest
FN:466,(anonymous_34)
FN:671,(anonymous_35)
FN:699,(anonymous_36)
FN:703,(anonymous_37)
FN:704,(anonymous_38)
FN:711,(anonymous_39)
FN:715,(anonymous_40)
FN:716,(anonymous_41)
FNF:42
FNH:0
FNDA:0,logEvent
FNDA:0,(anonymous_1)
FNDA:0,(anonymous_2)
FNDA:0,(anonymous_3)
FNDA:0,(anonymous_4)
FNDA:0,(anonymous_5)
FNDA:0,(anonymous_6)
FNDA:0,(anonymous_7)
FNDA:0,parseBody
FNDA:0,(anonymous_9)
FNDA:0,(anonymous_10)
FNDA:0,(anonymous_11)
FNDA:0,parseSoulMd
FNDA:0,(anonymous_13)
FNDA:0,(anonymous_14)
FNDA:0,getAgents
FNDA:0,(anonymous_16)
FNDA:0,(anonymous_17)
FNDA:0,getAgent
FNDA:0,(anonymous_19)
FNDA:0,getAgentFiles
FNDA:0,getSystemStatus
FNDA:0,getTokens
FNDA:0,(anonymous_23)
FNDA:0,getLeads
FNDA:0,getOpportunities
FNDA:0,(anonymous_26)
FNDA:0,(anonymous_27)
FNDA:0,(anonymous_28)
FNDA:0,(anonymous_29)
FNDA:0,getAgentEmoji
FNDA:0,getAgentRole
FNDA:0,getAgentColor
FNDA:0,handleRequest
FNDA:0,(anonymous_34)
FNDA:0,(anonymous_35)
FNDA:0,(anonymous_36)
FNDA:0,(anonymous_37)
FNDA:0,(anonymous_38)
FNDA:0,(anonymous_39)
FNDA:0,(anonymous_40)
FNDA:0,(anonymous_41)
DA:8,0
DA:9,0
DA:10,0
DA:11,0
DA:14,0
DA:15,0
DA:16,0
DA:17,0
DA:20,0
DA:29,0
DA:37,0
DA:42,0
DA:48,0
DA:49,0
DA:52,0
DA:59,0
DA:60,0
DA:61,0
DA:64,0
DA:68,0
DA:69,0
DA:70,0
DA:73,0
DA:74,0
DA:75,0
DA:78,0
DA:79,0
DA:80,0
DA:83,0
DA:84,0
DA:87,0
DA:88,0
DA:91,0
DA:92,0
DA:95,0
DA:96,0
DA:103,0
DA:104,0
DA:105,0
DA:106,0
DA:107,0
DA:108,0
DA:110,0
DA:120,0
DA:129,0
DA:132,0
DA:134,0
DA:136,0
DA:138,0
DA:140,0
DA:142,0
DA:144,0
DA:146,0
DA:147,0
DA:148,0
DA:150,0
DA:151,0
DA:154,0
DA:161,0
DA:163,0
DA:164,0
DA:165,0
DA:166,0
DA:168,0
DA:169,0
DA:170,0
DA:171,0
DA:173,0
DA:188,0
DA:189,0
DA:190,0
DA:191,0
DA:194,0
DA:195,0
DA:196,0
DA:197,0
DA:198,0
DA:199,0
DA:200,0
DA:201,0
DA:203,0
DA:204,0
DA:207,0
DA:211,0
DA:214,0
DA:217,0
DA:224,0
DA:225,0
DA:232,0
DA:239,0
DA:241,0
DA:250,0
DA:251,0
DA:252,0
DA:253,0
DA:254,0
DA:255,0
DA:256,0
DA:257,0
DA:259,0
DA:263,0
DA:270,0
DA:272,0
DA:277,0
DA:307,0
DA:309,0
DA:310,0
DA:311,0
DA:312,0
DA:313,0
DA:320,0
DA:324,0
DA:325,0
DA:326,0
DA:327,0
DA:328,0
DA:329,0
DA:342,0
DA:345,0
DA:363,0
DA:364,0
DA:366,0
DA:367,0
DA:368,0
DA:369,0
DA:372,0
DA:373,0
DA:374,0
DA:375,0
DA:376,0
DA:379,0
DA:381,0
DA:382,0
DA:383,0
DA:388,0
DA:389,0
DA:390,0
DA:391,0
DA:394,0
DA:402,0
DA:405,0
DA:419,0
DA:425,0
DA:432,0
DA:439,0
DA:446,0
DA:453,0
DA:460,0
DA:461,0
DA:462,0
DA:463,0
DA:466,0
DA:467,0
DA:471,0
DA:472,0
DA:473,0
DA:474,0
DA:477,0
DA:478,0
DA:480,0
DA:482,0
DA:483,0
DA:491,0
DA:495,0
DA:496,0
DA:497,0
DA:499,0
DA:500,0
DA:501,0
DA:502,0
DA:504,0
DA:505,0
DA:506,0
DA:507,0
DA:511,0
DA:512,0
DA:513,0
DA:515,0
DA:516,0
DA:517,0
DA:518,0
DA:522,0
DA:523,0
DA:524,0
DA:528,0
DA:529,0
DA:530,0
DA:534,0
DA:535,0
DA:536,0
DA:540,0
DA:541,0
DA:542,0
DA:544,0
DA:545,0
DA:546,0
DA:547,0
DA:549,0
DA:550,0
DA:551,0
DA:552,0
DA:553,0
DA:555,0
DA:556,0
DA:557,0
DA:558,0
DA:559,0
DA:560,0
DA:562,0
DA:563,0
DA:568,0
DA:569,0
DA:573,0
DA:575,0
DA:576,0
DA:577,0
DA:578,0
DA:580,0
DA:581,0
DA:582,0
DA:583,0
DA:585,0
DA:586,0
DA:587,0
DA:588,0
DA:589,0
DA:591,0
DA:592,0
DA:593,0
DA:594,0
DA:595,0
DA:597,0
DA:598,0
DA:599,0
DA:600,0
DA:602,0
DA:603,0
DA:604,0
DA:605,0
DA:606,0
DA:608,0
DA:609,0
DA:610,0
DA:611,0
DA:612,0
DA:614,0
DA:615,0
DA:616,0
DA:617,0
DA:618,0
DA:620,0
DA:621,0
DA:622,0
DA:624,0
DA:625,0
DA:626,0
DA:628,0
DA:629,0
DA:630,0
DA:631,0
DA:633,0
DA:634,0
DA:635,0
DA:636,0
DA:638,0
DA:639,0
DA:640,0
DA:641,0
DA:645,0
DA:646,0
DA:647,0
DA:648,0
DA:649,0
DA:650,0
DA:651,0
DA:652,0
DA:654,0
DA:655,0
DA:659,0
DA:660,0
DA:661,0
DA:664,0
DA:665,0
DA:669,0
DA:671,0
DA:672,0
DA:673,0
DA:674,0
DA:675,0
DA:676,0
DA:677,0
DA:678,0
DA:679,0
DA:680,0
DA:683,0
DA:686,0
DA:687,0
DA:692,0
DA:694,0
DA:699,0
DA:700,0
DA:701,0
DA:702,0
DA:703,0
DA:704,0
DA:705,0
DA:706,0
DA:711,0
DA:712,0
DA:713,0
DA:714,0
DA:715,0
DA:716,0
DA:717,0
DA:718,0
DA:723,0
LF:316
LH:0
BRDA:21,0,0,0
BRDA:21,0,1,0
BRDA:60,1,0,0
BRDA:60,1,1,0
BRDA:108,2,0,0
BRDA:108,2,1,0
BRDA:129,3,0,0
BRDA:129,3,1,0
BRDA:129,3,2,0
BRDA:132,4,0,0
BRDA:132,4,1,0
BRDA:134,5,0,0
BRDA:134,5,1,0
BRDA:136,6,0,0
BRDA:136,6,1,0
BRDA:138,7,0,0
BRDA:138,7,1,0
BRDA:140,8,0,0
BRDA:140,8,1,0
BRDA:142,9,0,0
BRDA:142,9,1,0
BRDA:144,10,0,0
BRDA:144,10,1,0
BRDA:147,11,0,0
BRDA:147,11,1,0
BRDA:188,12,0,0
BRDA:188,12,1,0
BRDA:194,13,0,0
BRDA:194,13,1,0
BRDA:198,14,0,0
BRDA:198,14,1,0
BRDA:199,15,0,0
BRDA:199,15,1,0
BRDA:200,16,0,0
BRDA:200,16,1,0
BRDA:203,17,0,0
BRDA:203,17,1,0
BRDA:225,18,0,0
BRDA:225,18,1,0
BRDA:231,19,0,0
BRDA:250,20,0,0
BRDA:250,20,1,0
BRDA:254,21,0,0
BRDA:254,21,1,0
BRDA:255,22,0,0
BRDA:255,22,1,0
BRDA:256,23,0,0
BRDA:256,23,1,0
BRDA:257,24,0,0
BRDA:257,24,1,0
BRDA:310,25,0,0
BRDA:310,25,1,0
BRDA:316,26,0,0
BRDA:316,26,1,0
BRDA:326,27,0,0
BRDA:326,27,1,0
BRDA:331,28,0,0
BRDA:331,28,1,0
BRDA:333,29,0,0
BRDA:333,29,1,0
BRDA:334,30,0,0
BRDA:334,30,1,0
BRDA:335,31,0,0
BRDA:335,31,1,0
BRDA:372,32,0,0
BRDA:372,32,1,0
BRDA:375,33,0,0
BRDA:375,33,1,0
BRDA:378,34,0,0
BRDA:378,34,1,0
BRDA:379,35,0,0
BRDA:379,35,1,0
BRDA:381,36,0,0
BRDA:381,36,1,0
BRDA:382,37,0,0
BRDA:382,37,1,0
BRDA:382,38,0,0
BRDA:382,38,1,0
BRDA:382,39,0,0
BRDA:382,39,1,0
BRDA:383,40,0,0
BRDA:383,40,1,0
BRDA:388,41,0,0
BRDA:388,41,1,0
BRDA:391,42,0,0
BRDA:391,42,1,0
BRDA:425,43,0,0
BRDA:425,43,1,0
BRDA:439,44,0,0
BRDA:439,44,1,0
BRDA:453,45,0,0
BRDA:453,45,1,0
BRDA:471,46,0,0
BRDA:471,46,1,0
BRDA:482,47,0,0
BRDA:482,47,1,0
BRDA:495,48,0,0
BRDA:495,48,1,0
BRDA:495,49,0,0
BRDA:495,49,1,0
BRDA:499,50,0,0
BRDA:499,50,1,0
BRDA:499,51,0,0
BRDA:499,51,1,0
BRDA:501,52,0,0
BRDA:501,52,1,0
BRDA:502,53,0,0
BRDA:502,53,1,0
BRDA:504,54,0,0
BRDA:504,54,1,0
BRDA:504,55,0,0
BRDA:504,55,1,0
BRDA:511,56,0,0
BRDA:511,56,1,0
BRDA:511,57,0,0
BRDA:511,57,1,0
BRDA:515,58,0,0
BRDA:515,58,1,0
BRDA:515,59,0,0
BRDA:515,59,1,0
BRDA:516,60,0,0
BRDA:516,60,1,0
BRDA:522,61,0,0
BRDA:522,61,1,0
BRDA:522,62,0,0
BRDA:522,62,1,0
BRDA:528,63,0,0
BRDA:528,63,1,0
BRDA:528,64,0,0
BRDA:528,64,1,0
BRDA:534,65,0,0
BRDA:534,65,1,0
BRDA:534,66,0,0
BRDA:534,66,1,0
BRDA:540,67,0,0
BRDA:540,67,1,0
BRDA:540,68,0,0
BRDA:540,68,1,0
BRDA:544,69,0,0
BRDA:544,69,1,0
BRDA:544,70,0,0
BRDA:544,70,1,0
BRDA:545,71,0,0
BRDA:545,71,1,0
BRDA:549,72,0,0
BRDA:549,72,1,0
BRDA:549,73,0,0
BRDA:549,73,1,0
BRDA:551,74,0,0
BRDA:551,74,1,0
BRDA:555,75,0,0
BRDA:555,75,1,0
BRDA:555,76,0,0
BRDA:555,76,1,0
BRDA:557,77,0,0
BRDA:557,77,1,0
BRDA:568,78,0,0
BRDA:568,78,1,0
BRDA:568,79,0,0
BRDA:568,79,1,0
BRDA:575,80,0,0
BRDA:575,80,1,0
BRDA:575,81,0,0
BRDA:575,81,1,0
BRDA:580,82,0,0
BRDA:580,82,1,0
BRDA:580,83,0,0
BRDA:580,83,1,0
BRDA:583,84,0,0
BRDA:583,84,1,0
BRDA:585,85,0,0
BRDA:585,85,1,0
BRDA:585,86,0,0
BRDA:585,86,1,0
BRDA:591,87,0,0
BRDA:591,87,1,0
BRDA:591,88,0,0
BRDA:591,88,1,0
BRDA:597,89,0,0
BRDA:597,89,1,0
BRDA:597,90,0,0
BRDA:597,90,1,0
BRDA:602,91,0,0
BRDA:602,91,1,0
BRDA:602,92,0,0
BRDA:602,92,1,0
BRDA:605,93,0,0
BRDA:605,93,1,0
BRDA:608,94,0,0
BRDA:608,94,1,0
BRDA:608,95,0,0
BRDA:608,95,1,0
BRDA:614,96,0,0
BRDA:614,96,1,0
BRDA:614,97,0,0
BRDA:614,97,1,0
BRDA:620,98,0,0
BRDA:620,98,1,0
BRDA:620,99,0,0
BRDA:620,99,1,0
BRDA:624,100,0,0
BRDA:624,100,1,0
BRDA:624,101,0,0
BRDA:624,101,1,0
BRDA:628,102,0,0
BRDA:628,102,1,0
BRDA:628,103,0,0
BRDA:628,103,1,0
BRDA:629,104,0,0
BRDA:629,104,1,0
BRDA:633,105,0,0
BRDA:633,105,1,0
BRDA:633,106,0,0
BRDA:633,106,1,0
BRDA:634,107,0,0
BRDA:634,107,1,0
BRDA:638,108,0,0
BRDA:638,108,1,0
BRDA:638,109,0,0
BRDA:638,109,1,0
BRDA:645,110,0,0
BRDA:645,110,1,0
BRDA:645,111,0,0
BRDA:645,111,1,0
BRDA:646,112,0,0
BRDA:646,112,1,0
BRDA:647,113,0,0
BRDA:647,113,1,0
BRDA:661,114,0,0
BRDA:661,114,1,0
BRF:230
BRH:0
end_of_record
TN:
SF:mission-control/dashboard/api/server.js
FN:36,parseSoulMd
FN:72,(anonymous_1)
FN:73,(anonymous_2)
FN:82,getAgents
FN:87,(anonymous_4)
FN:88,(anonymous_5)
FN:147,getAgent
FN:149,(anonymous_7)
FN:155,getAgentActivity
FN:197,(anonymous_9)
FN:203,getAgentFiles
FN:248,getSystemStatus
FN:271,getTasks
FN:290,(anonymous_13)
FN:310,(anonymous_14)
FN:334,getSystemLogs
FN:340,(anonymous_16)
FN:347,(anonymous_17)
FN:380,getActivityFeed
FN:396,(anonymous_19)
FN:404,browseFiles
FN:432,(anonymous_21)
FN:443,handleRequest
FN:449,(anonymous_23)
FN:503,(anonymous_24)
FN:529,(anonymous_25)
FNF:26
FNH:0
FNDA:0,parseSoulMd
FNDA:0,(anonymous_1)
FNDA:0,(anonymous_2)
FNDA:0,getAgents
FNDA:0,(anonymous_4)
FNDA:0,(anonymous_5)
FNDA:0,getAgent
FNDA:0,(anonymous_7)
FNDA:0,getAgentActivity
FNDA:0,(anonymous_9)
FNDA:0,getAgentFiles
FNDA:0,getSystemStatus
FNDA:0,getTasks
FNDA:0,(anonymous_13)
FNDA:0,(anonymous_14)
FNDA:0,getSystemLogs
FNDA:0,(anonymous_16)
FNDA:0,(anonymous_17)
FNDA:0,getActivityFeed
FNDA:0,(anonymous_19)
FNDA:0,browseFiles
FNDA:0,(anonymous_21)
FNDA:0,handleRequest
FNDA:0,(anonymous_23)
FNDA:0,(anonymous_24)
FNDA:0,(anonymous_25)
DA:8,0
DA:9,0
DA:10,0
DA:11,0
DA:14,0
DA:17,0
DA:26,0
DA:37,0
DA:47,0
DA:50,0
DA:53,0
DA:55,0
DA:58,0
DA:60,0
DA:63,0
DA:65,0
DA:68,0
DA:69,0
DA:70,0
DA:72,0
DA:73,0
DA:76,0
DA:83,0
DA:85,0
DA:86,0
DA:87,0
DA:88,0
DA:90,0
DA:91,0
DA:92,0
DA:93,0
DA:95,0
DA:111,0
DA:112,0
DA:113,0
DA:114,0
DA:118,0
DA:119,0
DA:120,0
DA:121,0
DA:122,0
DA:123,0
DA:124,0
DA:125,0
DA:127,0
DA:128,0
DA:131,0
DA:135,0
DA:138,0
DA:141,0
DA:148,0
DA:149,0
DA:156,0
DA:157,0
DA:160,0
DA:161,0
DA:162,0
DA:163,0
DA:164,0
DA:165,0
DA:166,0
DA:175,0
DA:180,0
DA:181,0
DA:182,0
DA:183,0
DA:184,0
DA:185,0
DA:193,0
DA:197,0
DA:204,0
DA:205,0
DA:206,0
DA:208,0
DA:209,0
DA:212,0
DA:213,0
DA:215,0
DA:216,0
DA:217,0
DA:219,0
DA:220,0
DA:227,0
DA:228,0
DA:239,0
DA:242,0
DA:249,0
DA:251,0
DA:252,0
DA:253,0
DA:254,0
DA:256,0
DA:260,0
DA:272,0
DA:279,0
DA:280,0
DA:281,0
DA:282,0
DA:285,0
DA:286,0
DA:287,0
DA:288,0
DA:289,0
DA:290,0
DA:291,0
DA:292,0
DA:305,0
DA:306,0
DA:307,0
DA:308,0
DA:309,0
DA:310,0
DA:311,0
DA:312,0
DA:324,0
DA:328,0
DA:335,0
DA:337,0
DA:338,0
DA:339,0
DA:340,0
DA:344,0
DA:345,0
DA:346,0
DA:347,0
DA:349,0
DA:351,0
DA:352,0
DA:353,0
DA:360,0
DA:370,0
DA:374,0
DA:381,0
DA:382,0
DA:384,0
DA:385,0
DA:386,0
DA:387,0
DA:396,0
DA:398,0
DA:405,0
DA:408,0
DA:409,0
DA:412,0
DA:413,0
DA:416,0
DA:418,0
DA:419,0
DA:428,0
DA:429,0
DA:432,0
DA:444,0
DA:445,0
DA:446,0
DA:449,0
DA:450,0
DA:454,0
DA:455,0
DA:456,0
DA:457,0
DA:460,0
DA:461,0
DA:464,0
DA:465,0
DA:466,0
DA:467,0
DA:468,0
DA:469,0
DA:470,0
DA:471,0
DA:472,0
DA:473,0
DA:474,0
DA:475,0
DA:476,0
DA:477,0
DA:478,0
DA:479,0
DA:480,0
DA:481,0
DA:482,0
DA:483,0
DA:484,0
DA:485,0
DA:486,0
DA:487,0
DA:488,0
DA:489,0
DA:490,0
DA:491,0
DA:492,0
DA:493,0
DA:494,0
DA:495,0
DA:496,0
DA:497,0
DA:498,0
DA:500,0
DA:501,0
DA:502,0
DA:503,0
DA:519,0
DA:522,0
DA:523,0
DA:527,0
DA:529,0
DA:530,0
DA:531,0
DA:532,0
DA:535,0
LF:210
LH:0
BRDA:47,0,0,0
BRDA:47,0,1,0
BRDA:47,0,2,0
BRDA:50,1,0,0
BRDA:50,1,1,0
BRDA:53,2,0,0
BRDA:53,2,1,0
BRDA:55,3,0,0
BRDA:55,3,1,0
BRDA:58,4,0,0
BRDA:58,4,1,0
BRDA:60,5,0,0
BRDA:60,5,1,0
BRDA:63,6,0,0
BRDA:63,6,1,0
BRDA:65,7,0,0
BRDA:65,7,1,0
BRDA:69,8,0,0
BRDA:69,8,1,0
BRDA:111,9,0,0
BRDA:111,9,1,0
BRDA:118,10,0,0
BRDA:118,10,1,0
BRDA:122,11,0,0
BRDA:122,11,1,0
BRDA:123,12,0,0
BRDA:123,12,1,0
BRDA:124,13,0,0
BRDA:124,13,1,0
BRDA:127,14,0,0
BRDA:127,14,1,0
BRDA:149,15,0,0
BRDA:149,15,1,0
BRDA:161,16,0,0
BRDA:161,16,1,0
BRDA:165,17,0,0
BRDA:165,17,1,0
BRDA:165,18,0,0
BRDA:165,18,1,0
BRDA:181,19,0,0
BRDA:181,19,1,0
BRDA:203,20,0,0
BRDA:208,21,0,0
BRDA:208,21,1,0
BRDA:219,22,0,0
BRDA:219,22,1,0
BRDA:251,23,0,0
BRDA:251,23,1,0
BRDA:280,24,0,0
BRDA:280,24,1,0
BRDA:286,25,0,0
BRDA:286,25,1,0
BRDA:289,26,0,0
BRDA:289,26,1,0
BRDA:289,27,0,0
BRDA:289,27,1,0
BRDA:289,27,2,0
BRDA:291,28,0,0
BRDA:291,28,1,0
BRDA:291,29,0,0
BRDA:291,29,1,0
BRDA:291,29,2,0
BRDA:296,30,0,0
BRDA:296,30,1,0
BRDA:297,31,0,0
BRDA:297,31,1,0
BRDA:306,32,0,0
BRDA:306,32,1,0
BRDA:309,33,0,0
BRDA:309,33,1,0
BRDA:309,34,0,0
BRDA:309,34,1,0
BRDA:309,34,2,0
BRDA:311,35,0,0
BRDA:311,35,1,0
BRDA:311,36,0,0
BRDA:311,36,1,0
BRDA:311,36,2,0
BRDA:316,37,0,0
BRDA:316,37,1,0
BRDA:317,38,0,0
BRDA:317,38,1,0
BRDA:334,39,0,0
BRDA:337,40,0,0
BRDA:337,40,1,0
BRDA:340,41,0,0
BRDA:340,41,1,0
BRDA:352,42,0,0
BRDA:352,42,1,0
BRDA:380,43,0,0
BRDA:404,44,0,0
BRDA:408,45,0,0
BRDA:408,45,1,0
BRDA:412,46,0,0
BRDA:412,46,1,0
BRDA:418,47,0,0
BRDA:418,47,1,0
BRDA:431,48,0,0
BRDA:431,48,1,0
BRDA:434,49,0,0
BRDA:434,49,1,0
BRDA:454,50,0,0
BRDA:454,50,1,0
BRDA:464,51,0,0
BRDA:464,51,1,0
BRDA:467,52,0,0
BRDA:467,52,1,0
BRDA:469,53,0,0
BRDA:469,53,1,0
BRDA:470,54,0,0
BRDA:470,54,1,0
BRDA:471,55,0,0
BRDA:471,55,1,0
BRDA:475,56,0,0
BRDA:475,56,1,0
BRDA:477,57,0,0
BRDA:477,57,1,0
BRDA:480,58,0,0
BRDA:480,58,1,0
BRDA:483,59,0,0
BRDA:483,59,1,0
BRDA:484,60,0,0
BRDA:484,60,1,0
BRDA:486,61,0,0
BRDA:486,61,1,0
BRDA:487,62,0,0
BRDA:487,62,1,0
BRDA:489,63,0,0
BRDA:489,63,1,0
BRDA:492,64,0,0
BRDA:492,64,1,0
BRDA:493,65,0,0
BRDA:493,65,1,0
BRDA:494,66,0,0
BRDA:494,66,1,0
BRDA:495,67,0,0
BRDA:495,67,1,0
BRDA:498,68,0,0
BRDA:498,68,1,0
BRF:139
BRH:0
end_of_record
TN:
SF:mission-control/dashboard/api/taskQueue.js
FN:13,(anonymous_0)
FN:50,(anonymous_1)
FN:72,(anonymous_2)
FN:88,(anonymous_3)
FN:110,(anonymous_4)
FN:135,(anonymous_5)
FN:155,(anonymous_6)
FN:163,(anonymous_7)
FN:174,(anonymous_8)
FN:199,(anonymous_9)
FN:208,(anonymous_10)
FN:238,(anonymous_11)
FN:239,(anonymous_12)
FN:240,(anonymous_13)
FN:246,(anonymous_14)
FN:251,(anonymous_15)
FN:256,(anonymous_16)
FN:260,(anonymous_17)
FN:267,(anonymous_18)
FN:268,(anonymous_19)
FN:273,(anonymous_20)
FN:289,(anonymous_21)
FN:290,(anonymous_22)
FN:326,(anonymous_23)
FN:352,(anonymous_24)
FN:361,(anonymous_25)
FN:375,(anonymous_26)
FN:376,(anonymous_27)
FN:395,(anonymous_28)
FN:413,(anonymous_29)
FN:420,(anonymous_30)
FN:444,(anonymous_31)
FN:451,(anonymous_32)
FN:464,(anonymous_33)
FN:475,(anonymous_34)
FN:486,(anonymous_35)
FN:487,(anonymous_36)
FN:502,(anonymous_37)
FN:520,(anonymous_38)
FN:524,(anonymous_39)
FN:528,(anonymous_40)
FN:534,(anonymous_41)
FN:551,(anonymous_42)
FN:554,(anonymous_43)
FN:557,(anonymous_44)
FN:565,(anonymous_45)
FNF:46
FNH:0
FNDA:0,(anonymous_0)
FNDA:0,(anonymous_1)
FNDA:0,(anonymous_2)
FNDA:0,(anonymous_3)
FNDA:0,(anonymous_4)
FNDA:0,(anonymous_5)
FNDA:0,(anonymous_6)
FNDA:0,(anonymous_7)
FNDA:0,(anonymous_8)
FNDA:0,(anonymous_9)
FNDA:0,(anonymous_10)
FNDA:0,(anonymous_11)
FNDA:0,(anonymous_12)
FNDA:0,(anonymous_13)
FNDA:0,(anonymous_14)
FNDA:0,(anonymous_15)
FNDA:0,(anonymous_16)
FNDA:0,(anonymous_17)
FNDA:0,(anonymous_18)
FNDA:0,(anonymous_19)
FNDA:0,(anonymous_20)
FNDA:0,(anonymous_21)
FNDA:0,(anonymous_22)
FNDA:0,(anonymous_23)
FNDA:0,(anonymous_24)
FNDA:0,(anonymous_25)
FNDA:0,(anonymous_26)
FNDA:0,(anonymous_27)
FNDA:0,(anonymous_28)
FNDA:0,(anonymous_29)
FNDA:0,(anonymous_30)
FNDA:0,(anonymous_31)
FNDA:0,(anonymous_32)
FNDA:0,(anonymous_33)
FNDA:0,(anonymous_34)
FNDA:0,(anonymous_35)
FNDA:0,(anonymous_36)
FNDA:0,(anonymous_37)
FNDA:0,(anonymous_38)
FNDA:0,(anonymous_39)
FNDA:0,(anonymous_40)
FNDA:0,(anonymous_41)
FNDA:0,(anonymous_42)
FNDA:0,(anonymous_43)
FNDA:0,(anonymous_44)
FNDA:0,(anonymous_45)
DA:8,0
DA:9,0
DA:10,0
DA:14,0
DA:15,0
DA:16,0
DA:17,0
DA:18,0
DA:19,0
DA:20,0
DA:21,0
DA:24,0
DA:32,0
DA:44,0
DA:51,0
DA:52,0
DA:53,0
DA:54,0
DA:55,0
DA:56,0
DA:57,0
DA:60,0
DA:63,0
DA:64,0
DA:65,0
DA:73,0
DA:75,0
DA:76,0
DA:79,0
DA:80,0
DA:83,0
DA:84,0
DA:85,0
DA:86,0
DA:87,0
DA:88,0
DA:89,0
DA:90,0
DA:105,0
DA:106,0
DA:107,0
DA:108,0
DA:109,0
DA:110,0
DA:111,0
DA:112,0
DA:124,0
DA:125,0
DA:128,0
DA:136,0
DA:138,0
DA:139,0
DA:146,0
DA:148,0
DA:156,0
DA:158,0
DA:163,0
DA:164,0
DA:168,0
DA:175,0
DA:177,0
DA:179,0
DA:180,0
DA:184,0
DA:193,0
DA:200,0
DA:201,0
DA:202,0
DA:209,0
DA:226,0
DA:227,0
DA:229,0
DA:230,0
DA:232,0
DA:239,0
DA:240,0
DA:247,0
DA:249,0
DA:250,0
DA:251,0
DA:254,0
DA:255,0
DA:256,0
DA:259,0
DA:260,0
DA:261,0
DA:265,0
DA:266,0
DA:267,0
DA:268,0
DA:273,0
DA:274,0
DA:275,0
DA:276,0
DA:279,0
DA:280,0
DA:283,0
DA:290,0
DA:292,0
DA:293,0
DA:296,0
DA:297,0
DA:300,0
DA:301,0
DA:302,0
DA:303,0
DA:304,0
DA:305,0
DA:306,0
DA:307,0
DA:308,0
DA:310,0
DA:313,0
DA:314,0
DA:317,0
DA:318,0
DA:320,0
DA:327,0
DA:329,0
DA:331,0
DA:332,0
DA:334,0
DA:335,0
DA:337,0
DA:338,0
DA:341,0
DA:353,0
DA:360,0
DA:361,0
DA:364,0
DA:365,0
DA:368,0
DA:369,0
DA:376,0
DA:378,0
DA:379,0
DA:382,0
DA:383,0
DA:384,0
DA:386,0
DA:387,0
DA:389,0
DA:396,0
DA:398,0
DA:399,0
DA:402,0
DA:403,0
DA:404,0
DA:407,0
DA:414,0
DA:421,0
DA:423,0
DA:424,0
DA:427,0
DA:435,0
DA:436,0
DA:438,0
DA:445,0
DA:447,0
DA:448,0
DA:451,0
DA:453,0
DA:454,0
DA:457,0
DA:458,0
DA:459,0
DA:461,0
DA:464,0
DA:465,0
DA:466,0
DA:469,0
DA:476,0
DA:486,0
DA:487,0
DA:490,0
DA:491,0
DA:492,0
DA:493,0
DA:496,0
DA:503,0
DA:505,0
DA:521,0
DA:522,0
DA:524,0
DA:525,0
DA:526,0
DA:527,0
DA:528,0
DA:535,0
DA:537,0
DA:538,0
DA:539,0
DA:541,0
DA:545,0
DA:552,0
DA:554,0
DA:555,0
DA:557,0
DA:566,0
DA:567,0
DA:568,0
DA:570,0
DA:571,0
DA:572,0
DA:574,0
DA:575,0
DA:586,0
DA:589,0
DA:590,0
DA:593,0
DA:594,0
DA:595,0
DA:597,0
DA:598,0
DA:601,0
DA:605,0
LF:216
LH:0
BRDA:13,0,0,0
BRDA:15,1,0,0
BRDA:15,1,1,0
BRDA:16,2,0,0
BRDA:16,2,1,0
BRDA:17,3,0,0
BRDA:17,3,1,0
BRDA:52,4,0,0
BRDA:52,4,1,0
BRDA:54,5,0,0
BRDA:54,5,1,0
BRDA:55,6,0,0
BRDA:55,6,1,0
BRDA:56,7,0,0
BRDA:56,7,1,0
BRDA:75,8,0,0
BRDA:75,8,1,0
BRDA:84,9,0,0
BRDA:84,9,1,0
BRDA:87,10,0,0
BRDA:87,10,1,0
BRDA:87,11,0,0
BRDA:87,11,1,0
BRDA:87,11,2,0
BRDA:87,11,3,0
BRDA:89,12,0,0
BRDA:89,12,1,0
BRDA:89,13,0,0
BRDA:89,13,1,0
BRDA:89,13,2,0
BRDA:94,14,0,0
BRDA:94,14,1,0
BRDA:106,15,0,0
BRDA:106,15,1,0
BRDA:109,16,0,0
BRDA:109,16,1,0
BRDA:109,17,0,0
BRDA:109,17,1,0
BRDA:109,17,2,0
BRDA:111,18,0,0
BRDA:111,18,1,0
BRDA:111,19,0,0
BRDA:111,19,1,0
BRDA:111,19,2,0
BRDA:116,20,0,0
BRDA:116,20,1,0
BRDA:117,21,0,0
BRDA:117,21,1,0
BRDA:136,22,0,0
BRDA:136,22,1,0
BRDA:156,23,0,0
BRDA:156,23,1,0
BRDA:164,24,0,0
BRDA:164,24,1,0
BRDA:168,25,0,0
BRDA:168,25,1,0
BRDA:175,26,0,0
BRDA:175,26,1,0
BRDA:179,27,0,0
BRDA:179,27,1,0
BRDA:193,28,0,0
BRDA:193,28,1,0
BRDA:210,29,0,0
BRDA:210,29,1,0
BRDA:211,30,0,0
BRDA:211,30,1,0
BRDA:212,31,0,0
BRDA:212,31,1,0
BRDA:213,32,0,0
BRDA:213,32,1,0
BRDA:214,33,0,0
BRDA:214,33,1,0
BRDA:215,34,0,0
BRDA:215,34,1,0
BRDA:218,35,0,0
BRDA:218,35,1,0
BRDA:219,36,0,0
BRDA:219,36,1,0
BRDA:220,37,0,0
BRDA:220,37,1,0
BRDA:221,38,0,0
BRDA:221,38,1,0
BRDA:222,39,0,0
BRDA:222,39,1,0
BRDA:223,40,0,0
BRDA:223,40,1,0
BRDA:239,41,0,0
BRDA:239,41,1,0
BRDA:246,42,0,0
BRDA:249,43,0,0
BRDA:249,43,1,0
BRDA:250,44,0,0
BRDA:250,44,1,0
BRDA:254,45,0,0
BRDA:254,45,1,0
BRDA:255,46,0,0
BRDA:255,46,1,0
BRDA:259,47,0,0
BRDA:259,47,1,0
BRDA:265,48,0,0
BRDA:265,48,1,0
BRDA:266,49,0,0
BRDA:266,49,1,0
BRDA:275,50,0,0
BRDA:275,50,1,0
BRDA:279,51,0,0
BRDA:279,51,1,0
BRDA:292,52,0,0
BRDA:292,52,1,0
BRDA:300,53,0,0
BRDA:300,53,1,0
BRDA:301,54,0,0
BRDA:301,54,1,0
BRDA:302,55,0,0
BRDA:302,55,1,0
BRDA:303,56,0,0
BRDA:303,56,1,0
BRDA:304,57,0,0
BRDA:304,57,1,0
BRDA:305,58,0,0
BRDA:305,58,1,0
BRDA:306,59,0,0
BRDA:306,59,1,0
BRDA:307,60,0,0
BRDA:307,60,1,0
BRDA:308,61,0,0
BRDA:308,61,1,0
BRDA:313,62,0,0
BRDA:313,62,1,0
BRDA:329,63,0,0
BRDA:329,63,1,0
BRDA:329,63,2,0
BRDA:364,64,0,0
BRDA:364,64,1,0
BRDA:378,65,0,0
BRDA:378,65,1,0
BRDA:395,66,0,0
BRDA:398,67,0,0
BRDA:398,67,1,0
BRDA:402,68,0,0
BRDA:402,68,1,0
BRDA:423,69,0,0
BRDA:423,69,1,0
BRDA:447,70,0,0
BRDA:447,70,1,0
BRDA:453,71,0,0
BRDA:453,71,1,0
BRDA:465,72,0,0
BRDA:465,72,1,0
BRDA:465,73,0,0
BRDA:465,73,1,0
BRDA:491,74,0,0
BRDA:491,74,1,0
BRDA:492,75,0,0
BRDA:492,75,1,0
BRDA:493,76,0,0
BRDA:493,76,1,0
BRDA:506,77,0,0
BRDA:506,77,1,0
BRDA:507,78,0,0
BRDA:507,78,1,0
BRDA:508,79,0,0
BRDA:508,79,1,0
BRDA:510,80,0,0
BRDA:510,80,1,0
BRDA:511,81,0,0
BRDA:511,81,1,0
BRDA:520,82,0,0
BRDA:525,83,0,0
BRDA:525,83,1,0
BRDA:525,84,0,0
BRDA:525,84,1,0
BRDA:555,85,0,0
BRDA:555,85,1,0
BRDA:555,85,2,0
BRDA:555,85,3,0
BRDA:555,85,4,0
BRDA:575,86,0,0
BRDA:575,86,1,0
BRDA:586,87,0,0
BRDA:586,87,1,0
BRDA:589,88,0,0
BRDA:589,88,1,0
BRDA:598,89,0,0
BRDA:598,89,1,0
BRDA:598,90,0,0
BRDA:598,90,1,0
BRF:187
BRH:0
end_of_record
TN:
SF:mission-control/dashboard/api/test-api.js
FN:93,(anonymous_0)
FN:107,(anonymous_1)
FN:127,(anonymous_2)
FNF:3
FNH:0
FNDA:0,(anonymous_0)
FNDA:0,(anonymous_1)
FNDA:0,(anonymous_2)
DA:5,0
DA:6,0
DA:7,0
DA:9,0
DA:12,0
DA:14,0
DA:21,0
DA:22,0
DA:29,0
DA:36,0
DA:37,0
DA:40,0
DA:41,0
DA:42,0
DA:45,0
DA:46,0
DA:47,0
DA:50,0
DA:51,0
DA:52,0
DA:53,0
DA:56,0
DA:57,0
DA:58,0
DA:61,0
DA:62,0
DA:63,0
DA:64,0
DA:65,0
DA:68,0
DA:69,0
DA:70,0
DA:71,0
DA:72,0
DA:75,0
DA:76,0
DA:77,0
DA:79,0
DA:82,0
DA:84,0
DA:90,0
DA:91,0
DA:92,0
DA:93,0
DA:96,0
DA:97,0
DA:98,0
DA:99,0
DA:103,0
DA:104,0
DA:105,0
DA:106,0
DA:107,0
DA:111,0
DA:112,0
DA:113,0
DA:114,0
DA:115,0
DA:116,0
DA:117,0
DA:120,0
DA:123,0
DA:126,0
DA:127,0
DA:128,0
DA:130,0
DA:137,0
DA:141,0
DA:147,0
DA:149,0
DA:150,0
DA:151,0
DA:152,0
DA:153,0
LF:74
LH:0
BRDA:97,0,0,0
BRDA:97,0,1,0
BRDA:104,1,0,0
BRDA:104,1,1,0
BRDA:114,2,0,0
BRDA:114,2,1,0
BRDA:133,3,0,0
BRDA:133,3,1,0
BRF:8
BRH:0
end_of_record
